                              1 
                              2 ;;; gcc for m6809 : Feb 15 2016 21:40:10
                              3 ;;; 4.3.6 (gcc6809)
                              4 ;;; ABI version 1
                              5 ;;; -mint8
                              6 	.module	game.c
                              7 	.globl _MAX_LEVELS
                              8 	.area .text
   0000                       9 _MAX_LEVELS:
   0000 05                   10 	.byte	5
                             11 	.globl _waveData
   0001                      12 _waveData:
   0001 01                   13 	.byte	1
   0002 01                   14 	.byte	1
   0003 01                   15 	.byte	1
   0004 00                   16 	.byte	0
   0005 9C                   17 	.byte	-100
   0006 32                   18 	.byte	50
   0007 00                   19 	.byte	0
   0008 FF                   20 	.byte	-1
   0009 0A                   21 	.byte	10
   000A 05                   22 	.byte	5
   000B 00 00                23 	.word	0	;skip space 28
   000D 00 00                24 	.word	0	;skip space 26
   000F 00 00                25 	.word	0	;skip space 24
   0011 00 00                26 	.word	0	;skip space 22
   0013 00 00                27 	.word	0	;skip space 20
   0015 00 00                28 	.word	0	;skip space 18
   0017 00 00                29 	.word	0	;skip space 16
   0019 00 00                30 	.word	0	;skip space 14
   001B 00 00                31 	.word	0	;skip space 12
   001D 00 00                32 	.word	0	;skip space 10
   001F 00 00                33 	.word	0	;skip space 8
   0021 00 00                34 	.word	0	;skip space 6
   0023 00 00                35 	.word	0	;skip space 4
   0025 00 00                36 	.word	0	;skip space 2
   0027 00 00                37 	.word	0	;skip space 72
   0029 00 00                38 	.word	0	;skip space 70
   002B 00 00                39 	.word	0	;skip space 68
   002D 00 00                40 	.word	0	;skip space 66
   002F 00 00                41 	.word	0	;skip space 64
   0031 00 00                42 	.word	0	;skip space 62
   0033 00 00                43 	.word	0	;skip space 60
   0035 00 00                44 	.word	0	;skip space 58
   0037 00 00                45 	.word	0	;skip space 56
   0039 00 00                46 	.word	0	;skip space 54
   003B 00 00                47 	.word	0	;skip space 52
   003D 00 00                48 	.word	0	;skip space 50
   003F 00 00                49 	.word	0	;skip space 48
   0041 00 00                50 	.word	0	;skip space 46
   0043 00 00                51 	.word	0	;skip space 44
   0045 00 00                52 	.word	0	;skip space 42
   0047 00 00                53 	.word	0	;skip space 40
   0049 00 00                54 	.word	0	;skip space 38
   004B 00 00                55 	.word	0	;skip space 36
   004D 00 00                56 	.word	0	;skip space 34
   004F 00 00                57 	.word	0	;skip space 32
   0051 00 00                58 	.word	0	;skip space 30
   0053 00 00                59 	.word	0	;skip space 28
   0055 00 00                60 	.word	0	;skip space 26
   0057 00 00                61 	.word	0	;skip space 24
   0059 00 00                62 	.word	0	;skip space 22
   005B 00 00                63 	.word	0	;skip space 20
   005D 00 00                64 	.word	0	;skip space 18
   005F 00 00                65 	.word	0	;skip space 16
   0061 00 00                66 	.word	0	;skip space 14
   0063 00 00                67 	.word	0	;skip space 12
   0065 00 00                68 	.word	0	;skip space 10
   0067 00 00                69 	.word	0	;skip space 8
   0069 00 00                70 	.word	0	;skip space 6
   006B 00 00                71 	.word	0	;skip space 4
   006D 00 00                72 	.word	0	;skip space 2
   006F 02                   73 	.byte	2
   0070 02                   74 	.byte	2
   0071 01                   75 	.byte	1
   0072 00                   76 	.byte	0
   0073 00                   77 	.byte	0
   0074 64                   78 	.byte	100
   0075 00                   79 	.byte	0
   0076 FF                   80 	.byte	-1
   0077 0A                   81 	.byte	10
   0078 05                   82 	.byte	5
   0079 00 00                83 	.word	0	;skip space 28
   007B 00 00                84 	.word	0	;skip space 26
   007D 00 00                85 	.word	0	;skip space 24
   007F 00 00                86 	.word	0	;skip space 22
   0081 00 00                87 	.word	0	;skip space 20
   0083 00 00                88 	.word	0	;skip space 18
   0085 00 00                89 	.word	0	;skip space 16
   0087 00 00                90 	.word	0	;skip space 14
   0089 00 00                91 	.word	0	;skip space 12
   008B 00 00                92 	.word	0	;skip space 10
   008D 00 00                93 	.word	0	;skip space 8
   008F 00 00                94 	.word	0	;skip space 6
   0091 00 00                95 	.word	0	;skip space 4
   0093 00 00                96 	.word	0	;skip space 2
   0095 02                   97 	.byte	2
   0096 00                   98 	.byte	0
   0097 64                   99 	.byte	100
   0098 64                  100 	.byte	100
   0099 FF                  101 	.byte	-1
   009A FF                  102 	.byte	-1
   009B 0A                  103 	.byte	10
   009C 05                  104 	.byte	5
   009D 00                  105 	.byte	0
   009E 9C                  106 	.byte	-100
   009F 9C                  107 	.byte	-100
   00A0 02                  108 	.byte	2
   00A1 02                  109 	.byte	2
   00A2 0A                  110 	.byte	10
   00A3 05                  111 	.byte	5
   00A4 00 00               112 	.word	0	;skip space 21
   00A6 00 00               113 	.word	0	;skip space 19
   00A8 00 00               114 	.word	0	;skip space 17
   00AA 00 00               115 	.word	0	;skip space 15
   00AC 00 00               116 	.word	0	;skip space 13
   00AE 00 00               117 	.word	0	;skip space 11
   00B0 00 00               118 	.word	0	;skip space 9
   00B2 00 00               119 	.word	0	;skip space 7
   00B4 00 00               120 	.word	0	;skip space 5
   00B6 00 00               121 	.word	0	;skip space 3
   00B8 00                  122 	.byte	0	;skip space
   00B9 00 00               123 	.word	0	;skip space 36
   00BB 00 00               124 	.word	0	;skip space 34
   00BD 00 00               125 	.word	0	;skip space 32
   00BF 00 00               126 	.word	0	;skip space 30
   00C1 00 00               127 	.word	0	;skip space 28
   00C3 00 00               128 	.word	0	;skip space 26
   00C5 00 00               129 	.word	0	;skip space 24
   00C7 00 00               130 	.word	0	;skip space 22
   00C9 00 00               131 	.word	0	;skip space 20
   00CB 00 00               132 	.word	0	;skip space 18
   00CD 00 00               133 	.word	0	;skip space 16
   00CF 00 00               134 	.word	0	;skip space 14
   00D1 00 00               135 	.word	0	;skip space 12
   00D3 00 00               136 	.word	0	;skip space 10
   00D5 00 00               137 	.word	0	;skip space 8
   00D7 00 00               138 	.word	0	;skip space 6
   00D9 00 00               139 	.word	0	;skip space 4
   00DB 00 00               140 	.word	0	;skip space 2
   00DD 03                  141 	.byte	3
   00DE 03                  142 	.byte	3
   00DF 03                  143 	.byte	3
   00E0 00                  144 	.byte	0
   00E1 64                  145 	.byte	100
   00E2 64                  146 	.byte	100
   00E3 FF                  147 	.byte	-1
   00E4 FF                  148 	.byte	-1
   00E5 0A                  149 	.byte	10
   00E6 05                  150 	.byte	5
   00E7 00                  151 	.byte	0
   00E8 00                  152 	.byte	0
   00E9 64                  153 	.byte	100
   00EA 00                  154 	.byte	0
   00EB FF                  155 	.byte	-1
   00EC 0A                  156 	.byte	10
   00ED 05                  157 	.byte	5
   00EE 00                  158 	.byte	0
   00EF 64                  159 	.byte	100
   00F0 00                  160 	.byte	0
   00F1 FF                  161 	.byte	-1
   00F2 00                  162 	.byte	0
   00F3 0A                  163 	.byte	10
   00F4 05                  164 	.byte	5
   00F5 00 00               165 	.word	0	;skip space 14
   00F7 00 00               166 	.word	0	;skip space 12
   00F9 00 00               167 	.word	0	;skip space 10
   00FB 00 00               168 	.word	0	;skip space 8
   00FD 00 00               169 	.word	0	;skip space 6
   00FF 00 00               170 	.word	0	;skip space 4
   0101 00 00               171 	.word	0	;skip space 2
   0103 01                  172 	.byte	1
   0104 00                  173 	.byte	0
   0105 64                  174 	.byte	100
   0106 64                  175 	.byte	100
   0107 FF                  176 	.byte	-1
   0108 FF                  177 	.byte	-1
   0109 0A                  178 	.byte	10
   010A 05                  179 	.byte	5
   010B 00 00               180 	.word	0	;skip space 28
   010D 00 00               181 	.word	0	;skip space 26
   010F 00 00               182 	.word	0	;skip space 24
   0111 00 00               183 	.word	0	;skip space 22
   0113 00 00               184 	.word	0	;skip space 20
   0115 00 00               185 	.word	0	;skip space 18
   0117 00 00               186 	.word	0	;skip space 16
   0119 00 00               187 	.word	0	;skip space 14
   011B 00 00               188 	.word	0	;skip space 12
   011D 00 00               189 	.word	0	;skip space 10
   011F 00 00               190 	.word	0	;skip space 8
   0121 00 00               191 	.word	0	;skip space 6
   0123 00 00               192 	.word	0	;skip space 4
   0125 00 00               193 	.word	0	;skip space 2
   0127 03                  194 	.byte	3
   0128 00                  195 	.byte	0
   0129 9C                  196 	.byte	-100
   012A 32                  197 	.byte	50
   012B 02                  198 	.byte	2
   012C FF                  199 	.byte	-1
   012D 32                  200 	.byte	50
   012E 05                  201 	.byte	5
   012F 00                  202 	.byte	0
   0130 64                  203 	.byte	100
   0131 00                  204 	.byte	0
   0132 FF                  205 	.byte	-1
   0133 00                  206 	.byte	0
   0134 32                  207 	.byte	50
   0135 05                  208 	.byte	5
   0136 00                  209 	.byte	0
   0137 9C                  210 	.byte	-100
   0138 00                  211 	.byte	0
   0139 01                  212 	.byte	1
   013A 00                  213 	.byte	0
   013B 32                  214 	.byte	50
   013C 05                  215 	.byte	5
   013D 00 00               216 	.word	0	;skip space 14
   013F 00 00               217 	.word	0	;skip space 12
   0141 00 00               218 	.word	0	;skip space 10
   0143 00 00               219 	.word	0	;skip space 8
   0145 00 00               220 	.word	0	;skip space 6
   0147 00 00               221 	.word	0	;skip space 4
   0149 00 00               222 	.word	0	;skip space 2
   014B 04                  223 	.byte	4
   014C 03                  224 	.byte	3
   014D 03                  225 	.byte	3
   014E 00                  226 	.byte	0
   014F 64                  227 	.byte	100
   0150 64                  228 	.byte	100
   0151 FF                  229 	.byte	-1
   0152 FF                  230 	.byte	-1
   0153 0A                  231 	.byte	10
   0154 05                  232 	.byte	5
   0155 00                  233 	.byte	0
   0156 00                  234 	.byte	0
   0157 64                  235 	.byte	100
   0158 00                  236 	.byte	0
   0159 FF                  237 	.byte	-1
   015A 0A                  238 	.byte	10
   015B 05                  239 	.byte	5
   015C 00                  240 	.byte	0
   015D 64                  241 	.byte	100
   015E 00                  242 	.byte	0
   015F FF                  243 	.byte	-1
   0160 00                  244 	.byte	0
   0161 0A                  245 	.byte	10
   0162 05                  246 	.byte	5
   0163 00 00               247 	.word	0	;skip space 14
   0165 00 00               248 	.word	0	;skip space 12
   0167 00 00               249 	.word	0	;skip space 10
   0169 00 00               250 	.word	0	;skip space 8
   016B 00 00               251 	.word	0	;skip space 6
   016D 00 00               252 	.word	0	;skip space 4
   016F 00 00               253 	.word	0	;skip space 2
   0171 04                  254 	.byte	4
   0172 00                  255 	.byte	0
   0173 64                  256 	.byte	100
   0174 64                  257 	.byte	100
   0175 FF                  258 	.byte	-1
   0176 FF                  259 	.byte	-1
   0177 0A                  260 	.byte	10
   0178 05                  261 	.byte	5
   0179 00                  262 	.byte	0
   017A 32                  263 	.byte	50
   017B 64                  264 	.byte	100
   017C FF                  265 	.byte	-1
   017D FE                  266 	.byte	-2
   017E 0A                  267 	.byte	10
   017F 05                  268 	.byte	5
   0180 00                  269 	.byte	0
   0181 00                  270 	.byte	0
   0182 64                  271 	.byte	100
   0183 00                  272 	.byte	0
   0184 FF                  273 	.byte	-1
   0185 0A                  274 	.byte	10
   0186 05                  275 	.byte	5
   0187 00                  276 	.byte	0
   0188 64                  277 	.byte	100
   0189 00                  278 	.byte	0
   018A FF                  279 	.byte	-1
   018B 00                  280 	.byte	0
   018C 0A                  281 	.byte	10
   018D 05                  282 	.byte	5
   018E 00 00               283 	.word	0	;skip space 7
   0190 00 00               284 	.word	0	;skip space 5
   0192 00 00               285 	.word	0	;skip space 3
   0194 00                  286 	.byte	0	;skip space
   0195 05                  287 	.byte	5
   0196 00                  288 	.byte	0
   0197 9C                  289 	.byte	-100
   0198 32                  290 	.byte	50
   0199 02                  291 	.byte	2
   019A FF                  292 	.byte	-1
   019B 32                  293 	.byte	50
   019C 0A                  294 	.byte	10
   019D 00                  295 	.byte	0
   019E 64                  296 	.byte	100
   019F 00                  297 	.byte	0
   01A0 FF                  298 	.byte	-1
   01A1 00                  299 	.byte	0
   01A2 32                  300 	.byte	50
   01A3 0A                  301 	.byte	10
   01A4 00                  302 	.byte	0
   01A5 9C                  303 	.byte	-100
   01A6 00                  304 	.byte	0
   01A7 01                  305 	.byte	1
   01A8 00                  306 	.byte	0
   01A9 32                  307 	.byte	50
   01AA 0A                  308 	.byte	10
   01AB 00                  309 	.byte	0
   01AC 64                  310 	.byte	100
   01AD 00                  311 	.byte	0
   01AE FE                  312 	.byte	-2
   01AF 00                  313 	.byte	0
   01B0 32                  314 	.byte	50
   01B1 0A                  315 	.byte	10
   01B2 00                  316 	.byte	0
   01B3 CE                  317 	.byte	-50
   01B4 9C                  318 	.byte	-100
   01B5 01                  319 	.byte	1
   01B6 02                  320 	.byte	2
   01B7 32                  321 	.byte	50
   01B8 0A                  322 	.byte	10
   01B9 05                  323 	.byte	5
   01BA 03                  324 	.byte	3
   01BB 04                  325 	.byte	4
   01BC 00                  326 	.byte	0
   01BD 9C                  327 	.byte	-100
   01BE 9C                  328 	.byte	-100
   01BF 01                  329 	.byte	1
   01C0 01                  330 	.byte	1
   01C1 0A                  331 	.byte	10
   01C2 05                  332 	.byte	5
   01C3 00                  333 	.byte	0
   01C4 9C                  334 	.byte	-100
   01C5 64                  335 	.byte	100
   01C6 01                  336 	.byte	1
   01C7 FF                  337 	.byte	-1
   01C8 0A                  338 	.byte	10
   01C9 05                  339 	.byte	5
   01CA 00                  340 	.byte	0
   01CB 64                  341 	.byte	100
   01CC 9C                  342 	.byte	-100
   01CD FF                  343 	.byte	-1
   01CE 01                  344 	.byte	1
   01CF 0A                  345 	.byte	10
   01D0 05                  346 	.byte	5
   01D1 00                  347 	.byte	0
   01D2 64                  348 	.byte	100
   01D3 64                  349 	.byte	100
   01D4 FF                  350 	.byte	-1
   01D5 FF                  351 	.byte	-1
   01D6 0A                  352 	.byte	10
   01D7 05                  353 	.byte	5
   01D8 00 00               354 	.word	0	;skip space 7
   01DA 00 00               355 	.word	0	;skip space 5
   01DC 00 00               356 	.word	0	;skip space 3
   01DE 00                  357 	.byte	0	;skip space
   01DF 04                  358 	.byte	4
   01E0 00                  359 	.byte	0
   01E1 00                  360 	.byte	0
   01E2 64                  361 	.byte	100
   01E3 00                  362 	.byte	0
   01E4 FF                  363 	.byte	-1
   01E5 0A                  364 	.byte	10
   01E6 05                  365 	.byte	5
   01E7 00                  366 	.byte	0
   01E8 00                  367 	.byte	0
   01E9 9C                  368 	.byte	-100
   01EA 00                  369 	.byte	0
   01EB 01                  370 	.byte	1
   01EC 0A                  371 	.byte	10
   01ED 05                  372 	.byte	5
   01EE 00                  373 	.byte	0
   01EF 64                  374 	.byte	100
   01F0 00                  375 	.byte	0
   01F1 FF                  376 	.byte	-1
   01F2 00                  377 	.byte	0
   01F3 0A                  378 	.byte	10
   01F4 05                  379 	.byte	5
   01F5 00                  380 	.byte	0
   01F6 9C                  381 	.byte	-100
   01F7 00                  382 	.byte	0
   01F8 01                  383 	.byte	1
   01F9 00                  384 	.byte	0
   01FA 0A                  385 	.byte	10
   01FB 05                  386 	.byte	5
   01FC 00 00               387 	.word	0	;skip space 7
   01FE 00 00               388 	.word	0	;skip space 5
   0200 00 00               389 	.word	0	;skip space 3
   0202 00                  390 	.byte	0	;skip space
   0203 04                  391 	.byte	4
   0204 00                  392 	.byte	0
   0205 CE                  393 	.byte	-50
   0206 9C                  394 	.byte	-100
   0207 01                  395 	.byte	1
   0208 02                  396 	.byte	2
   0209 32                  397 	.byte	50
   020A 05                  398 	.byte	5
   020B 00                  399 	.byte	0
   020C CE                  400 	.byte	-50
   020D 64                  401 	.byte	100
   020E 01                  402 	.byte	1
   020F FE                  403 	.byte	-2
   0210 32                  404 	.byte	50
   0211 05                  405 	.byte	5
   0212 00                  406 	.byte	0
   0213 32                  407 	.byte	50
   0214 9C                  408 	.byte	-100
   0215 FF                  409 	.byte	-1
   0216 02                  410 	.byte	2
   0217 32                  411 	.byte	50
   0218 05                  412 	.byte	5
   0219 00                  413 	.byte	0
   021A 32                  414 	.byte	50
   021B 64                  415 	.byte	100
   021C FF                  416 	.byte	-1
   021D FE                  417 	.byte	-2
   021E 32                  418 	.byte	50
   021F 05                  419 	.byte	5
   0220 00 00               420 	.word	0	;skip space 7
   0222 00 00               421 	.word	0	;skip space 5
   0224 00 00               422 	.word	0	;skip space 3
   0226 00                  423 	.byte	0	;skip space
                            424 	.globl _current_game
                            425 	.area .data
   0000                     426 _current_game:
   0000 00 00               427 	.word	0	;skip space 5
   0002 00 00               428 	.word	0	;skip space 3
   0004 00                  429 	.byte	0	;skip space
                            430 	.area .text
                            431 	.globl _game_init
   0227                     432 _game_init:
   0227 C6 01         [ 2]  433 	ldb	#1
   0229 F7 00 00      [ 5]  434 	stb	_Vec_Joy_Mux_1_X
   022C C6 03         [ 2]  435 	ldb	#3
   022E F7 00 00      [ 5]  436 	stb	_Vec_Joy_Mux_1_Y
   0231 7F 00 00      [ 7]  437 	clr	_Vec_Joy_Mux_2_X
   0234 7F 00 00      [ 7]  438 	clr	_Vec_Joy_Mux_2_Y
   0237 C6 03         [ 2]  439 	ldb	#3
   0239 F7 00 02      [ 5]  440 	stb	_current_game+2
   023C C6 02         [ 2]  441 	ldb	#2
   023E F7 00 03      [ 5]  442 	stb	_current_game+3
   0241 7F 00 04      [ 7]  443 	clr	_current_game+4
   0244 7F 00 00      [ 7]  444 	clr	_current_wave
   0247 7F 00 01      [ 7]  445 	clr	_current_wave+1
   024A 7F 00 00      [ 7]  446 	clr	_current_game
   024D 39            [ 5]  447 	rts
                            448 	.globl _game_play
   024E                     449 _game_play:
   024E 32 7F         [ 5]  450 	leas	-1,s
   0250 BD 00 00      [ 8]  451 	jsr	_init_player
   0253 BD 00 00      [ 8]  452 	jsr	_init_tower
   0256 BD 00 00      [ 8]  453 	jsr	_wave_init
   0259 BD 00 00      [ 8]  454 	jsr	_menu_init
   025C 7E 02 C3      [ 4]  455 	jmp	L4
   025F                     456 L10:
   025F F6 00 00      [ 5]  457 	ldb	_current_game
                            458 	; tstb	; optimization 6
   0262 26 4C         [ 3]  459 	bne	L5
   0264 BD 00 00      [ 8]  460 	jsr	_wave_play
   0267 F6 00 03      [ 5]  461 	ldb	_current_wave+3
   026A C1 02         [ 2]  462 	cmpb	#2	;cmpqi:
   026C 26 20         [ 3]  463 	bne	L6
   026E F6 00 00      [ 5]  464 	ldb	_current_wave
   0271 5C            [ 2]  465 	incb
   0272 F7 00 00      [ 5]  466 	stb	_current_wave
   0275 7F 00 01      [ 7]  467 	clr	_current_wave+1
   0278 C6 01         [ 2]  468 	ldb	#1
   027A F7 00 00      [ 5]  469 	stb	_current_game
   027D F6 00 00      [ 5]  470 	ldb	_current_wave
   0280 E7 E4         [ 4]  471 	stb	,s
   0282 F6 00 00      [ 5]  472 	ldb	_MAX_LEVELS
   0285 E1 E4         [ 4]  473 	cmpb	,s	;cmpqi:(R)
   0287 22 3A         [ 3]  474 	bhi	L4
   0289 BD 03 2E      [ 8]  475 	jsr	_game_win
   028C 20 35         [ 3]  476 	bra	L4
   028E                     477 L6:
   028E F6 00 03      [ 5]  478 	ldb	_current_wave+3
   0291 C1 03         [ 2]  479 	cmpb	#3	;cmpqi:
   0293 26 0C         [ 3]  480 	bne	L9
   0295 F6 00 01      [ 5]  481 	ldb	_current_wave+1
   0298 5C            [ 2]  482 	incb
   0299 F7 00 01      [ 5]  483 	stb	_current_wave+1
   029C BD 00 00      [ 8]  484 	jsr	_wave_init
   029F 20 22         [ 3]  485 	bra	L4
   02A1                     486 L9:
   02A1 F6 00 02      [ 5]  487 	ldb	_current_game+2
   02A4 5A            [ 2]  488 	decb
   02A5 F7 00 02      [ 5]  489 	stb	_current_game+2
                            490 	; ldb	_current_game+2	; optimization 5
   02A8 5D            [ 2]  491 	tstb
   02A9 26 18         [ 3]  492 	bne	L4
   02AB BD 02 D8      [ 8]  493 	jsr	_game_over
   02AE 20 13         [ 3]  494 	bra	L4
   02B0                     495 L5:
   02B0 F6 00 00      [ 5]  496 	ldb	_current_game
   02B3 C1 01         [ 2]  497 	cmpb	#1	;cmpqi:
   02B5 26 0C         [ 3]  498 	bne	L4
   02B7 7F 00 00      [ 7]  499 	clr	_Menu
   02BA BD 00 00      [ 8]  500 	jsr	_menu_open
   02BD 7F 00 00      [ 7]  501 	clr	_current_game
   02C0 BD 00 00      [ 8]  502 	jsr	_wave_init
   02C3                     503 L4:
   02C3 F6 00 02      [ 5]  504 	ldb	_current_game+2
                            505 	; tstb	; optimization 6
   02C6 10 26 FF 95   [ 6]  506 	lbne	L10
   02CA 32 61         [ 5]  507 	leas	1,s
   02CC 39            [ 5]  508 	rts
   02CD                     509 LC0:
   02CD 47                  510 	.byte	0x47
   02CE 41                  511 	.byte	0x41
   02CF 4D                  512 	.byte	0x4D
   02D0 45                  513 	.byte	0x45
   02D1 20                  514 	.byte	0x20
   02D2 4F                  515 	.byte	0x4F
   02D3 56                  516 	.byte	0x56
   02D4 45                  517 	.byte	0x45
   02D5 52                  518 	.byte	0x52
   02D6 80                  519 	.byte	0x80
   02D7 00                  520 	.byte	0x00
                            521 	.globl _game_over
   02D8                     522 _game_over:
   02D8 34 20         [ 6]  523 	pshs	y
   02DA 32 77         [ 5]  524 	leas	-9,s
   02DC 30 E4         [ 4]  525 	leax	,s
   02DE BD 00 00      [ 8]  526 	jsr	___Clear_Score
   02E1 F6 00 04      [ 5]  527 	ldb	_current_game+4
   02E4 E7 68         [ 5]  528 	stb	8,s
   02E6 30 E4         [ 4]  529 	leax	,s
   02E8 E6 68         [ 5]  530 	ldb	8,s
   02EA BD 00 00      [ 8]  531 	jsr	__Add_Score_a
   02ED 31 E4         [ 4]  532 	leay	,s
   02EF 8E 00 00      [ 3]  533 	ldx	#_Vec_High_Score
   02F2 34 10         [ 6]  534 	pshs	x
   02F4 30 A4         [ 4]  535 	leax	,y
   02F6 BD 00 00      [ 8]  536 	jsr	__New_High_Score
   02F9 32 62         [ 5]  537 	leas	2,s
   02FB C6 96         [ 2]  538 	ldb	#-106
   02FD E7 67         [ 5]  539 	stb	7,s
   02FF                     540 L14:
   02FF BD 00 00      [ 8]  541 	jsr	_Sync
   0302 BD 00 00      [ 8]  542 	jsr	___Intensity_5F
   0305 C6 C0         [ 2]  543 	ldb	#-64
   0307 E7 E2         [ 6]  544 	stb	,-s
   0309 8E 02 CD      [ 3]  545 	ldx	#LC0
   030C 5F            [ 2]  546 	clrb
   030D BD 00 00      [ 8]  547 	jsr	_print_string
   0310 32 61         [ 5]  548 	leas	1,s
   0312 BD 00 00      [ 8]  549 	jsr	___Read_Btns
   0315 6A 67         [ 7]  550 	dec	7,s
                            551 	; tst	7,s	; optimization 1
   0317 27 08         [ 3]  552 	beq	L15
   0319 F6 00 00      [ 5]  553 	ldb	_Vec_Buttons
   031C C4 08         [ 2]  554 	andb	#8
   031E 5D            [ 2]  555 	tstb
   031F 27 DE         [ 3]  556 	beq	L14
   0321                     557 L15:
   0321 32 69         [ 5]  558 	leas	9,s
   0323 35 A0         [ 7]  559 	puls	y,pc
   0325                     560 LC1:
   0325 59                  561 	.byte	0x59
   0326 4F                  562 	.byte	0x4F
   0327 55                  563 	.byte	0x55
   0328 20                  564 	.byte	0x20
   0329 57                  565 	.byte	0x57
   032A 49                  566 	.byte	0x49
   032B 4E                  567 	.byte	0x4E
   032C 80                  568 	.byte	0x80
   032D 00                  569 	.byte	0x00
                            570 	.globl _game_win
   032E                     571 _game_win:
   032E 34 20         [ 6]  572 	pshs	y
   0330 32 77         [ 5]  573 	leas	-9,s
   0332 30 E4         [ 4]  574 	leax	,s
   0334 BD 00 00      [ 8]  575 	jsr	___Clear_Score
   0337 F6 00 04      [ 5]  576 	ldb	_current_game+4
   033A E7 68         [ 5]  577 	stb	8,s
   033C 30 E4         [ 4]  578 	leax	,s
   033E E6 68         [ 5]  579 	ldb	8,s
   0340 BD 00 00      [ 8]  580 	jsr	__Add_Score_a
   0343 31 E4         [ 4]  581 	leay	,s
   0345 8E 00 00      [ 3]  582 	ldx	#_Vec_High_Score
   0348 34 10         [ 6]  583 	pshs	x
   034A 30 A4         [ 4]  584 	leax	,y
   034C BD 00 00      [ 8]  585 	jsr	__New_High_Score
   034F 32 62         [ 5]  586 	leas	2,s
   0351 C6 96         [ 2]  587 	ldb	#-106
   0353 E7 67         [ 5]  588 	stb	7,s
   0355                     589 L18:
   0355 BD 00 00      [ 8]  590 	jsr	_Sync
   0358 BD 00 00      [ 8]  591 	jsr	___Intensity_5F
   035B C6 C0         [ 2]  592 	ldb	#-64
   035D E7 E2         [ 6]  593 	stb	,-s
   035F 8E 03 25      [ 3]  594 	ldx	#LC1
   0362 5F            [ 2]  595 	clrb
   0363 BD 00 00      [ 8]  596 	jsr	_print_string
   0366 32 61         [ 5]  597 	leas	1,s
   0368 BD 00 00      [ 8]  598 	jsr	___Read_Btns
   036B 6A 67         [ 7]  599 	dec	7,s
                            600 	; tst	7,s	; optimization 1
   036D 27 08         [ 3]  601 	beq	L19
   036F F6 00 00      [ 5]  602 	ldb	_Vec_Buttons
   0372 C4 08         [ 2]  603 	andb	#8
   0374 5D            [ 2]  604 	tstb
   0375 27 DE         [ 3]  605 	beq	L18
   0377                     606 L19:
   0377 32 69         [ 5]  607 	leas	9,s
   0379 35 A0         [ 7]  608 	puls	y,pc
                            609 	.globl _game
   037B                     610 _game:
   037B 32 7F         [ 5]  611 	leas	-1,s
   037D C6 01         [ 2]  612 	ldb	#1
   037F E7 E2         [ 6]  613 	stb	,-s
   0381 C6 02         [ 2]  614 	ldb	#2
   0383 BD 00 00      [ 8]  615 	jsr	__Select_Game
   0386 32 61         [ 5]  616 	leas	1,s
   0388 F6 00 00      [ 5]  617 	ldb	_Vec_Num_Game
   038B F7 00 01      [ 5]  618 	stb	_current_game+1
   038E F6 00 00      [ 5]  619 	ldb	_Vec_Btn_State
   0391 C4 08         [ 2]  620 	andb	#8
   0393 5D            [ 2]  621 	tstb
   0394 27 0A         [ 3]  622 	beq	L21
   0396 BD 02 27      [ 8]  623 	jsr	_game_init
   0399 BD 02 4E      [ 8]  624 	jsr	_game_play
   039C 6F E4         [ 6]  625 	clr	,s
   039E 20 04         [ 3]  626 	bra	L22
   03A0                     627 L21:
   03A0 C6 FF         [ 2]  628 	ldb	#-1
   03A2 E7 E4         [ 4]  629 	stb	,s
   03A4                     630 L22:
   03A4 E6 E4         [ 4]  631 	ldb	,s
   03A6 32 61         [ 5]  632 	leas	1,s
   03A8 39            [ 5]  633 	rts
                            634 	.area .bss
                            635 	.globl	_bullets
   0000                     636 _bullets:	.blkb	60
ASxxxx Assembler V05.00  (Motorola 6809), page 1.
Hexidecimal [16-Bits]

Symbol Table

    .__.$$$.       =   2710 L   |     .__.ABS.       =   0000 G
    .__.CPU.       =   0000 L   |     .__.H$L.       =   0001 L
  2 L10                025F R   |   2 L14                02FF R
  2 L15                0321 R   |   2 L18                0355 R
  2 L19                0377 R   |   2 L21                03A0 R
  2 L22                03A4 R   |   2 L4                 02C3 R
  2 L5                 02B0 R   |   2 L6                 028E R
  2 L9                 02A1 R   |   2 LC0                02CD R
  2 LC1                0325 R   |   2 _MAX_LEVELS        0000 GR
    _Menu              **** GX  |     _Sync              **** GX
    _Vec_Btn_State     **** GX  |     _Vec_Buttons       **** GX
    _Vec_High_Scor     **** GX  |     _Vec_Joy_Mux_1     **** GX
    _Vec_Joy_Mux_1     **** GX  |     _Vec_Joy_Mux_2     **** GX
    _Vec_Joy_Mux_2     **** GX  |     _Vec_Num_Game      **** GX
    __Add_Score_a      **** GX  |     __New_High_Sco     **** GX
    __Select_Game      **** GX  |     ___Clear_Score     **** GX
    ___Intensity_5     **** GX  |     ___Read_Btns       **** GX
  4 _bullets           0000 GR  |   3 _current_game      0000 GR
    _current_wave      **** GX  |   2 _game              037B GR
  2 _game_init         0227 GR  |   2 _game_over         02D8 GR
  2 _game_play         024E GR  |   2 _game_win          032E GR
    _init_player       **** GX  |     _init_tower        **** GX
    _menu_init         **** GX  |     _menu_open         **** GX
    _print_string      **** GX  |   2 _waveData          0001 GR
    _wave_init         **** GX  |     _wave_play         **** GX

ASxxxx Assembler V05.00  (Motorola 6809), page 2.
Hexidecimal [16-Bits]

Area Table

[_CSEG]
   0 _CODE            size    0   flags C080
   2 .text            size  3A9   flags  100
   3 .data            size    5   flags  100
   4 .bss             size   3C   flags    0
[_DSEG]
   1 _DATA            size    0   flags C0C0

