                              1 
                              2 ;;; gcc for m6809 : Feb 15 2016 21:40:10
                              3 ;;; 4.3.6 (gcc6809)
                              4 ;;; ABI version 1
                              5 ;;; -mint8
                              6 	.module	menu.c
                              7 	.globl _towercost
                              8 	.area .text
   0000                       9 _towercost:
   0000 00 00                10 	.word	0
   0002 00 00                11 	.word	0
   0004 00 00                12 	.word	0
   0006 00 14                13 	.word	20
   0008 00 14                14 	.word	20
   000A 00 1E                15 	.word	30
   000C 00 32                16 	.word	50
   000E 00 32                17 	.word	50
   0010 00 3C                18 	.word	60
   0012 00 64                19 	.word	100
   0014 00 96                20 	.word	150
   0016 00 C8                21 	.word	200
   0018 00 C8                22 	.word	200
   001A 00 FA                23 	.word	250
   001C 01 2C                24 	.word	300
   001E 01 F4                25 	.word	500
   0020 03 20                26 	.word	800
   0022 03 84                27 	.word	900
                             28 	.globl _vectors_tower_lvl_1
   0024                      29 _vectors_tower_lvl_1:
   0024 00                   30 	.byte	0
   0025 10                   31 	.byte	16
   0026 00                   32 	.byte	0
   0027 FF                   33 	.byte	-1
   0028 00                   34 	.byte	0
   0029 10                   35 	.byte	16
   002A FF                   36 	.byte	-1
   002B E0                   37 	.byte	-32
   002C 00                   38 	.byte	0
   002D 00                   39 	.byte	0
   002E 20                   40 	.byte	32
   002F 00                   41 	.byte	0
   0030 FF                   42 	.byte	-1
   0031 F0                   43 	.byte	-16
   0032 10                   44 	.byte	16
   0033 FF                   45 	.byte	-1
   0034 F0                   46 	.byte	-16
   0035 F0                   47 	.byte	-16
   0036 FF                   48 	.byte	-1
   0037 00                   49 	.byte	0
   0038 E0                   50 	.byte	-32
   0039 FF                   51 	.byte	-1
   003A 20                   52 	.byte	32
   003B 00                   53 	.byte	0
   003C FF                   54 	.byte	-1
   003D 00                   55 	.byte	0
   003E 10                   56 	.byte	16
   003F 01                   57 	.byte	1
   0040 00                   58 	.byte	0
   0041 00                   59 	.byte	0
                             60 	.globl _vectors_tower_lvl_2
   0042                      61 _vectors_tower_lvl_2:
   0042 00                   62 	.byte	0
   0043 10                   63 	.byte	16
   0044 00                   64 	.byte	0
   0045 FF                   65 	.byte	-1
   0046 00                   66 	.byte	0
   0047 10                   67 	.byte	16
   0048 FF                   68 	.byte	-1
   0049 E0                   69 	.byte	-32
   004A 00                   70 	.byte	0
   004B 00                   71 	.byte	0
   004C 20                   72 	.byte	32
   004D 00                   73 	.byte	0
   004E FF                   74 	.byte	-1
   004F F0                   75 	.byte	-16
   0050 10                   76 	.byte	16
   0051 FF                   77 	.byte	-1
   0052 F0                   78 	.byte	-16
   0053 F0                   79 	.byte	-16
   0054 FF                   80 	.byte	-1
   0055 00                   81 	.byte	0
   0056 E0                   82 	.byte	-32
   0057 FF                   83 	.byte	-1
   0058 20                   84 	.byte	32
   0059 00                   85 	.byte	0
   005A 00                   86 	.byte	0
   005B E0                   87 	.byte	-32
   005C 00                   88 	.byte	0
   005D FF                   89 	.byte	-1
   005E 10                   90 	.byte	16
   005F F0                   91 	.byte	-16
   0060 FF                   92 	.byte	-1
   0061 10                   93 	.byte	16
   0062 10                   94 	.byte	16
   0063 FF                   95 	.byte	-1
   0064 00                   96 	.byte	0
   0065 10                   97 	.byte	16
   0066 01                   98 	.byte	1
   0067 00                   99 	.byte	0
   0068 00                  100 	.byte	0
                            101 	.globl _vectors_tower_lvl_3
   0069                     102 _vectors_tower_lvl_3:
   0069 00                  103 	.byte	0
   006A 20                  104 	.byte	32
   006B 00                  105 	.byte	0
   006C FF                  106 	.byte	-1
   006D F0                  107 	.byte	-16
   006E 10                  108 	.byte	16
   006F FF                  109 	.byte	-1
   0070 00                  110 	.byte	0
   0071 E0                  111 	.byte	-32
   0072 00                  112 	.byte	0
   0073 00                  113 	.byte	0
   0074 20                  114 	.byte	32
   0075 FF                  115 	.byte	-1
   0076 E0                  116 	.byte	-32
   0077 00                  117 	.byte	0
   0078 00                  118 	.byte	0
   0079 20                  119 	.byte	32
   007A 00                  120 	.byte	0
   007B FF                  121 	.byte	-1
   007C F0                  122 	.byte	-16
   007D 10                  123 	.byte	16
   007E FF                  124 	.byte	-1
   007F F0                  125 	.byte	-16
   0080 F0                  126 	.byte	-16
   0081 FF                  127 	.byte	-1
   0082 00                  128 	.byte	0
   0083 E0                  129 	.byte	-32
   0084 FF                  130 	.byte	-1
   0085 20                  131 	.byte	32
   0086 00                  132 	.byte	0
   0087 00                  133 	.byte	0
   0088 E0                  134 	.byte	-32
   0089 00                  135 	.byte	0
   008A FF                  136 	.byte	-1
   008B 10                  137 	.byte	16
   008C F0                  138 	.byte	-16
   008D FF                  139 	.byte	-1
   008E 10                  140 	.byte	16
   008F 10                  141 	.byte	16
   0090 FF                  142 	.byte	-1
   0091 10                  143 	.byte	16
   0092 10                  144 	.byte	16
   0093 01                  145 	.byte	1
   0094 00                  146 	.byte	0
   0095 00                  147 	.byte	0
                            148 	.globl _vectors_tower_lvl_4
   0096                     149 _vectors_tower_lvl_4:
   0096 00                  150 	.byte	0
   0097 20                  151 	.byte	32
   0098 00                  152 	.byte	0
   0099 FF                  153 	.byte	-1
   009A F0                  154 	.byte	-16
   009B 10                  155 	.byte	16
   009C FF                  156 	.byte	-1
   009D 00                  157 	.byte	0
   009E E0                  158 	.byte	-32
   009F 00                  159 	.byte	0
   00A0 00                  160 	.byte	0
   00A1 20                  161 	.byte	32
   00A2 FF                  162 	.byte	-1
   00A3 E0                  163 	.byte	-32
   00A4 00                  164 	.byte	0
   00A5 00                  165 	.byte	0
   00A6 20                  166 	.byte	32
   00A7 00                  167 	.byte	0
   00A8 FF                  168 	.byte	-1
   00A9 F0                  169 	.byte	-16
   00AA 10                  170 	.byte	16
   00AB FF                  171 	.byte	-1
   00AC F0                  172 	.byte	-16
   00AD F0                  173 	.byte	-16
   00AE FF                  174 	.byte	-1
   00AF 00                  175 	.byte	0
   00B0 E0                  176 	.byte	-32
   00B1 00                  177 	.byte	0
   00B2 00                  178 	.byte	0
   00B3 20                  179 	.byte	32
   00B4 FF                  180 	.byte	-1
   00B5 F0                  181 	.byte	-16
   00B6 F0                  182 	.byte	-16
   00B7 FF                  183 	.byte	-1
   00B8 10                  184 	.byte	16
   00B9 F0                  185 	.byte	-16
   00BA FF                  186 	.byte	-1
   00BB 20                  187 	.byte	32
   00BC 00                  188 	.byte	0
   00BD 00                  189 	.byte	0
   00BE E0                  190 	.byte	-32
   00BF 00                  191 	.byte	0
   00C0 FF                  192 	.byte	-1
   00C1 10                  193 	.byte	16
   00C2 F0                  194 	.byte	-16
   00C3 FF                  195 	.byte	-1
   00C4 10                  196 	.byte	16
   00C5 10                  197 	.byte	16
   00C6 FF                  198 	.byte	-1
   00C7 10                  199 	.byte	16
   00C8 10                  200 	.byte	16
   00C9 01                  201 	.byte	1
   00CA 00                  202 	.byte	0
   00CB 00                  203 	.byte	0
                            204 	.globl _vectors_tower_lvl_5
   00CC                     205 _vectors_tower_lvl_5:
   00CC 00                  206 	.byte	0
   00CD 28                  207 	.byte	40
   00CE 00                  208 	.byte	0
   00CF FF                  209 	.byte	-1
   00D0 00                  210 	.byte	0
   00D1 18                  211 	.byte	24
   00D2 FF                  212 	.byte	-1
   00D3 D8                  213 	.byte	-40
   00D4 18                  214 	.byte	24
   00D5 FF                  215 	.byte	-1
   00D6 D8                  216 	.byte	-40
   00D7 E8                  217 	.byte	-24
   00D8 FF                  218 	.byte	-1
   00D9 00                  219 	.byte	0
   00DA D0                  220 	.byte	-48
   00DB FF                  221 	.byte	-1
   00DC 28                  222 	.byte	40
   00DD E8                  223 	.byte	-24
   00DE FF                  224 	.byte	-1
   00DF 28                  225 	.byte	40
   00E0 18                  226 	.byte	24
   00E1 FF                  227 	.byte	-1
   00E2 00                  228 	.byte	0
   00E3 18                  229 	.byte	24
   00E4 01                  230 	.byte	1
   00E5 00                  231 	.byte	0
   00E6 00                  232 	.byte	0
                            233 	.globl _vectors_tower_lvl_6
   00E7                     234 _vectors_tower_lvl_6:
   00E7 00                  235 	.byte	0
   00E8 50                  236 	.byte	80
   00E9 00                  237 	.byte	0
   00EA FF                  238 	.byte	-1
   00EB 00                  239 	.byte	0
   00EC 30                  240 	.byte	48
   00ED FF                  241 	.byte	-1
   00EE B0                  242 	.byte	-80
   00EF 30                  243 	.byte	48
   00F0 FF                  244 	.byte	-1
   00F1 B0                  245 	.byte	-80
   00F2 D0                  246 	.byte	-48
   00F3 FF                  247 	.byte	-1
   00F4 00                  248 	.byte	0
   00F5 A0                  249 	.byte	-96
   00F6 FF                  250 	.byte	-1
   00F7 50                  251 	.byte	80
   00F8 D0                  252 	.byte	-48
   00F9 FF                  253 	.byte	-1
   00FA 50                  254 	.byte	80
   00FB 30                  255 	.byte	48
   00FC FF                  256 	.byte	-1
   00FD 00                  257 	.byte	0
   00FE 30                  258 	.byte	48
   00FF 01                  259 	.byte	1
   0100 00                  260 	.byte	0
   0101 00                  261 	.byte	0
                            262 	.globl _Menu
                            263 	.area .data
   0000                     264 _Menu:
   0000 01                  265 	.byte	1
   0001 00                  266 	.byte	0
                            267 	.area .text
                            268 	.globl _menu_init
   0102                     269 _menu_init:
   0102 C6 01         [ 2]  270 	ldb	#1
   0104 F7 00 00      [ 5]  271 	stb	_Menu
   0107 7F 00 01      [ 7]  272 	clr	_Menu+1
   010A 39            [ 5]  273 	rts
                            274 	.area .data
   0002                     275 _limit.3290:
   0002 03                  276 	.byte	3
                            277 	.area .text
                            278 	.globl _menu_handle
   010B                     279 _menu_handle:
   010B 34 60         [ 7]  280 	pshs	y,u
   010D 32 E8 EC      [ 5]  281 	leas	-20,s
   0110 F6 00 02      [ 5]  282 	ldb	_limit.3290
                            283 	; tstb	; optimization 6
   0113 27 0A         [ 3]  284 	beq	L4
   0115 F6 00 02      [ 5]  285 	ldb	_limit.3290
   0118 5A            [ 2]  286 	decb
   0119 F7 00 02      [ 5]  287 	stb	_limit.3290
   011C 7E 04 38      [ 4]  288 	jmp	L53
   011F                     289 L4:
   011F C6 05         [ 2]  290 	ldb	#5
   0121 F7 00 02      [ 5]  291 	stb	_limit.3290
   0124 BD 00 00      [ 8]  292 	jsr	___Joy_Digital
   0127 F6 00 00      [ 5]  293 	ldb	_Vec_Joy_1_X
   012A 6F E8 10      [ 7]  294 	clr	16,s
   012D 5D            [ 2]  295 	tstb
   012E 2C 05         [ 3]  296 	bge	L6
   0130 C6 01         [ 2]  297 	ldb	#1
   0132 E7 E8 10      [ 5]  298 	stb	16,s
   0135                     299 L6:
   0135 E6 E8 10      [ 5]  300 	ldb	16,s
                            301 	; tstb	; optimization 6
   0138 27 08         [ 3]  302 	beq	L7
   013A C6 01         [ 2]  303 	ldb	#1
   013C F7 00 00      [ 5]  304 	stb	_Menu
   013F 7E 04 38      [ 4]  305 	jmp	L53
   0142                     306 L7:
   0142 F6 00 00      [ 5]  307 	ldb	_Vec_Joy_1_X
   0145 6F E8 11      [ 7]  308 	clr	17,s
   0148 5D            [ 2]  309 	tstb
   0149 2F 05         [ 3]  310 	ble	L8
   014B C6 01         [ 2]  311 	ldb	#1
   014D E7 E8 11      [ 5]  312 	stb	17,s
   0150                     313 L8:
   0150 E6 E8 11      [ 5]  314 	ldb	17,s
                            315 	; tstb	; optimization 6
   0153 10 27 02 50   [ 6]  316 	lbeq	L9
   0157 F6 00 01      [ 5]  317 	ldb	_Menu+1
                            318 	; tstb	; optimization 6
   015A 26 36         [ 3]  319 	bne	L10
   015C F6 00 04      [ 5]  320 	ldb	_player+4
   015F C1 02         [ 2]  321 	cmpb	#2	;cmpqi:
   0161 10 26 02 D3   [ 6]  322 	lbne	L53
   0165 F6 00 00      [ 5]  323 	ldb	_player
   0168 E7 6A         [ 5]  324 	stb	10,s
                            325 	; ldb	10,s	; optimization 5
   016A C1 01         [ 2]  326 	cmpb	#1	;cmpqi:
   016C 27 16         [ 3]  327 	beq	L14
   016E E6 6A         [ 5]  328 	ldb	10,s
   0170 C1 01         [ 2]  329 	cmpb	#1	;cmpqi:
   0172 25 08         [ 3]  330 	blo	L13
                            331 	; ldb	10,s; optimization 8
   0174 C1 02         [ 2]  332 	cmpb	#2	;cmpqi:
   0176 10 27 02 BE   [ 6]  333 	lbeq	L53
   017A 20 10         [ 3]  334 	bra	L54
   017C                     335 L13:
   017C C6 01         [ 2]  336 	ldb	#1
   017E F7 00 00      [ 5]  337 	stb	_player
   0181 7E 04 38      [ 4]  338 	jmp	L53
   0184                     339 L14:
   0184 C6 02         [ 2]  340 	ldb	#2
   0186 F7 00 00      [ 5]  341 	stb	_player
   0189 7E 04 38      [ 4]  342 	jmp	L53
   018C                     343 L54:
   018C 7F 00 00      [ 7]  344 	clr	_player
   018F 7E 04 38      [ 4]  345 	jmp	L53
   0192                     346 L10:
   0192 F6 00 01      [ 5]  347 	ldb	_Menu+1
   0195 C1 01         [ 2]  348 	cmpb	#1	;cmpqi:
   0197 26 2D         [ 3]  349 	bne	L17
   0199 F6 00 04      [ 5]  350 	ldb	_player+4
   019C E7 6B         [ 5]  351 	stb	11,s
                            352 	; ldb	11,s	; optimization 5
   019E C1 01         [ 2]  353 	cmpb	#1	;cmpqi:
   01A0 27 16         [ 3]  354 	beq	L20
   01A2 E6 6B         [ 5]  355 	ldb	11,s
   01A4 C1 01         [ 2]  356 	cmpb	#1	;cmpqi:
   01A6 25 08         [ 3]  357 	blo	L19
                            358 	; ldb	11,s; optimization 8
   01A8 C1 02         [ 2]  359 	cmpb	#2	;cmpqi:
   01AA 10 27 02 8A   [ 6]  360 	lbeq	L53
   01AE 20 10         [ 3]  361 	bra	L55
   01B0                     362 L19:
   01B0 C6 01         [ 2]  363 	ldb	#1
   01B2 F7 00 04      [ 5]  364 	stb	_player+4
   01B5 7E 04 38      [ 4]  365 	jmp	L53
   01B8                     366 L20:
   01B8 C6 02         [ 2]  367 	ldb	#2
   01BA F7 00 04      [ 5]  368 	stb	_player+4
   01BD 7E 04 38      [ 4]  369 	jmp	L53
   01C0                     370 L55:
   01C0 7F 00 04      [ 7]  371 	clr	_player+4
   01C3 7E 04 38      [ 4]  372 	jmp	L53
   01C6                     373 L17:
   01C6 F6 00 01      [ 5]  374 	ldb	_Menu+1
   01C9 C1 02         [ 2]  375 	cmpb	#2	;cmpqi:
   01CB 10 26 00 E7   [ 6]  376 	lbne	L23
   01CF F6 00 02      [ 5]  377 	ldb	_tower+2
   01D2 C1 02         [ 2]  378 	cmpb	#2	;cmpqi:
   01D4 10 26 02 60   [ 6]  379 	lbne	L53
   01D8 F6 00 01      [ 5]  380 	ldb	_tower+1
   01DB E7 6C         [ 5]  381 	stb	12,s
                            382 	; ldb	12,s	; optimization 5
   01DD C1 04         [ 2]  383 	cmpb	#4	;cmpqi:
   01DF 10 22 02 55   [ 6]  384 	lbhi	L53
   01E3 E6 6C         [ 5]  385 	ldb	12,s
   01E5 4F            [ 2]  386 	clra		;zero_extendqihi: R:b -> R:d
   01E6 ED E4         [ 5]  387 	std	,s
                            388 	; ldd	,s	; optimization 5
   01E8 58            [ 2]  389 	aslb
   01E9 49            [ 2]  390 	rola
   01EA CE 01 F3      [ 3]  391 	ldu	#L30
   01ED 30 CB         [ 8]  392 	leax	d,u
   01EF AE 84         [ 5]  393 	ldx	,x
   01F1 6E 84         [ 3]  394 	jmp	,x
   01F3                     395 L30:
   01F3 01 FD               396 	.word L25
   01F5 02 22               397 	.word L26
   01F7 02 47               398 	.word L27
   01F9 02 6C               399 	.word L28
   01FB 02 91               400 	.word L29
   01FD                     401 L25:
   01FD 10 BE 00 02   [ 7]  402 	ldy	_player+2
   0201 BE 00 06      [ 6]  403 	ldx	_towercost+6
   0204 34 10         [ 6]  404 	pshs	x	;cmphi: R:x with R:y
   0206 10 AC E1      [10]  405 	cmpy	,s++	;cmphi:
   0209 10 23 02 2B   [ 6]  406 	lbls	L53
   020D FC 00 02      [ 6]  407 	ldd	_player+2
   0210 BE 00 06      [ 6]  408 	ldx	_towercost+6
   0213 34 10         [ 6]  409 	pshs	x	;subhi: R:d -= R:x
   0215 A3 E1         [ 9]  410 	subd	,s++
   0217 FD 00 02      [ 6]  411 	std	_player+2
   021A C6 01         [ 2]  412 	ldb	#1
   021C BD 00 00      [ 8]  413 	jsr	_set_tower
   021F 7E 04 38      [ 4]  414 	jmp	L53
   0222                     415 L26:
   0222 10 BE 00 02   [ 7]  416 	ldy	_player+2
   0226 BE 00 0C      [ 6]  417 	ldx	_towercost+12
   0229 34 10         [ 6]  418 	pshs	x	;cmphi: R:x with R:y
   022B 10 AC E1      [10]  419 	cmpy	,s++	;cmphi:
   022E 10 23 02 06   [ 6]  420 	lbls	L53
   0232 FC 00 02      [ 6]  421 	ldd	_player+2
   0235 BE 00 06      [ 6]  422 	ldx	_towercost+6
   0238 34 10         [ 6]  423 	pshs	x	;subhi: R:d -= R:x
   023A A3 E1         [ 9]  424 	subd	,s++
   023C FD 00 02      [ 6]  425 	std	_player+2
   023F C6 02         [ 2]  426 	ldb	#2
   0241 BD 00 00      [ 8]  427 	jsr	_set_tower
   0244 7E 04 38      [ 4]  428 	jmp	L53
   0247                     429 L27:
   0247 10 BE 00 02   [ 7]  430 	ldy	_player+2
   024B BE 00 12      [ 6]  431 	ldx	_towercost+18
   024E 34 10         [ 6]  432 	pshs	x	;cmphi: R:x with R:y
   0250 10 AC E1      [10]  433 	cmpy	,s++	;cmphi:
   0253 10 23 01 E1   [ 6]  434 	lbls	L53
   0257 FC 00 02      [ 6]  435 	ldd	_player+2
   025A BE 00 06      [ 6]  436 	ldx	_towercost+6
   025D 34 10         [ 6]  437 	pshs	x	;subhi: R:d -= R:x
   025F A3 E1         [ 9]  438 	subd	,s++
   0261 FD 00 02      [ 6]  439 	std	_player+2
   0264 C6 03         [ 2]  440 	ldb	#3
   0266 BD 00 00      [ 8]  441 	jsr	_set_tower
   0269 7E 04 38      [ 4]  442 	jmp	L53
   026C                     443 L28:
   026C 10 BE 00 02   [ 7]  444 	ldy	_player+2
   0270 BE 00 18      [ 6]  445 	ldx	_towercost+24
   0273 34 10         [ 6]  446 	pshs	x	;cmphi: R:x with R:y
   0275 10 AC E1      [10]  447 	cmpy	,s++	;cmphi:
   0278 10 23 01 BC   [ 6]  448 	lbls	L53
   027C FC 00 02      [ 6]  449 	ldd	_player+2
   027F BE 00 06      [ 6]  450 	ldx	_towercost+6
   0282 34 10         [ 6]  451 	pshs	x	;subhi: R:d -= R:x
   0284 A3 E1         [ 9]  452 	subd	,s++
   0286 FD 00 02      [ 6]  453 	std	_player+2
   0289 C6 04         [ 2]  454 	ldb	#4
   028B BD 00 00      [ 8]  455 	jsr	_set_tower
   028E 7E 04 38      [ 4]  456 	jmp	L53
   0291                     457 L29:
   0291 10 BE 00 02   [ 7]  458 	ldy	_player+2
   0295 BE 00 1E      [ 6]  459 	ldx	_towercost+30
   0298 34 10         [ 6]  460 	pshs	x	;cmphi: R:x with R:y
   029A 10 AC E1      [10]  461 	cmpy	,s++	;cmphi:
   029D 10 23 01 97   [ 6]  462 	lbls	L53
   02A1 FC 00 02      [ 6]  463 	ldd	_player+2
   02A4 BE 00 06      [ 6]  464 	ldx	_towercost+6
   02A7 34 10         [ 6]  465 	pshs	x	;subhi: R:d -= R:x
   02A9 A3 E1         [ 9]  466 	subd	,s++
   02AB FD 00 02      [ 6]  467 	std	_player+2
   02AE C6 05         [ 2]  468 	ldb	#5
   02B0 BD 00 00      [ 8]  469 	jsr	_set_tower
   02B3 7E 04 38      [ 4]  470 	jmp	L53
   02B6                     471 L23:
   02B6 F6 00 01      [ 5]  472 	ldb	_Menu+1
   02B9 C1 03         [ 2]  473 	cmpb	#3	;cmpqi:
   02BB 10 26 01 79   [ 6]  474 	lbne	L53
   02BF F6 00 02      [ 5]  475 	ldb	_tower+2
   02C2 E7 6D         [ 5]  476 	stb	13,s
                            477 	; ldb	13,s	; optimization 5
   02C4 C1 01         [ 2]  478 	cmpb	#1	;cmpqi:
   02C6 10 27 00 73   [ 6]  479 	lbeq	L37
   02CA E6 6D         [ 5]  480 	ldb	13,s
   02CC C1 01         [ 2]  481 	cmpb	#1	;cmpqi:
   02CE 25 09         [ 3]  482 	blo	L36
                            483 	; ldb	13,s; optimization 8
   02D0 C1 02         [ 2]  484 	cmpb	#2	;cmpqi:
   02D2 10 27 01 62   [ 6]  485 	lbeq	L53
   02D6 7E 03 A1      [ 4]  486 	jmp	L56
   02D9                     487 L36:
   02D9 10 BE 00 02   [ 7]  488 	ldy	_player+2
   02DD F6 00 01      [ 5]  489 	ldb	_tower+1
   02E0 5C            [ 2]  490 	incb
   02E1 4F            [ 2]  491 	clra		;zero_extendqihi: R:b -> R:d
   02E2 1F 01         [ 6]  492 	tfr	d,x
   02E4 AF 68         [ 6]  493 	stx	8,s
   02E6 EC 68         [ 6]  494 	ldd	8,s
   02E8 58            [ 2]  495 	aslb
   02E9 49            [ 2]  496 	rola
   02EA ED 68         [ 6]  497 	std	8,s
                            498 	; ldd	8,s	; optimization 5
   02EC 30 8B         [ 8]  499 	leax	d,x
   02EE AF 68         [ 6]  500 	stx	8,s
   02F0 EC 68         [ 6]  501 	ldd	8,s
   02F2 C3 00 01      [ 4]  502 	addd	#1
   02F5 58            [ 2]  503 	aslb
   02F6 49            [ 2]  504 	rola
   02F7 CE 00 00      [ 3]  505 	ldu	#_towercost
   02FA 30 CB         [ 8]  506 	leax	d,u
   02FC AE 84         [ 5]  507 	ldx	,x
   02FE 34 10         [ 6]  508 	pshs	x	;cmphi: R:x with R:y
   0300 10 AC E1      [10]  509 	cmpy	,s++	;cmphi:
   0303 10 23 01 31   [ 6]  510 	lbls	L53
   0307 10 BE 00 02   [ 7]  511 	ldy	_player+2
   030B F6 00 01      [ 5]  512 	ldb	_tower+1
   030E 5C            [ 2]  513 	incb
   030F 4F            [ 2]  514 	clra		;zero_extendqihi: R:b -> R:d
   0310 1F 01         [ 6]  515 	tfr	d,x
   0312 AF 66         [ 6]  516 	stx	6,s
   0314 EC 66         [ 6]  517 	ldd	6,s
   0316 58            [ 2]  518 	aslb
   0317 49            [ 2]  519 	rola
   0318 ED 66         [ 6]  520 	std	6,s
                            521 	; ldd	6,s	; optimization 5
   031A 30 8B         [ 8]  522 	leax	d,x
   031C AF 66         [ 6]  523 	stx	6,s
   031E EC 66         [ 6]  524 	ldd	6,s
   0320 C3 00 01      [ 4]  525 	addd	#1
   0323 58            [ 2]  526 	aslb
   0324 49            [ 2]  527 	rola
   0325 CE 00 00      [ 3]  528 	ldu	#_towercost
   0328 30 CB         [ 8]  529 	leax	d,u
   032A AE 84         [ 5]  530 	ldx	,x
   032C 1F 20         [ 6]  531 	tfr	y,d
   032E 34 10         [ 6]  532 	pshs	x	;subhi: R:d -= R:x
   0330 A3 E1         [ 9]  533 	subd	,s++
   0332 FD 00 02      [ 6]  534 	std	_player+2
   0335 C6 01         [ 2]  535 	ldb	#1
   0337 F7 00 02      [ 5]  536 	stb	_tower+2
   033A 7E 04 38      [ 4]  537 	jmp	L53
   033D                     538 L37:
   033D 10 BE 00 02   [ 7]  539 	ldy	_player+2
   0341 F6 00 01      [ 5]  540 	ldb	_tower+1
   0344 5C            [ 2]  541 	incb
   0345 4F            [ 2]  542 	clra		;zero_extendqihi: R:b -> R:d
   0346 1F 01         [ 6]  543 	tfr	d,x
   0348 AF 64         [ 6]  544 	stx	4,s
   034A EC 64         [ 6]  545 	ldd	4,s
   034C 58            [ 2]  546 	aslb
   034D 49            [ 2]  547 	rola
   034E ED 64         [ 6]  548 	std	4,s
                            549 	; ldd	4,s	; optimization 5
   0350 30 8B         [ 8]  550 	leax	d,x
   0352 AF 64         [ 6]  551 	stx	4,s
   0354 EC 64         [ 6]  552 	ldd	4,s
   0356 58            [ 2]  553 	aslb
   0357 49            [ 2]  554 	rola
   0358 ED 64         [ 6]  555 	std	4,s
   035A EE 64         [ 6]  556 	ldu	4,s
   035C 30 C9 00 04   [ 8]  557 	leax	_towercost+4,u
   0360 AE 84         [ 5]  558 	ldx	,x
   0362 34 10         [ 6]  559 	pshs	x	;cmphi: R:x with R:y
   0364 10 AC E1      [10]  560 	cmpy	,s++	;cmphi:
   0367 10 23 00 CD   [ 6]  561 	lbls	L53
   036B 10 BE 00 02   [ 7]  562 	ldy	_player+2
   036F F6 00 01      [ 5]  563 	ldb	_tower+1
   0372 5C            [ 2]  564 	incb
   0373 4F            [ 2]  565 	clra		;zero_extendqihi: R:b -> R:d
   0374 1F 01         [ 6]  566 	tfr	d,x
   0376 AF 62         [ 6]  567 	stx	2,s
   0378 EC 62         [ 6]  568 	ldd	2,s
   037A 58            [ 2]  569 	aslb
   037B 49            [ 2]  570 	rola
   037C ED 62         [ 6]  571 	std	2,s
                            572 	; ldd	2,s	; optimization 5
   037E 30 8B         [ 8]  573 	leax	d,x
   0380 AF 62         [ 6]  574 	stx	2,s
   0382 EC 62         [ 6]  575 	ldd	2,s
   0384 58            [ 2]  576 	aslb
   0385 49            [ 2]  577 	rola
   0386 ED 62         [ 6]  578 	std	2,s
   0388 EE 62         [ 6]  579 	ldu	2,s
   038A 30 C9 00 04   [ 8]  580 	leax	_towercost+4,u
   038E AE 84         [ 5]  581 	ldx	,x
   0390 1F 20         [ 6]  582 	tfr	y,d
   0392 34 10         [ 6]  583 	pshs	x	;subhi: R:d -= R:x
   0394 A3 E1         [ 9]  584 	subd	,s++
   0396 FD 00 02      [ 6]  585 	std	_player+2
   0399 C6 02         [ 2]  586 	ldb	#2
   039B F7 00 02      [ 5]  587 	stb	_tower+2
   039E 7E 04 38      [ 4]  588 	jmp	L53
   03A1                     589 L56:
   03A1 7F 00 02      [ 7]  590 	clr	_tower+2
   03A4 7E 04 38      [ 4]  591 	jmp	L53
   03A7                     592 L9:
   03A7 F6 00 00      [ 5]  593 	ldb	_Vec_Joy_1_Y
   03AA 6F E8 12      [ 7]  594 	clr	18,s
   03AD 5D            [ 2]  595 	tstb
   03AE 2F 05         [ 3]  596 	ble	L41
   03B0 C6 01         [ 2]  597 	ldb	#1
   03B2 E7 E8 12      [ 5]  598 	stb	18,s
   03B5                     599 L41:
   03B5 E6 E8 12      [ 5]  600 	ldb	18,s
                            601 	; tstb	; optimization 6
   03B8 27 38         [ 3]  602 	beq	L42
   03BA F6 00 01      [ 5]  603 	ldb	_Menu+1
   03BD E7 6E         [ 5]  604 	stb	14,s
                            605 	; ldb	14,s	; optimization 5
   03BF C1 01         [ 2]  606 	cmpb	#1	;cmpqi:
   03C1 27 1B         [ 3]  607 	beq	L45
   03C3 E6 6E         [ 5]  608 	ldb	14,s
   03C5 C1 01         [ 2]  609 	cmpb	#1	;cmpqi:
   03C7 25 0D         [ 3]  610 	blo	L44
                            611 	; ldb	14,s; optimization 8
   03C9 C1 02         [ 2]  612 	cmpb	#2	;cmpqi:
   03CB 27 17         [ 3]  613 	beq	L46
   03CD E6 6E         [ 5]  614 	ldb	14,s
   03CF C1 03         [ 2]  615 	cmpb	#3	;cmpqi:
   03D1 27 18         [ 3]  616 	beq	L47
   03D3 7E 04 38      [ 4]  617 	jmp	L53
   03D6                     618 L44:
   03D6 C6 03         [ 2]  619 	ldb	#3
   03D8 F7 00 01      [ 5]  620 	stb	_Menu+1
   03DB 7E 04 38      [ 4]  621 	jmp	L53
   03DE                     622 L45:
   03DE 7F 00 01      [ 7]  623 	clr	_Menu+1
   03E1 7E 04 38      [ 4]  624 	jmp	L53
   03E4                     625 L46:
   03E4 C6 01         [ 2]  626 	ldb	#1
   03E6 F7 00 01      [ 5]  627 	stb	_Menu+1
   03E9 20 4D         [ 3]  628 	bra	L53
   03EB                     629 L47:
   03EB C6 02         [ 2]  630 	ldb	#2
   03ED F7 00 01      [ 5]  631 	stb	_Menu+1
   03F0 20 46         [ 3]  632 	bra	L53
   03F2                     633 L42:
   03F2 F6 00 00      [ 5]  634 	ldb	_Vec_Joy_1_Y
   03F5 6F E8 13      [ 7]  635 	clr	19,s
   03F8 5D            [ 2]  636 	tstb
   03F9 2C 05         [ 3]  637 	bge	L48
   03FB C6 01         [ 2]  638 	ldb	#1
   03FD E7 E8 13      [ 5]  639 	stb	19,s
   0400                     640 L48:
   0400 E6 E8 13      [ 5]  641 	ldb	19,s
                            642 	; tstb	; optimization 6
   0403 27 33         [ 3]  643 	beq	L53
   0405 F6 00 01      [ 5]  644 	ldb	_Menu+1
   0408 E7 6F         [ 5]  645 	stb	15,s
                            646 	; ldb	15,s	; optimization 5
   040A C1 01         [ 2]  647 	cmpb	#1	;cmpqi:
   040C 27 19         [ 3]  648 	beq	L50
   040E E6 6F         [ 5]  649 	ldb	15,s
   0410 C1 01         [ 2]  650 	cmpb	#1	;cmpqi:
   0412 25 0C         [ 3]  651 	blo	L49
                            652 	; ldb	15,s; optimization 8
   0414 C1 02         [ 2]  653 	cmpb	#2	;cmpqi:
   0416 27 16         [ 3]  654 	beq	L51
   0418 E6 6F         [ 5]  655 	ldb	15,s
   041A C1 03         [ 2]  656 	cmpb	#3	;cmpqi:
   041C 27 17         [ 3]  657 	beq	L52
   041E 20 18         [ 3]  658 	bra	L53
   0420                     659 L49:
   0420 C6 01         [ 2]  660 	ldb	#1
   0422 F7 00 01      [ 5]  661 	stb	_Menu+1
   0425 20 11         [ 3]  662 	bra	L53
   0427                     663 L50:
   0427 C6 02         [ 2]  664 	ldb	#2
   0429 F7 00 01      [ 5]  665 	stb	_Menu+1
   042C 20 0A         [ 3]  666 	bra	L53
   042E                     667 L51:
   042E C6 03         [ 2]  668 	ldb	#3
   0430 F7 00 01      [ 5]  669 	stb	_Menu+1
   0433 20 03         [ 3]  670 	bra	L53
   0435                     671 L52:
   0435 7F 00 01      [ 7]  672 	clr	_Menu+1
   0438                     673 L53:
   0438 32 E8 14      [ 5]  674 	leas	20,s
   043B 35 E0         [ 8]  675 	puls	y,u,pc
                            676 	.globl _menu_open
   043D                     677 _menu_open:
   043D                     678 L58:
   043D BD 01 0B      [ 8]  679 	jsr	_menu_handle
   0440 BD 04 B9      [ 8]  680 	jsr	_menu_draw
   0443 F6 00 00      [ 5]  681 	ldb	_Menu
                            682 	; tstb	; optimization 6
   0446 27 F5         [ 3]  683 	beq	L58
   0448 39            [ 5]  684 	rts
   0449                     685 LC0:
   0449 41                  686 	.byte	0x41
   044A 20                  687 	.byte	0x20
   044B 50                  688 	.byte	0x50
   044C 4C                  689 	.byte	0x4C
   044D 41                  690 	.byte	0x41
   044E 59                  691 	.byte	0x59
   044F 45                  692 	.byte	0x45
   0450 52                  693 	.byte	0x52
   0451 20                  694 	.byte	0x20
   0452 4C                  695 	.byte	0x4C
   0453 56                  696 	.byte	0x56
   0454 4C                  697 	.byte	0x4C
   0455 80                  698 	.byte	0x80
   0456 00                  699 	.byte	0x00
   0457                     700 LC1:
   0457 20                  701 	.byte	0x20
   0458 20                  702 	.byte	0x20
   0459 50                  703 	.byte	0x50
   045A 4C                  704 	.byte	0x4C
   045B 41                  705 	.byte	0x41
   045C 59                  706 	.byte	0x59
   045D 45                  707 	.byte	0x45
   045E 52                  708 	.byte	0x52
   045F 20                  709 	.byte	0x20
   0460 52                  710 	.byte	0x52
   0461 41                  711 	.byte	0x41
   0462 54                  712 	.byte	0x54
   0463 45                  713 	.byte	0x45
   0464 80                  714 	.byte	0x80
   0465 00                  715 	.byte	0x00
   0466                     716 LC2:
   0466 20                  717 	.byte	0x20
   0467 20                  718 	.byte	0x20
   0468 54                  719 	.byte	0x54
   0469 4F                  720 	.byte	0x4F
   046A 57                  721 	.byte	0x57
   046B 45                  722 	.byte	0x45
   046C 52                  723 	.byte	0x52
   046D 20                  724 	.byte	0x20
   046E 4C                  725 	.byte	0x4C
   046F 56                  726 	.byte	0x56
   0470 4C                  727 	.byte	0x4C
   0471 80                  728 	.byte	0x80
   0472 00                  729 	.byte	0x00
   0473                     730 LC3:
   0473 20                  731 	.byte	0x20
   0474 20                  732 	.byte	0x20
   0475 54                  733 	.byte	0x54
   0476 4F                  734 	.byte	0x4F
   0477 57                  735 	.byte	0x57
   0478 45                  736 	.byte	0x45
   0479 52                  737 	.byte	0x52
   047A 20                  738 	.byte	0x20
   047B 52                  739 	.byte	0x52
   047C 41                  740 	.byte	0x41
   047D 54                  741 	.byte	0x54
   047E 45                  742 	.byte	0x45
   047F 80                  743 	.byte	0x80
   0480 00                  744 	.byte	0x00
   0481                     745 LC4:
   0481 20                  746 	.byte	0x20
   0482 20                  747 	.byte	0x20
   0483 50                  748 	.byte	0x50
   0484 4C                  749 	.byte	0x4C
   0485 41                  750 	.byte	0x41
   0486 59                  751 	.byte	0x59
   0487 45                  752 	.byte	0x45
   0488 52                  753 	.byte	0x52
   0489 20                  754 	.byte	0x20
   048A 4C                  755 	.byte	0x4C
   048B 56                  756 	.byte	0x56
   048C 4C                  757 	.byte	0x4C
   048D 80                  758 	.byte	0x80
   048E 00                  759 	.byte	0x00
   048F                     760 LC5:
   048F 41                  761 	.byte	0x41
   0490 20                  762 	.byte	0x20
   0491 50                  763 	.byte	0x50
   0492 4C                  764 	.byte	0x4C
   0493 41                  765 	.byte	0x41
   0494 59                  766 	.byte	0x59
   0495 45                  767 	.byte	0x45
   0496 52                  768 	.byte	0x52
   0497 20                  769 	.byte	0x20
   0498 52                  770 	.byte	0x52
   0499 41                  771 	.byte	0x41
   049A 54                  772 	.byte	0x54
   049B 45                  773 	.byte	0x45
   049C 80                  774 	.byte	0x80
   049D 00                  775 	.byte	0x00
   049E                     776 LC6:
   049E 41                  777 	.byte	0x41
   049F 20                  778 	.byte	0x20
   04A0 54                  779 	.byte	0x54
   04A1 4F                  780 	.byte	0x4F
   04A2 57                  781 	.byte	0x57
   04A3 45                  782 	.byte	0x45
   04A4 52                  783 	.byte	0x52
   04A5 20                  784 	.byte	0x20
   04A6 4C                  785 	.byte	0x4C
   04A7 56                  786 	.byte	0x56
   04A8 4C                  787 	.byte	0x4C
   04A9 80                  788 	.byte	0x80
   04AA 00                  789 	.byte	0x00
   04AB                     790 LC7:
   04AB 41                  791 	.byte	0x41
   04AC 20                  792 	.byte	0x20
   04AD 54                  793 	.byte	0x54
   04AE 4F                  794 	.byte	0x4F
   04AF 57                  795 	.byte	0x57
   04B0 45                  796 	.byte	0x45
   04B1 52                  797 	.byte	0x52
   04B2 20                  798 	.byte	0x20
   04B3 52                  799 	.byte	0x52
   04B4 41                  800 	.byte	0x41
   04B5 54                  801 	.byte	0x54
   04B6 45                  802 	.byte	0x45
   04B7 80                  803 	.byte	0x80
   04B8 00                  804 	.byte	0x00
                            805 	.globl _menu_draw
   04B9                     806 _menu_draw:
   04B9 34 40         [ 6]  807 	pshs	u
   04BB 32 E8 EE      [ 5]  808 	leas	-18,s
   04BE BD 00 00      [ 8]  809 	jsr	___Reset0Ref
   04C1 BD 00 00      [ 8]  810 	jsr	_Sync
   04C4 F6 00 01      [ 5]  811 	ldb	_Menu+1
                            812 	; tstb	; optimization 6
   04C7 10 26 01 E1   [ 6]  813 	lbne	L61
   04CB C6 92         [ 2]  814 	ldb	#-110
   04CD E7 E2         [ 6]  815 	stb	,-s
   04CF 8E 04 49      [ 3]  816 	ldx	#LC0
   04D2 C6 64         [ 2]  817 	ldb	#100
   04D4 BD 00 00      [ 8]  818 	jsr	_print_string
   04D7 32 61         [ 5]  819 	leas	1,s
   04D9 F6 00 00      [ 5]  820 	ldb	_player
   04DC E7 62         [ 5]  821 	stb	2,s
                            822 	; ldb	2,s	; optimization 5
   04DE C1 01         [ 2]  823 	cmpb	#1	;cmpqi:
   04E0 27 1D         [ 3]  824 	beq	L64
   04E2 E6 62         [ 5]  825 	ldb	2,s
   04E4 C1 01         [ 2]  826 	cmpb	#1	;cmpqi:
   04E6 25 06         [ 3]  827 	blo	L63
                            828 	; ldb	2,s; optimization 8
   04E8 C1 02         [ 2]  829 	cmpb	#2	;cmpqi:
   04EA 27 24         [ 3]  830 	beq	L65
   04EC 20 33         [ 3]  831 	bra	L161
   04EE                     832 L63:
   04EE C6 01         [ 2]  833 	ldb	#1
   04F0 E7 E2         [ 6]  834 	stb	,-s
   04F2 C6 28         [ 2]  835 	ldb	#40
   04F4 E7 E2         [ 6]  836 	stb	,-s
   04F6 C6 64         [ 2]  837 	ldb	#100
   04F8 BD 00 00      [ 8]  838 	jsr	_print_unsigned_int
   04FB 32 62         [ 5]  839 	leas	2,s
   04FD 20 31         [ 3]  840 	bra	L66
   04FF                     841 L64:
   04FF C6 02         [ 2]  842 	ldb	#2
   0501 E7 E2         [ 6]  843 	stb	,-s
   0503 C6 28         [ 2]  844 	ldb	#40
   0505 E7 E2         [ 6]  845 	stb	,-s
   0507 C6 64         [ 2]  846 	ldb	#100
   0509 BD 00 00      [ 8]  847 	jsr	_print_unsigned_int
   050C 32 62         [ 5]  848 	leas	2,s
   050E 20 20         [ 3]  849 	bra	L66
   0510                     850 L65:
   0510 C6 03         [ 2]  851 	ldb	#3
   0512 E7 E2         [ 6]  852 	stb	,-s
   0514 C6 28         [ 2]  853 	ldb	#40
   0516 E7 E2         [ 6]  854 	stb	,-s
   0518 C6 64         [ 2]  855 	ldb	#100
   051A BD 00 00      [ 8]  856 	jsr	_print_unsigned_int
   051D 32 62         [ 5]  857 	leas	2,s
   051F 20 0F         [ 3]  858 	bra	L66
   0521                     859 L161:
   0521 C6 64         [ 2]  860 	ldb	#100
   0523 E7 E2         [ 6]  861 	stb	,-s
   0525 C6 28         [ 2]  862 	ldb	#40
   0527 E7 E2         [ 6]  863 	stb	,-s
   0529 C6 64         [ 2]  864 	ldb	#100
   052B BD 00 00      [ 8]  865 	jsr	_print_unsigned_int
   052E 32 62         [ 5]  866 	leas	2,s
   0530                     867 L66:
   0530 C6 92         [ 2]  868 	ldb	#-110
   0532 E7 E2         [ 6]  869 	stb	,-s
   0534 8E 04 57      [ 3]  870 	ldx	#LC1
   0537 C6 3C         [ 2]  871 	ldb	#60
   0539 BD 00 00      [ 8]  872 	jsr	_print_string
   053C 32 61         [ 5]  873 	leas	1,s
   053E F6 00 04      [ 5]  874 	ldb	_player+4
   0541 E7 63         [ 5]  875 	stb	3,s
                            876 	; ldb	3,s	; optimization 5
   0543 C1 01         [ 2]  877 	cmpb	#1	;cmpqi:
   0545 27 1D         [ 3]  878 	beq	L69
   0547 E6 63         [ 5]  879 	ldb	3,s
   0549 C1 01         [ 2]  880 	cmpb	#1	;cmpqi:
   054B 25 06         [ 3]  881 	blo	L68
                            882 	; ldb	3,s; optimization 8
   054D C1 02         [ 2]  883 	cmpb	#2	;cmpqi:
   054F 27 24         [ 3]  884 	beq	L70
   0551 20 33         [ 3]  885 	bra	L162
   0553                     886 L68:
   0553 C6 01         [ 2]  887 	ldb	#1
   0555 E7 E2         [ 6]  888 	stb	,-s
   0557 C6 28         [ 2]  889 	ldb	#40
   0559 E7 E2         [ 6]  890 	stb	,-s
   055B C6 3C         [ 2]  891 	ldb	#60
   055D BD 00 00      [ 8]  892 	jsr	_print_unsigned_int
   0560 32 62         [ 5]  893 	leas	2,s
   0562 20 31         [ 3]  894 	bra	L71
   0564                     895 L69:
   0564 C6 02         [ 2]  896 	ldb	#2
   0566 E7 E2         [ 6]  897 	stb	,-s
   0568 C6 28         [ 2]  898 	ldb	#40
   056A E7 E2         [ 6]  899 	stb	,-s
   056C C6 3C         [ 2]  900 	ldb	#60
   056E BD 00 00      [ 8]  901 	jsr	_print_unsigned_int
   0571 32 62         [ 5]  902 	leas	2,s
   0573 20 20         [ 3]  903 	bra	L71
   0575                     904 L70:
   0575 C6 03         [ 2]  905 	ldb	#3
   0577 E7 E2         [ 6]  906 	stb	,-s
   0579 C6 28         [ 2]  907 	ldb	#40
   057B E7 E2         [ 6]  908 	stb	,-s
   057D C6 3C         [ 2]  909 	ldb	#60
   057F BD 00 00      [ 8]  910 	jsr	_print_unsigned_int
   0582 32 62         [ 5]  911 	leas	2,s
   0584 20 0F         [ 3]  912 	bra	L71
   0586                     913 L162:
   0586 C6 64         [ 2]  914 	ldb	#100
   0588 E7 E2         [ 6]  915 	stb	,-s
   058A C6 28         [ 2]  916 	ldb	#40
   058C E7 E2         [ 6]  917 	stb	,-s
   058E C6 3C         [ 2]  918 	ldb	#60
   0590 BD 00 00      [ 8]  919 	jsr	_print_unsigned_int
   0593 32 62         [ 5]  920 	leas	2,s
   0595                     921 L71:
   0595 C6 92         [ 2]  922 	ldb	#-110
   0597 E7 E2         [ 6]  923 	stb	,-s
   0599 8E 04 66      [ 3]  924 	ldx	#LC2
   059C C6 14         [ 2]  925 	ldb	#20
   059E BD 00 00      [ 8]  926 	jsr	_print_string
   05A1 32 61         [ 5]  927 	leas	1,s
   05A3 F6 00 01      [ 5]  928 	ldb	_tower+1
   05A6 E7 64         [ 5]  929 	stb	4,s
                            930 	; ldb	4,s	; optimization 5
   05A8 C1 05         [ 2]  931 	cmpb	#5	;cmpqi:
   05AA 10 22 00 84   [ 6]  932 	lbhi	L72
   05AE E6 64         [ 5]  933 	ldb	4,s
   05B0 4F            [ 2]  934 	clra		;zero_extendqihi: R:b -> R:d
   05B1 ED E4         [ 5]  935 	std	,s
                            936 	; ldd	,s	; optimization 5
   05B3 58            [ 2]  937 	aslb
   05B4 49            [ 2]  938 	rola
   05B5 CE 05 BE      [ 3]  939 	ldu	#L79
   05B8 30 CB         [ 8]  940 	leax	d,u
   05BA AE 84         [ 5]  941 	ldx	,x
   05BC 6E 84         [ 3]  942 	jmp	,x
   05BE                     943 L79:
   05BE 05 CA               944 	.word L73
   05C0 05 DC               945 	.word L74
   05C2 05 EE               946 	.word L75
   05C4 05 FF               947 	.word L76
   05C6 06 10               948 	.word L77
   05C8 06 21               949 	.word L78
   05CA                     950 L73:
   05CA C6 01         [ 2]  951 	ldb	#1
   05CC E7 E2         [ 6]  952 	stb	,-s
   05CE C6 28         [ 2]  953 	ldb	#40
   05D0 E7 E2         [ 6]  954 	stb	,-s
   05D2 C6 14         [ 2]  955 	ldb	#20
   05D4 BD 00 00      [ 8]  956 	jsr	_print_unsigned_int
   05D7 32 62         [ 5]  957 	leas	2,s
   05D9 7E 06 41      [ 4]  958 	jmp	L80
   05DC                     959 L74:
   05DC C6 02         [ 2]  960 	ldb	#2
   05DE E7 E2         [ 6]  961 	stb	,-s
   05E0 C6 28         [ 2]  962 	ldb	#40
   05E2 E7 E2         [ 6]  963 	stb	,-s
   05E4 C6 14         [ 2]  964 	ldb	#20
   05E6 BD 00 00      [ 8]  965 	jsr	_print_unsigned_int
   05E9 32 62         [ 5]  966 	leas	2,s
   05EB 7E 06 41      [ 4]  967 	jmp	L80
   05EE                     968 L75:
   05EE C6 03         [ 2]  969 	ldb	#3
   05F0 E7 E2         [ 6]  970 	stb	,-s
   05F2 C6 28         [ 2]  971 	ldb	#40
   05F4 E7 E2         [ 6]  972 	stb	,-s
   05F6 C6 14         [ 2]  973 	ldb	#20
   05F8 BD 00 00      [ 8]  974 	jsr	_print_unsigned_int
   05FB 32 62         [ 5]  975 	leas	2,s
   05FD 20 42         [ 3]  976 	bra	L80
   05FF                     977 L76:
   05FF C6 04         [ 2]  978 	ldb	#4
   0601 E7 E2         [ 6]  979 	stb	,-s
   0603 C6 28         [ 2]  980 	ldb	#40
   0605 E7 E2         [ 6]  981 	stb	,-s
   0607 C6 14         [ 2]  982 	ldb	#20
   0609 BD 00 00      [ 8]  983 	jsr	_print_unsigned_int
   060C 32 62         [ 5]  984 	leas	2,s
   060E 20 31         [ 3]  985 	bra	L80
   0610                     986 L77:
   0610 C6 05         [ 2]  987 	ldb	#5
   0612 E7 E2         [ 6]  988 	stb	,-s
   0614 C6 28         [ 2]  989 	ldb	#40
   0616 E7 E2         [ 6]  990 	stb	,-s
   0618 C6 14         [ 2]  991 	ldb	#20
   061A BD 00 00      [ 8]  992 	jsr	_print_unsigned_int
   061D 32 62         [ 5]  993 	leas	2,s
   061F 20 20         [ 3]  994 	bra	L80
   0621                     995 L78:
   0621 C6 06         [ 2]  996 	ldb	#6
   0623 E7 E2         [ 6]  997 	stb	,-s
   0625 C6 28         [ 2]  998 	ldb	#40
   0627 E7 E2         [ 6]  999 	stb	,-s
   0629 C6 14         [ 2] 1000 	ldb	#20
   062B BD 00 00      [ 8] 1001 	jsr	_print_unsigned_int
   062E 32 62         [ 5] 1002 	leas	2,s
   0630 20 0F         [ 3] 1003 	bra	L80
   0632                    1004 L72:
   0632 C6 64         [ 2] 1005 	ldb	#100
   0634 E7 E2         [ 6] 1006 	stb	,-s
   0636 C6 28         [ 2] 1007 	ldb	#40
   0638 E7 E2         [ 6] 1008 	stb	,-s
   063A C6 14         [ 2] 1009 	ldb	#20
   063C BD 00 00      [ 8] 1010 	jsr	_print_unsigned_int
   063F 32 62         [ 5] 1011 	leas	2,s
   0641                    1012 L80:
   0641 C6 92         [ 2] 1013 	ldb	#-110
   0643 E7 E2         [ 6] 1014 	stb	,-s
   0645 8E 04 73      [ 3] 1015 	ldx	#LC3
   0648 C6 EC         [ 2] 1016 	ldb	#-20
   064A BD 00 00      [ 8] 1017 	jsr	_print_string
   064D 32 61         [ 5] 1018 	leas	1,s
   064F F6 00 02      [ 5] 1019 	ldb	_tower+2
   0652 E7 65         [ 5] 1020 	stb	5,s
                           1021 	; ldb	5,s	; optimization 5
   0654 C1 01         [ 2] 1022 	cmpb	#1	;cmpqi:
   0656 27 1E         [ 3] 1023 	beq	L83
   0658 E6 65         [ 5] 1024 	ldb	5,s
   065A C1 01         [ 2] 1025 	cmpb	#1	;cmpqi:
   065C 25 06         [ 3] 1026 	blo	L82
                           1027 	; ldb	5,s; optimization 8
   065E C1 02         [ 2] 1028 	cmpb	#2	;cmpqi:
   0660 27 26         [ 3] 1029 	beq	L84
   0662 20 36         [ 3] 1030 	bra	L163
   0664                    1031 L82:
   0664 C6 01         [ 2] 1032 	ldb	#1
   0666 E7 E2         [ 6] 1033 	stb	,-s
   0668 C6 28         [ 2] 1034 	ldb	#40
   066A E7 E2         [ 6] 1035 	stb	,-s
   066C C6 EC         [ 2] 1036 	ldb	#-20
   066E BD 00 00      [ 8] 1037 	jsr	_print_unsigned_int
   0671 32 62         [ 5] 1038 	leas	2,s
   0673 7E 0C 68      [ 4] 1039 	jmp	L160
   0676                    1040 L83:
   0676 C6 02         [ 2] 1041 	ldb	#2
   0678 E7 E2         [ 6] 1042 	stb	,-s
   067A C6 28         [ 2] 1043 	ldb	#40
   067C E7 E2         [ 6] 1044 	stb	,-s
   067E C6 EC         [ 2] 1045 	ldb	#-20
   0680 BD 00 00      [ 8] 1046 	jsr	_print_unsigned_int
   0683 32 62         [ 5] 1047 	leas	2,s
   0685 7E 0C 68      [ 4] 1048 	jmp	L160
   0688                    1049 L84:
   0688 C6 03         [ 2] 1050 	ldb	#3
   068A E7 E2         [ 6] 1051 	stb	,-s
   068C C6 28         [ 2] 1052 	ldb	#40
   068E E7 E2         [ 6] 1053 	stb	,-s
   0690 C6 EC         [ 2] 1054 	ldb	#-20
   0692 BD 00 00      [ 8] 1055 	jsr	_print_unsigned_int
   0695 32 62         [ 5] 1056 	leas	2,s
   0697 7E 0C 68      [ 4] 1057 	jmp	L160
   069A                    1058 L163:
   069A C6 64         [ 2] 1059 	ldb	#100
   069C E7 E2         [ 6] 1060 	stb	,-s
   069E C6 28         [ 2] 1061 	ldb	#40
   06A0 E7 E2         [ 6] 1062 	stb	,-s
   06A2 C6 EC         [ 2] 1063 	ldb	#-20
   06A4 BD 00 00      [ 8] 1064 	jsr	_print_unsigned_int
   06A7 32 62         [ 5] 1065 	leas	2,s
   06A9 7E 0C 68      [ 4] 1066 	jmp	L160
   06AC                    1067 L61:
   06AC F6 00 01      [ 5] 1068 	ldb	_Menu+1
   06AF C1 01         [ 2] 1069 	cmpb	#1	;cmpqi:
   06B1 10 26 01 E1   [ 6] 1070 	lbne	L87
   06B5 C6 92         [ 2] 1071 	ldb	#-110
   06B7 E7 E2         [ 6] 1072 	stb	,-s
   06B9 8E 04 81      [ 3] 1073 	ldx	#LC4
   06BC C6 64         [ 2] 1074 	ldb	#100
   06BE BD 00 00      [ 8] 1075 	jsr	_print_string
   06C1 32 61         [ 5] 1076 	leas	1,s
   06C3 F6 00 00      [ 5] 1077 	ldb	_player
   06C6 E7 66         [ 5] 1078 	stb	6,s
                           1079 	; ldb	6,s	; optimization 5
   06C8 C1 01         [ 2] 1080 	cmpb	#1	;cmpqi:
   06CA 27 1D         [ 3] 1081 	beq	L90
   06CC E6 66         [ 5] 1082 	ldb	6,s
   06CE C1 01         [ 2] 1083 	cmpb	#1	;cmpqi:
   06D0 25 06         [ 3] 1084 	blo	L89
                           1085 	; ldb	6,s; optimization 8
   06D2 C1 02         [ 2] 1086 	cmpb	#2	;cmpqi:
   06D4 27 24         [ 3] 1087 	beq	L91
   06D6 20 33         [ 3] 1088 	bra	L164
   06D8                    1089 L89:
   06D8 C6 01         [ 2] 1090 	ldb	#1
   06DA E7 E2         [ 6] 1091 	stb	,-s
   06DC C6 28         [ 2] 1092 	ldb	#40
   06DE E7 E2         [ 6] 1093 	stb	,-s
   06E0 C6 64         [ 2] 1094 	ldb	#100
   06E2 BD 00 00      [ 8] 1095 	jsr	_print_unsigned_int
   06E5 32 62         [ 5] 1096 	leas	2,s
   06E7 20 31         [ 3] 1097 	bra	L92
   06E9                    1098 L90:
   06E9 C6 02         [ 2] 1099 	ldb	#2
   06EB E7 E2         [ 6] 1100 	stb	,-s
   06ED C6 28         [ 2] 1101 	ldb	#40
   06EF E7 E2         [ 6] 1102 	stb	,-s
   06F1 C6 64         [ 2] 1103 	ldb	#100
   06F3 BD 00 00      [ 8] 1104 	jsr	_print_unsigned_int
   06F6 32 62         [ 5] 1105 	leas	2,s
   06F8 20 20         [ 3] 1106 	bra	L92
   06FA                    1107 L91:
   06FA C6 03         [ 2] 1108 	ldb	#3
   06FC E7 E2         [ 6] 1109 	stb	,-s
   06FE C6 28         [ 2] 1110 	ldb	#40
   0700 E7 E2         [ 6] 1111 	stb	,-s
   0702 C6 64         [ 2] 1112 	ldb	#100
   0704 BD 00 00      [ 8] 1113 	jsr	_print_unsigned_int
   0707 32 62         [ 5] 1114 	leas	2,s
   0709 20 0F         [ 3] 1115 	bra	L92
   070B                    1116 L164:
   070B C6 64         [ 2] 1117 	ldb	#100
   070D E7 E2         [ 6] 1118 	stb	,-s
   070F C6 28         [ 2] 1119 	ldb	#40
   0711 E7 E2         [ 6] 1120 	stb	,-s
   0713 C6 64         [ 2] 1121 	ldb	#100
   0715 BD 00 00      [ 8] 1122 	jsr	_print_unsigned_int
   0718 32 62         [ 5] 1123 	leas	2,s
   071A                    1124 L92:
   071A C6 92         [ 2] 1125 	ldb	#-110
   071C E7 E2         [ 6] 1126 	stb	,-s
   071E 8E 04 8F      [ 3] 1127 	ldx	#LC5
   0721 C6 3C         [ 2] 1128 	ldb	#60
   0723 BD 00 00      [ 8] 1129 	jsr	_print_string
   0726 32 61         [ 5] 1130 	leas	1,s
   0728 F6 00 04      [ 5] 1131 	ldb	_player+4
   072B E7 67         [ 5] 1132 	stb	7,s
                           1133 	; ldb	7,s	; optimization 5
   072D C1 01         [ 2] 1134 	cmpb	#1	;cmpqi:
   072F 27 1D         [ 3] 1135 	beq	L95
   0731 E6 67         [ 5] 1136 	ldb	7,s
   0733 C1 01         [ 2] 1137 	cmpb	#1	;cmpqi:
   0735 25 06         [ 3] 1138 	blo	L94
                           1139 	; ldb	7,s; optimization 8
   0737 C1 02         [ 2] 1140 	cmpb	#2	;cmpqi:
   0739 27 24         [ 3] 1141 	beq	L96
   073B 20 33         [ 3] 1142 	bra	L165
   073D                    1143 L94:
   073D C6 01         [ 2] 1144 	ldb	#1
   073F E7 E2         [ 6] 1145 	stb	,-s
   0741 C6 28         [ 2] 1146 	ldb	#40
   0743 E7 E2         [ 6] 1147 	stb	,-s
   0745 C6 3C         [ 2] 1148 	ldb	#60
   0747 BD 00 00      [ 8] 1149 	jsr	_print_unsigned_int
   074A 32 62         [ 5] 1150 	leas	2,s
   074C 20 31         [ 3] 1151 	bra	L97
   074E                    1152 L95:
   074E C6 02         [ 2] 1153 	ldb	#2
   0750 E7 E2         [ 6] 1154 	stb	,-s
   0752 C6 28         [ 2] 1155 	ldb	#40
   0754 E7 E2         [ 6] 1156 	stb	,-s
   0756 C6 3C         [ 2] 1157 	ldb	#60
   0758 BD 00 00      [ 8] 1158 	jsr	_print_unsigned_int
   075B 32 62         [ 5] 1159 	leas	2,s
   075D 20 20         [ 3] 1160 	bra	L97
   075F                    1161 L96:
   075F C6 03         [ 2] 1162 	ldb	#3
   0761 E7 E2         [ 6] 1163 	stb	,-s
   0763 C6 28         [ 2] 1164 	ldb	#40
   0765 E7 E2         [ 6] 1165 	stb	,-s
   0767 C6 3C         [ 2] 1166 	ldb	#60
   0769 BD 00 00      [ 8] 1167 	jsr	_print_unsigned_int
   076C 32 62         [ 5] 1168 	leas	2,s
   076E 20 0F         [ 3] 1169 	bra	L97
   0770                    1170 L165:
   0770 C6 64         [ 2] 1171 	ldb	#100
   0772 E7 E2         [ 6] 1172 	stb	,-s
   0774 C6 28         [ 2] 1173 	ldb	#40
   0776 E7 E2         [ 6] 1174 	stb	,-s
   0778 C6 3C         [ 2] 1175 	ldb	#60
   077A BD 00 00      [ 8] 1176 	jsr	_print_unsigned_int
   077D 32 62         [ 5] 1177 	leas	2,s
   077F                    1178 L97:
   077F C6 92         [ 2] 1179 	ldb	#-110
   0781 E7 E2         [ 6] 1180 	stb	,-s
   0783 8E 04 66      [ 3] 1181 	ldx	#LC2
   0786 C6 14         [ 2] 1182 	ldb	#20
   0788 BD 00 00      [ 8] 1183 	jsr	_print_string
   078B 32 61         [ 5] 1184 	leas	1,s
   078D F6 00 01      [ 5] 1185 	ldb	_tower+1
   0790 E7 68         [ 5] 1186 	stb	8,s
                           1187 	; ldb	8,s	; optimization 5
   0792 C1 05         [ 2] 1188 	cmpb	#5	;cmpqi:
   0794 10 22 00 84   [ 6] 1189 	lbhi	L98
   0798 E6 68         [ 5] 1190 	ldb	8,s
   079A 4F            [ 2] 1191 	clra		;zero_extendqihi: R:b -> R:d
   079B ED E4         [ 5] 1192 	std	,s
                           1193 	; ldd	,s	; optimization 5
   079D 58            [ 2] 1194 	aslb
   079E 49            [ 2] 1195 	rola
   079F CE 07 A8      [ 3] 1196 	ldu	#L105
   07A2 30 CB         [ 8] 1197 	leax	d,u
   07A4 AE 84         [ 5] 1198 	ldx	,x
   07A6 6E 84         [ 3] 1199 	jmp	,x
   07A8                    1200 L105:
   07A8 07 B4              1201 	.word L99
   07AA 07 C6              1202 	.word L100
   07AC 07 D8              1203 	.word L101
   07AE 07 E9              1204 	.word L102
   07B0 07 FA              1205 	.word L103
   07B2 08 0B              1206 	.word L104
   07B4                    1207 L99:
   07B4 C6 01         [ 2] 1208 	ldb	#1
   07B6 E7 E2         [ 6] 1209 	stb	,-s
   07B8 C6 28         [ 2] 1210 	ldb	#40
   07BA E7 E2         [ 6] 1211 	stb	,-s
   07BC C6 14         [ 2] 1212 	ldb	#20
   07BE BD 00 00      [ 8] 1213 	jsr	_print_unsigned_int
   07C1 32 62         [ 5] 1214 	leas	2,s
   07C3 7E 08 2B      [ 4] 1215 	jmp	L106
   07C6                    1216 L100:
   07C6 C6 02         [ 2] 1217 	ldb	#2
   07C8 E7 E2         [ 6] 1218 	stb	,-s
   07CA C6 28         [ 2] 1219 	ldb	#40
   07CC E7 E2         [ 6] 1220 	stb	,-s
   07CE C6 14         [ 2] 1221 	ldb	#20
   07D0 BD 00 00      [ 8] 1222 	jsr	_print_unsigned_int
   07D3 32 62         [ 5] 1223 	leas	2,s
   07D5 7E 08 2B      [ 4] 1224 	jmp	L106
   07D8                    1225 L101:
   07D8 C6 03         [ 2] 1226 	ldb	#3
   07DA E7 E2         [ 6] 1227 	stb	,-s
   07DC C6 28         [ 2] 1228 	ldb	#40
   07DE E7 E2         [ 6] 1229 	stb	,-s
   07E0 C6 14         [ 2] 1230 	ldb	#20
   07E2 BD 00 00      [ 8] 1231 	jsr	_print_unsigned_int
   07E5 32 62         [ 5] 1232 	leas	2,s
   07E7 20 42         [ 3] 1233 	bra	L106
   07E9                    1234 L102:
   07E9 C6 04         [ 2] 1235 	ldb	#4
   07EB E7 E2         [ 6] 1236 	stb	,-s
   07ED C6 28         [ 2] 1237 	ldb	#40
   07EF E7 E2         [ 6] 1238 	stb	,-s
   07F1 C6 14         [ 2] 1239 	ldb	#20
   07F3 BD 00 00      [ 8] 1240 	jsr	_print_unsigned_int
   07F6 32 62         [ 5] 1241 	leas	2,s
   07F8 20 31         [ 3] 1242 	bra	L106
   07FA                    1243 L103:
   07FA C6 05         [ 2] 1244 	ldb	#5
   07FC E7 E2         [ 6] 1245 	stb	,-s
   07FE C6 28         [ 2] 1246 	ldb	#40
   0800 E7 E2         [ 6] 1247 	stb	,-s
   0802 C6 14         [ 2] 1248 	ldb	#20
   0804 BD 00 00      [ 8] 1249 	jsr	_print_unsigned_int
   0807 32 62         [ 5] 1250 	leas	2,s
   0809 20 20         [ 3] 1251 	bra	L106
   080B                    1252 L104:
   080B C6 06         [ 2] 1253 	ldb	#6
   080D E7 E2         [ 6] 1254 	stb	,-s
   080F C6 28         [ 2] 1255 	ldb	#40
   0811 E7 E2         [ 6] 1256 	stb	,-s
   0813 C6 14         [ 2] 1257 	ldb	#20
   0815 BD 00 00      [ 8] 1258 	jsr	_print_unsigned_int
   0818 32 62         [ 5] 1259 	leas	2,s
   081A 20 0F         [ 3] 1260 	bra	L106
   081C                    1261 L98:
   081C C6 64         [ 2] 1262 	ldb	#100
   081E E7 E2         [ 6] 1263 	stb	,-s
   0820 C6 28         [ 2] 1264 	ldb	#40
   0822 E7 E2         [ 6] 1265 	stb	,-s
   0824 C6 14         [ 2] 1266 	ldb	#20
   0826 BD 00 00      [ 8] 1267 	jsr	_print_unsigned_int
   0829 32 62         [ 5] 1268 	leas	2,s
   082B                    1269 L106:
   082B C6 92         [ 2] 1270 	ldb	#-110
   082D E7 E2         [ 6] 1271 	stb	,-s
   082F 8E 04 73      [ 3] 1272 	ldx	#LC3
   0832 C6 EC         [ 2] 1273 	ldb	#-20
   0834 BD 00 00      [ 8] 1274 	jsr	_print_string
   0837 32 61         [ 5] 1275 	leas	1,s
   0839 F6 00 02      [ 5] 1276 	ldb	_tower+2
   083C E7 69         [ 5] 1277 	stb	9,s
                           1278 	; ldb	9,s	; optimization 5
   083E C1 01         [ 2] 1279 	cmpb	#1	;cmpqi:
   0840 27 1E         [ 3] 1280 	beq	L109
   0842 E6 69         [ 5] 1281 	ldb	9,s
   0844 C1 01         [ 2] 1282 	cmpb	#1	;cmpqi:
   0846 25 06         [ 3] 1283 	blo	L108
                           1284 	; ldb	9,s; optimization 8
   0848 C1 02         [ 2] 1285 	cmpb	#2	;cmpqi:
   084A 27 26         [ 3] 1286 	beq	L110
   084C 20 36         [ 3] 1287 	bra	L166
   084E                    1288 L108:
   084E C6 01         [ 2] 1289 	ldb	#1
   0850 E7 E2         [ 6] 1290 	stb	,-s
   0852 C6 28         [ 2] 1291 	ldb	#40
   0854 E7 E2         [ 6] 1292 	stb	,-s
   0856 C6 EC         [ 2] 1293 	ldb	#-20
   0858 BD 00 00      [ 8] 1294 	jsr	_print_unsigned_int
   085B 32 62         [ 5] 1295 	leas	2,s
   085D 7E 0C 68      [ 4] 1296 	jmp	L160
   0860                    1297 L109:
   0860 C6 02         [ 2] 1298 	ldb	#2
   0862 E7 E2         [ 6] 1299 	stb	,-s
   0864 C6 28         [ 2] 1300 	ldb	#40
   0866 E7 E2         [ 6] 1301 	stb	,-s
   0868 C6 EC         [ 2] 1302 	ldb	#-20
   086A BD 00 00      [ 8] 1303 	jsr	_print_unsigned_int
   086D 32 62         [ 5] 1304 	leas	2,s
   086F 7E 0C 68      [ 4] 1305 	jmp	L160
   0872                    1306 L110:
   0872 C6 03         [ 2] 1307 	ldb	#3
   0874 E7 E2         [ 6] 1308 	stb	,-s
   0876 C6 28         [ 2] 1309 	ldb	#40
   0878 E7 E2         [ 6] 1310 	stb	,-s
   087A C6 EC         [ 2] 1311 	ldb	#-20
   087C BD 00 00      [ 8] 1312 	jsr	_print_unsigned_int
   087F 32 62         [ 5] 1313 	leas	2,s
   0881 7E 0C 68      [ 4] 1314 	jmp	L160
   0884                    1315 L166:
   0884 C6 64         [ 2] 1316 	ldb	#100
   0886 E7 E2         [ 6] 1317 	stb	,-s
   0888 C6 28         [ 2] 1318 	ldb	#40
   088A E7 E2         [ 6] 1319 	stb	,-s
   088C C6 EC         [ 2] 1320 	ldb	#-20
   088E BD 00 00      [ 8] 1321 	jsr	_print_unsigned_int
   0891 32 62         [ 5] 1322 	leas	2,s
   0893 7E 0C 68      [ 4] 1323 	jmp	L160
   0896                    1324 L87:
   0896 F6 00 01      [ 5] 1325 	ldb	_Menu+1
   0899 C1 02         [ 2] 1326 	cmpb	#2	;cmpqi:
   089B 10 26 01 E1   [ 6] 1327 	lbne	L112
   089F C6 92         [ 2] 1328 	ldb	#-110
   08A1 E7 E2         [ 6] 1329 	stb	,-s
   08A3 8E 04 81      [ 3] 1330 	ldx	#LC4
   08A6 C6 64         [ 2] 1331 	ldb	#100
   08A8 BD 00 00      [ 8] 1332 	jsr	_print_string
   08AB 32 61         [ 5] 1333 	leas	1,s
   08AD F6 00 00      [ 5] 1334 	ldb	_player
   08B0 E7 6A         [ 5] 1335 	stb	10,s
                           1336 	; ldb	10,s	; optimization 5
   08B2 C1 01         [ 2] 1337 	cmpb	#1	;cmpqi:
   08B4 27 1D         [ 3] 1338 	beq	L115
   08B6 E6 6A         [ 5] 1339 	ldb	10,s
   08B8 C1 01         [ 2] 1340 	cmpb	#1	;cmpqi:
   08BA 25 06         [ 3] 1341 	blo	L114
                           1342 	; ldb	10,s; optimization 8
   08BC C1 02         [ 2] 1343 	cmpb	#2	;cmpqi:
   08BE 27 24         [ 3] 1344 	beq	L116
   08C0 20 33         [ 3] 1345 	bra	L167
   08C2                    1346 L114:
   08C2 C6 01         [ 2] 1347 	ldb	#1
   08C4 E7 E2         [ 6] 1348 	stb	,-s
   08C6 C6 28         [ 2] 1349 	ldb	#40
   08C8 E7 E2         [ 6] 1350 	stb	,-s
   08CA C6 64         [ 2] 1351 	ldb	#100
   08CC BD 00 00      [ 8] 1352 	jsr	_print_unsigned_int
   08CF 32 62         [ 5] 1353 	leas	2,s
   08D1 20 31         [ 3] 1354 	bra	L117
   08D3                    1355 L115:
   08D3 C6 02         [ 2] 1356 	ldb	#2
   08D5 E7 E2         [ 6] 1357 	stb	,-s
   08D7 C6 28         [ 2] 1358 	ldb	#40
   08D9 E7 E2         [ 6] 1359 	stb	,-s
   08DB C6 64         [ 2] 1360 	ldb	#100
   08DD BD 00 00      [ 8] 1361 	jsr	_print_unsigned_int
   08E0 32 62         [ 5] 1362 	leas	2,s
   08E2 20 20         [ 3] 1363 	bra	L117
   08E4                    1364 L116:
   08E4 C6 03         [ 2] 1365 	ldb	#3
   08E6 E7 E2         [ 6] 1366 	stb	,-s
   08E8 C6 28         [ 2] 1367 	ldb	#40
   08EA E7 E2         [ 6] 1368 	stb	,-s
   08EC C6 64         [ 2] 1369 	ldb	#100
   08EE BD 00 00      [ 8] 1370 	jsr	_print_unsigned_int
   08F1 32 62         [ 5] 1371 	leas	2,s
   08F3 20 0F         [ 3] 1372 	bra	L117
   08F5                    1373 L167:
   08F5 C6 64         [ 2] 1374 	ldb	#100
   08F7 E7 E2         [ 6] 1375 	stb	,-s
   08F9 C6 28         [ 2] 1376 	ldb	#40
   08FB E7 E2         [ 6] 1377 	stb	,-s
   08FD C6 64         [ 2] 1378 	ldb	#100
   08FF BD 00 00      [ 8] 1379 	jsr	_print_unsigned_int
   0902 32 62         [ 5] 1380 	leas	2,s
   0904                    1381 L117:
   0904 C6 92         [ 2] 1382 	ldb	#-110
   0906 E7 E2         [ 6] 1383 	stb	,-s
   0908 8E 04 57      [ 3] 1384 	ldx	#LC1
   090B C6 3C         [ 2] 1385 	ldb	#60
   090D BD 00 00      [ 8] 1386 	jsr	_print_string
   0910 32 61         [ 5] 1387 	leas	1,s
   0912 F6 00 04      [ 5] 1388 	ldb	_player+4
   0915 E7 6B         [ 5] 1389 	stb	11,s
                           1390 	; ldb	11,s	; optimization 5
   0917 C1 01         [ 2] 1391 	cmpb	#1	;cmpqi:
   0919 27 1D         [ 3] 1392 	beq	L120
   091B E6 6B         [ 5] 1393 	ldb	11,s
   091D C1 01         [ 2] 1394 	cmpb	#1	;cmpqi:
   091F 25 06         [ 3] 1395 	blo	L119
                           1396 	; ldb	11,s; optimization 8
   0921 C1 02         [ 2] 1397 	cmpb	#2	;cmpqi:
   0923 27 24         [ 3] 1398 	beq	L121
   0925 20 33         [ 3] 1399 	bra	L168
   0927                    1400 L119:
   0927 C6 01         [ 2] 1401 	ldb	#1
   0929 E7 E2         [ 6] 1402 	stb	,-s
   092B C6 28         [ 2] 1403 	ldb	#40
   092D E7 E2         [ 6] 1404 	stb	,-s
   092F C6 3C         [ 2] 1405 	ldb	#60
   0931 BD 00 00      [ 8] 1406 	jsr	_print_unsigned_int
   0934 32 62         [ 5] 1407 	leas	2,s
   0936 20 31         [ 3] 1408 	bra	L122
   0938                    1409 L120:
   0938 C6 02         [ 2] 1410 	ldb	#2
   093A E7 E2         [ 6] 1411 	stb	,-s
   093C C6 28         [ 2] 1412 	ldb	#40
   093E E7 E2         [ 6] 1413 	stb	,-s
   0940 C6 3C         [ 2] 1414 	ldb	#60
   0942 BD 00 00      [ 8] 1415 	jsr	_print_unsigned_int
   0945 32 62         [ 5] 1416 	leas	2,s
   0947 20 20         [ 3] 1417 	bra	L122
   0949                    1418 L121:
   0949 C6 03         [ 2] 1419 	ldb	#3
   094B E7 E2         [ 6] 1420 	stb	,-s
   094D C6 28         [ 2] 1421 	ldb	#40
   094F E7 E2         [ 6] 1422 	stb	,-s
   0951 C6 3C         [ 2] 1423 	ldb	#60
   0953 BD 00 00      [ 8] 1424 	jsr	_print_unsigned_int
   0956 32 62         [ 5] 1425 	leas	2,s
   0958 20 0F         [ 3] 1426 	bra	L122
   095A                    1427 L168:
   095A C6 64         [ 2] 1428 	ldb	#100
   095C E7 E2         [ 6] 1429 	stb	,-s
   095E C6 28         [ 2] 1430 	ldb	#40
   0960 E7 E2         [ 6] 1431 	stb	,-s
   0962 C6 3C         [ 2] 1432 	ldb	#60
   0964 BD 00 00      [ 8] 1433 	jsr	_print_unsigned_int
   0967 32 62         [ 5] 1434 	leas	2,s
   0969                    1435 L122:
   0969 C6 92         [ 2] 1436 	ldb	#-110
   096B E7 E2         [ 6] 1437 	stb	,-s
   096D 8E 04 9E      [ 3] 1438 	ldx	#LC6
   0970 C6 14         [ 2] 1439 	ldb	#20
   0972 BD 00 00      [ 8] 1440 	jsr	_print_string
   0975 32 61         [ 5] 1441 	leas	1,s
   0977 F6 00 01      [ 5] 1442 	ldb	_tower+1
   097A E7 6C         [ 5] 1443 	stb	12,s
                           1444 	; ldb	12,s	; optimization 5
   097C C1 05         [ 2] 1445 	cmpb	#5	;cmpqi:
   097E 10 22 00 84   [ 6] 1446 	lbhi	L123
   0982 E6 6C         [ 5] 1447 	ldb	12,s
   0984 4F            [ 2] 1448 	clra		;zero_extendqihi: R:b -> R:d
   0985 ED E4         [ 5] 1449 	std	,s
                           1450 	; ldd	,s	; optimization 5
   0987 58            [ 2] 1451 	aslb
   0988 49            [ 2] 1452 	rola
   0989 CE 09 92      [ 3] 1453 	ldu	#L130
   098C 30 CB         [ 8] 1454 	leax	d,u
   098E AE 84         [ 5] 1455 	ldx	,x
   0990 6E 84         [ 3] 1456 	jmp	,x
   0992                    1457 L130:
   0992 09 9E              1458 	.word L124
   0994 09 B0              1459 	.word L125
   0996 09 C2              1460 	.word L126
   0998 09 D3              1461 	.word L127
   099A 09 E4              1462 	.word L128
   099C 09 F5              1463 	.word L129
   099E                    1464 L124:
   099E C6 01         [ 2] 1465 	ldb	#1
   09A0 E7 E2         [ 6] 1466 	stb	,-s
   09A2 C6 28         [ 2] 1467 	ldb	#40
   09A4 E7 E2         [ 6] 1468 	stb	,-s
   09A6 C6 14         [ 2] 1469 	ldb	#20
   09A8 BD 00 00      [ 8] 1470 	jsr	_print_unsigned_int
   09AB 32 62         [ 5] 1471 	leas	2,s
   09AD 7E 0A 15      [ 4] 1472 	jmp	L131
   09B0                    1473 L125:
   09B0 C6 02         [ 2] 1474 	ldb	#2
   09B2 E7 E2         [ 6] 1475 	stb	,-s
   09B4 C6 28         [ 2] 1476 	ldb	#40
   09B6 E7 E2         [ 6] 1477 	stb	,-s
   09B8 C6 14         [ 2] 1478 	ldb	#20
   09BA BD 00 00      [ 8] 1479 	jsr	_print_unsigned_int
   09BD 32 62         [ 5] 1480 	leas	2,s
   09BF 7E 0A 15      [ 4] 1481 	jmp	L131
   09C2                    1482 L126:
   09C2 C6 03         [ 2] 1483 	ldb	#3
   09C4 E7 E2         [ 6] 1484 	stb	,-s
   09C6 C6 28         [ 2] 1485 	ldb	#40
   09C8 E7 E2         [ 6] 1486 	stb	,-s
   09CA C6 14         [ 2] 1487 	ldb	#20
   09CC BD 00 00      [ 8] 1488 	jsr	_print_unsigned_int
   09CF 32 62         [ 5] 1489 	leas	2,s
   09D1 20 42         [ 3] 1490 	bra	L131
   09D3                    1491 L127:
   09D3 C6 04         [ 2] 1492 	ldb	#4
   09D5 E7 E2         [ 6] 1493 	stb	,-s
   09D7 C6 28         [ 2] 1494 	ldb	#40
   09D9 E7 E2         [ 6] 1495 	stb	,-s
   09DB C6 14         [ 2] 1496 	ldb	#20
   09DD BD 00 00      [ 8] 1497 	jsr	_print_unsigned_int
   09E0 32 62         [ 5] 1498 	leas	2,s
   09E2 20 31         [ 3] 1499 	bra	L131
   09E4                    1500 L128:
   09E4 C6 05         [ 2] 1501 	ldb	#5
   09E6 E7 E2         [ 6] 1502 	stb	,-s
   09E8 C6 28         [ 2] 1503 	ldb	#40
   09EA E7 E2         [ 6] 1504 	stb	,-s
   09EC C6 14         [ 2] 1505 	ldb	#20
   09EE BD 00 00      [ 8] 1506 	jsr	_print_unsigned_int
   09F1 32 62         [ 5] 1507 	leas	2,s
   09F3 20 20         [ 3] 1508 	bra	L131
   09F5                    1509 L129:
   09F5 C6 06         [ 2] 1510 	ldb	#6
   09F7 E7 E2         [ 6] 1511 	stb	,-s
   09F9 C6 28         [ 2] 1512 	ldb	#40
   09FB E7 E2         [ 6] 1513 	stb	,-s
   09FD C6 14         [ 2] 1514 	ldb	#20
   09FF BD 00 00      [ 8] 1515 	jsr	_print_unsigned_int
   0A02 32 62         [ 5] 1516 	leas	2,s
   0A04 20 0F         [ 3] 1517 	bra	L131
   0A06                    1518 L123:
   0A06 C6 64         [ 2] 1519 	ldb	#100
   0A08 E7 E2         [ 6] 1520 	stb	,-s
   0A0A C6 28         [ 2] 1521 	ldb	#40
   0A0C E7 E2         [ 6] 1522 	stb	,-s
   0A0E C6 14         [ 2] 1523 	ldb	#20
   0A10 BD 00 00      [ 8] 1524 	jsr	_print_unsigned_int
   0A13 32 62         [ 5] 1525 	leas	2,s
   0A15                    1526 L131:
   0A15 C6 92         [ 2] 1527 	ldb	#-110
   0A17 E7 E2         [ 6] 1528 	stb	,-s
   0A19 8E 04 73      [ 3] 1529 	ldx	#LC3
   0A1C C6 EC         [ 2] 1530 	ldb	#-20
   0A1E BD 00 00      [ 8] 1531 	jsr	_print_string
   0A21 32 61         [ 5] 1532 	leas	1,s
   0A23 F6 00 02      [ 5] 1533 	ldb	_tower+2
   0A26 E7 6D         [ 5] 1534 	stb	13,s
                           1535 	; ldb	13,s	; optimization 5
   0A28 C1 01         [ 2] 1536 	cmpb	#1	;cmpqi:
   0A2A 27 1E         [ 3] 1537 	beq	L134
   0A2C E6 6D         [ 5] 1538 	ldb	13,s
   0A2E C1 01         [ 2] 1539 	cmpb	#1	;cmpqi:
   0A30 25 06         [ 3] 1540 	blo	L133
                           1541 	; ldb	13,s; optimization 8
   0A32 C1 02         [ 2] 1542 	cmpb	#2	;cmpqi:
   0A34 27 26         [ 3] 1543 	beq	L135
   0A36 20 36         [ 3] 1544 	bra	L169
   0A38                    1545 L133:
   0A38 C6 01         [ 2] 1546 	ldb	#1
   0A3A E7 E2         [ 6] 1547 	stb	,-s
   0A3C C6 28         [ 2] 1548 	ldb	#40
   0A3E E7 E2         [ 6] 1549 	stb	,-s
   0A40 C6 EC         [ 2] 1550 	ldb	#-20
   0A42 BD 00 00      [ 8] 1551 	jsr	_print_unsigned_int
   0A45 32 62         [ 5] 1552 	leas	2,s
   0A47 7E 0C 68      [ 4] 1553 	jmp	L160
   0A4A                    1554 L134:
   0A4A C6 02         [ 2] 1555 	ldb	#2
   0A4C E7 E2         [ 6] 1556 	stb	,-s
   0A4E C6 28         [ 2] 1557 	ldb	#40
   0A50 E7 E2         [ 6] 1558 	stb	,-s
   0A52 C6 EC         [ 2] 1559 	ldb	#-20
   0A54 BD 00 00      [ 8] 1560 	jsr	_print_unsigned_int
   0A57 32 62         [ 5] 1561 	leas	2,s
   0A59 7E 0C 68      [ 4] 1562 	jmp	L160
   0A5C                    1563 L135:
   0A5C C6 03         [ 2] 1564 	ldb	#3
   0A5E E7 E2         [ 6] 1565 	stb	,-s
   0A60 C6 28         [ 2] 1566 	ldb	#40
   0A62 E7 E2         [ 6] 1567 	stb	,-s
   0A64 C6 EC         [ 2] 1568 	ldb	#-20
   0A66 BD 00 00      [ 8] 1569 	jsr	_print_unsigned_int
   0A69 32 62         [ 5] 1570 	leas	2,s
   0A6B 7E 0C 68      [ 4] 1571 	jmp	L160
   0A6E                    1572 L169:
   0A6E C6 64         [ 2] 1573 	ldb	#100
   0A70 E7 E2         [ 6] 1574 	stb	,-s
   0A72 C6 28         [ 2] 1575 	ldb	#40
   0A74 E7 E2         [ 6] 1576 	stb	,-s
   0A76 C6 EC         [ 2] 1577 	ldb	#-20
   0A78 BD 00 00      [ 8] 1578 	jsr	_print_unsigned_int
   0A7B 32 62         [ 5] 1579 	leas	2,s
   0A7D 7E 0C 68      [ 4] 1580 	jmp	L160
   0A80                    1581 L112:
   0A80 F6 00 01      [ 5] 1582 	ldb	_Menu+1
   0A83 C1 03         [ 2] 1583 	cmpb	#3	;cmpqi:
   0A85 10 26 01 DF   [ 6] 1584 	lbne	L160
   0A89 C6 92         [ 2] 1585 	ldb	#-110
   0A8B E7 E2         [ 6] 1586 	stb	,-s
   0A8D 8E 04 81      [ 3] 1587 	ldx	#LC4
   0A90 C6 64         [ 2] 1588 	ldb	#100
   0A92 BD 00 00      [ 8] 1589 	jsr	_print_string
   0A95 32 61         [ 5] 1590 	leas	1,s
   0A97 F6 00 00      [ 5] 1591 	ldb	_player
   0A9A E7 6E         [ 5] 1592 	stb	14,s
                           1593 	; ldb	14,s	; optimization 5
   0A9C C1 01         [ 2] 1594 	cmpb	#1	;cmpqi:
   0A9E 27 1D         [ 3] 1595 	beq	L139
   0AA0 E6 6E         [ 5] 1596 	ldb	14,s
   0AA2 C1 01         [ 2] 1597 	cmpb	#1	;cmpqi:
   0AA4 25 06         [ 3] 1598 	blo	L138
                           1599 	; ldb	14,s; optimization 8
   0AA6 C1 02         [ 2] 1600 	cmpb	#2	;cmpqi:
   0AA8 27 24         [ 3] 1601 	beq	L140
   0AAA 20 33         [ 3] 1602 	bra	L170
   0AAC                    1603 L138:
   0AAC C6 01         [ 2] 1604 	ldb	#1
   0AAE E7 E2         [ 6] 1605 	stb	,-s
   0AB0 C6 28         [ 2] 1606 	ldb	#40
   0AB2 E7 E2         [ 6] 1607 	stb	,-s
   0AB4 C6 64         [ 2] 1608 	ldb	#100
   0AB6 BD 00 00      [ 8] 1609 	jsr	_print_unsigned_int
   0AB9 32 62         [ 5] 1610 	leas	2,s
   0ABB 20 31         [ 3] 1611 	bra	L141
   0ABD                    1612 L139:
   0ABD C6 02         [ 2] 1613 	ldb	#2
   0ABF E7 E2         [ 6] 1614 	stb	,-s
   0AC1 C6 28         [ 2] 1615 	ldb	#40
   0AC3 E7 E2         [ 6] 1616 	stb	,-s
   0AC5 C6 64         [ 2] 1617 	ldb	#100
   0AC7 BD 00 00      [ 8] 1618 	jsr	_print_unsigned_int
   0ACA 32 62         [ 5] 1619 	leas	2,s
   0ACC 20 20         [ 3] 1620 	bra	L141
   0ACE                    1621 L140:
   0ACE C6 03         [ 2] 1622 	ldb	#3
   0AD0 E7 E2         [ 6] 1623 	stb	,-s
   0AD2 C6 28         [ 2] 1624 	ldb	#40
   0AD4 E7 E2         [ 6] 1625 	stb	,-s
   0AD6 C6 64         [ 2] 1626 	ldb	#100
   0AD8 BD 00 00      [ 8] 1627 	jsr	_print_unsigned_int
   0ADB 32 62         [ 5] 1628 	leas	2,s
   0ADD 20 0F         [ 3] 1629 	bra	L141
   0ADF                    1630 L170:
   0ADF C6 64         [ 2] 1631 	ldb	#100
   0AE1 E7 E2         [ 6] 1632 	stb	,-s
   0AE3 C6 28         [ 2] 1633 	ldb	#40
   0AE5 E7 E2         [ 6] 1634 	stb	,-s
   0AE7 C6 64         [ 2] 1635 	ldb	#100
   0AE9 BD 00 00      [ 8] 1636 	jsr	_print_unsigned_int
   0AEC 32 62         [ 5] 1637 	leas	2,s
   0AEE                    1638 L141:
   0AEE C6 92         [ 2] 1639 	ldb	#-110
   0AF0 E7 E2         [ 6] 1640 	stb	,-s
   0AF2 8E 04 57      [ 3] 1641 	ldx	#LC1
   0AF5 C6 3C         [ 2] 1642 	ldb	#60
   0AF7 BD 00 00      [ 8] 1643 	jsr	_print_string
   0AFA 32 61         [ 5] 1644 	leas	1,s
   0AFC F6 00 04      [ 5] 1645 	ldb	_player+4
   0AFF E7 6F         [ 5] 1646 	stb	15,s
                           1647 	; ldb	15,s	; optimization 5
   0B01 C1 01         [ 2] 1648 	cmpb	#1	;cmpqi:
   0B03 27 1D         [ 3] 1649 	beq	L144
   0B05 E6 6F         [ 5] 1650 	ldb	15,s
   0B07 C1 01         [ 2] 1651 	cmpb	#1	;cmpqi:
   0B09 25 06         [ 3] 1652 	blo	L143
                           1653 	; ldb	15,s; optimization 8
   0B0B C1 02         [ 2] 1654 	cmpb	#2	;cmpqi:
   0B0D 27 24         [ 3] 1655 	beq	L145
   0B0F 20 33         [ 3] 1656 	bra	L171
   0B11                    1657 L143:
   0B11 C6 01         [ 2] 1658 	ldb	#1
   0B13 E7 E2         [ 6] 1659 	stb	,-s
   0B15 C6 28         [ 2] 1660 	ldb	#40
   0B17 E7 E2         [ 6] 1661 	stb	,-s
   0B19 C6 3C         [ 2] 1662 	ldb	#60
   0B1B BD 00 00      [ 8] 1663 	jsr	_print_unsigned_int
   0B1E 32 62         [ 5] 1664 	leas	2,s
   0B20 20 31         [ 3] 1665 	bra	L146
   0B22                    1666 L144:
   0B22 C6 02         [ 2] 1667 	ldb	#2
   0B24 E7 E2         [ 6] 1668 	stb	,-s
   0B26 C6 28         [ 2] 1669 	ldb	#40
   0B28 E7 E2         [ 6] 1670 	stb	,-s
   0B2A C6 3C         [ 2] 1671 	ldb	#60
   0B2C BD 00 00      [ 8] 1672 	jsr	_print_unsigned_int
   0B2F 32 62         [ 5] 1673 	leas	2,s
   0B31 20 20         [ 3] 1674 	bra	L146
   0B33                    1675 L145:
   0B33 C6 03         [ 2] 1676 	ldb	#3
   0B35 E7 E2         [ 6] 1677 	stb	,-s
   0B37 C6 28         [ 2] 1678 	ldb	#40
   0B39 E7 E2         [ 6] 1679 	stb	,-s
   0B3B C6 3C         [ 2] 1680 	ldb	#60
   0B3D BD 00 00      [ 8] 1681 	jsr	_print_unsigned_int
   0B40 32 62         [ 5] 1682 	leas	2,s
   0B42 20 0F         [ 3] 1683 	bra	L146
   0B44                    1684 L171:
   0B44 C6 64         [ 2] 1685 	ldb	#100
   0B46 E7 E2         [ 6] 1686 	stb	,-s
   0B48 C6 28         [ 2] 1687 	ldb	#40
   0B4A E7 E2         [ 6] 1688 	stb	,-s
   0B4C C6 3C         [ 2] 1689 	ldb	#60
   0B4E BD 00 00      [ 8] 1690 	jsr	_print_unsigned_int
   0B51 32 62         [ 5] 1691 	leas	2,s
   0B53                    1692 L146:
   0B53 C6 92         [ 2] 1693 	ldb	#-110
   0B55 E7 E2         [ 6] 1694 	stb	,-s
   0B57 8E 04 66      [ 3] 1695 	ldx	#LC2
   0B5A C6 14         [ 2] 1696 	ldb	#20
   0B5C BD 00 00      [ 8] 1697 	jsr	_print_string
   0B5F 32 61         [ 5] 1698 	leas	1,s
   0B61 F6 00 01      [ 5] 1699 	ldb	_tower+1
   0B64 E7 E8 10      [ 5] 1700 	stb	16,s
                           1701 	; ldb	16,s	; optimization 5
   0B67 C1 05         [ 2] 1702 	cmpb	#5	;cmpqi:
   0B69 10 22 00 85   [ 6] 1703 	lbhi	L147
   0B6D E6 E8 10      [ 5] 1704 	ldb	16,s
   0B70 4F            [ 2] 1705 	clra		;zero_extendqihi: R:b -> R:d
   0B71 ED E4         [ 5] 1706 	std	,s
                           1707 	; ldd	,s	; optimization 5
   0B73 58            [ 2] 1708 	aslb
   0B74 49            [ 2] 1709 	rola
   0B75 CE 0B 7E      [ 3] 1710 	ldu	#L154
   0B78 30 CB         [ 8] 1711 	leax	d,u
   0B7A AE 84         [ 5] 1712 	ldx	,x
   0B7C 6E 84         [ 3] 1713 	jmp	,x
   0B7E                    1714 L154:
   0B7E 0B 8A              1715 	.word L148
   0B80 0B 9C              1716 	.word L149
   0B82 0B AE              1717 	.word L150
   0B84 0B BF              1718 	.word L151
   0B86 0B D0              1719 	.word L152
   0B88 0B E1              1720 	.word L153
   0B8A                    1721 L148:
   0B8A C6 01         [ 2] 1722 	ldb	#1
   0B8C E7 E2         [ 6] 1723 	stb	,-s
   0B8E C6 28         [ 2] 1724 	ldb	#40
   0B90 E7 E2         [ 6] 1725 	stb	,-s
   0B92 C6 14         [ 2] 1726 	ldb	#20
   0B94 BD 00 00      [ 8] 1727 	jsr	_print_unsigned_int
   0B97 32 62         [ 5] 1728 	leas	2,s
   0B99 7E 0C 01      [ 4] 1729 	jmp	L155
   0B9C                    1730 L149:
   0B9C C6 02         [ 2] 1731 	ldb	#2
   0B9E E7 E2         [ 6] 1732 	stb	,-s
   0BA0 C6 28         [ 2] 1733 	ldb	#40
   0BA2 E7 E2         [ 6] 1734 	stb	,-s
   0BA4 C6 14         [ 2] 1735 	ldb	#20
   0BA6 BD 00 00      [ 8] 1736 	jsr	_print_unsigned_int
   0BA9 32 62         [ 5] 1737 	leas	2,s
   0BAB 7E 0C 01      [ 4] 1738 	jmp	L155
   0BAE                    1739 L150:
   0BAE C6 03         [ 2] 1740 	ldb	#3
   0BB0 E7 E2         [ 6] 1741 	stb	,-s
   0BB2 C6 28         [ 2] 1742 	ldb	#40
   0BB4 E7 E2         [ 6] 1743 	stb	,-s
   0BB6 C6 14         [ 2] 1744 	ldb	#20
   0BB8 BD 00 00      [ 8] 1745 	jsr	_print_unsigned_int
   0BBB 32 62         [ 5] 1746 	leas	2,s
   0BBD 20 42         [ 3] 1747 	bra	L155
   0BBF                    1748 L151:
   0BBF C6 04         [ 2] 1749 	ldb	#4
   0BC1 E7 E2         [ 6] 1750 	stb	,-s
   0BC3 C6 28         [ 2] 1751 	ldb	#40
   0BC5 E7 E2         [ 6] 1752 	stb	,-s
   0BC7 C6 14         [ 2] 1753 	ldb	#20
   0BC9 BD 00 00      [ 8] 1754 	jsr	_print_unsigned_int
   0BCC 32 62         [ 5] 1755 	leas	2,s
   0BCE 20 31         [ 3] 1756 	bra	L155
   0BD0                    1757 L152:
   0BD0 C6 05         [ 2] 1758 	ldb	#5
   0BD2 E7 E2         [ 6] 1759 	stb	,-s
   0BD4 C6 28         [ 2] 1760 	ldb	#40
   0BD6 E7 E2         [ 6] 1761 	stb	,-s
   0BD8 C6 14         [ 2] 1762 	ldb	#20
   0BDA BD 00 00      [ 8] 1763 	jsr	_print_unsigned_int
   0BDD 32 62         [ 5] 1764 	leas	2,s
   0BDF 20 20         [ 3] 1765 	bra	L155
   0BE1                    1766 L153:
   0BE1 C6 06         [ 2] 1767 	ldb	#6
   0BE3 E7 E2         [ 6] 1768 	stb	,-s
   0BE5 C6 28         [ 2] 1769 	ldb	#40
   0BE7 E7 E2         [ 6] 1770 	stb	,-s
   0BE9 C6 14         [ 2] 1771 	ldb	#20
   0BEB BD 00 00      [ 8] 1772 	jsr	_print_unsigned_int
   0BEE 32 62         [ 5] 1773 	leas	2,s
   0BF0 20 0F         [ 3] 1774 	bra	L155
   0BF2                    1775 L147:
   0BF2 C6 64         [ 2] 1776 	ldb	#100
   0BF4 E7 E2         [ 6] 1777 	stb	,-s
   0BF6 C6 28         [ 2] 1778 	ldb	#40
   0BF8 E7 E2         [ 6] 1779 	stb	,-s
   0BFA C6 14         [ 2] 1780 	ldb	#20
   0BFC BD 00 00      [ 8] 1781 	jsr	_print_unsigned_int
   0BFF 32 62         [ 5] 1782 	leas	2,s
   0C01                    1783 L155:
   0C01 C6 92         [ 2] 1784 	ldb	#-110
   0C03 E7 E2         [ 6] 1785 	stb	,-s
   0C05 8E 04 AB      [ 3] 1786 	ldx	#LC7
   0C08 C6 EC         [ 2] 1787 	ldb	#-20
   0C0A BD 00 00      [ 8] 1788 	jsr	_print_string
   0C0D 32 61         [ 5] 1789 	leas	1,s
   0C0F F6 00 02      [ 5] 1790 	ldb	_tower+2
   0C12 E7 E8 11      [ 5] 1791 	stb	17,s
                           1792 	; ldb	17,s	; optimization 5
   0C15 C1 01         [ 2] 1793 	cmpb	#1	;cmpqi:
   0C17 27 1E         [ 3] 1794 	beq	L158
   0C19 E6 E8 11      [ 5] 1795 	ldb	17,s
   0C1C C1 01         [ 2] 1796 	cmpb	#1	;cmpqi:
   0C1E 25 06         [ 3] 1797 	blo	L157
                           1798 	; ldb	17,s; optimization 8
   0C20 C1 02         [ 2] 1799 	cmpb	#2	;cmpqi:
   0C22 27 24         [ 3] 1800 	beq	L159
   0C24 20 33         [ 3] 1801 	bra	L172
   0C26                    1802 L157:
   0C26 C6 01         [ 2] 1803 	ldb	#1
   0C28 E7 E2         [ 6] 1804 	stb	,-s
   0C2A C6 28         [ 2] 1805 	ldb	#40
   0C2C E7 E2         [ 6] 1806 	stb	,-s
   0C2E C6 EC         [ 2] 1807 	ldb	#-20
   0C30 BD 00 00      [ 8] 1808 	jsr	_print_unsigned_int
   0C33 32 62         [ 5] 1809 	leas	2,s
   0C35 20 31         [ 3] 1810 	bra	L160
   0C37                    1811 L158:
   0C37 C6 02         [ 2] 1812 	ldb	#2
   0C39 E7 E2         [ 6] 1813 	stb	,-s
   0C3B C6 28         [ 2] 1814 	ldb	#40
   0C3D E7 E2         [ 6] 1815 	stb	,-s
   0C3F C6 EC         [ 2] 1816 	ldb	#-20
   0C41 BD 00 00      [ 8] 1817 	jsr	_print_unsigned_int
   0C44 32 62         [ 5] 1818 	leas	2,s
   0C46 20 20         [ 3] 1819 	bra	L160
   0C48                    1820 L159:
   0C48 C6 03         [ 2] 1821 	ldb	#3
   0C4A E7 E2         [ 6] 1822 	stb	,-s
   0C4C C6 28         [ 2] 1823 	ldb	#40
   0C4E E7 E2         [ 6] 1824 	stb	,-s
   0C50 C6 EC         [ 2] 1825 	ldb	#-20
   0C52 BD 00 00      [ 8] 1826 	jsr	_print_unsigned_int
   0C55 32 62         [ 5] 1827 	leas	2,s
   0C57 20 0F         [ 3] 1828 	bra	L160
   0C59                    1829 L172:
   0C59 C6 64         [ 2] 1830 	ldb	#100
   0C5B E7 E2         [ 6] 1831 	stb	,-s
   0C5D C6 28         [ 2] 1832 	ldb	#40
   0C5F E7 E2         [ 6] 1833 	stb	,-s
   0C61 C6 EC         [ 2] 1834 	ldb	#-20
   0C63 BD 00 00      [ 8] 1835 	jsr	_print_unsigned_int
   0C66 32 62         [ 5] 1836 	leas	2,s
   0C68                    1837 L160:
   0C68 32 E8 12      [ 5] 1838 	leas	18,s
   0C6B 35 C0         [ 7] 1839 	puls	u,pc
ASxxxx Assembler V05.00  (Motorola 6809), page 1.
Hexidecimal [16-Bits]

Symbol Table

    .__.$$$.       =   2710 L   |     .__.ABS.       =   0000 G
    .__.CPU.       =   0000 L   |     .__.H$L.       =   0001 L
  2 L10                0192 R   |   2 L100               07C6 R
  2 L101               07D8 R   |   2 L102               07E9 R
  2 L103               07FA R   |   2 L104               080B R
  2 L105               07A8 R   |   2 L106               082B R
  2 L108               084E R   |   2 L109               0860 R
  2 L110               0872 R   |   2 L112               0A80 R
  2 L114               08C2 R   |   2 L115               08D3 R
  2 L116               08E4 R   |   2 L117               0904 R
  2 L119               0927 R   |   2 L120               0938 R
  2 L121               0949 R   |   2 L122               0969 R
  2 L123               0A06 R   |   2 L124               099E R
  2 L125               09B0 R   |   2 L126               09C2 R
  2 L127               09D3 R   |   2 L128               09E4 R
  2 L129               09F5 R   |   2 L13                017C R
  2 L130               0992 R   |   2 L131               0A15 R
  2 L133               0A38 R   |   2 L134               0A4A R
  2 L135               0A5C R   |   2 L138               0AAC R
  2 L139               0ABD R   |   2 L14                0184 R
  2 L140               0ACE R   |   2 L141               0AEE R
  2 L143               0B11 R   |   2 L144               0B22 R
  2 L145               0B33 R   |   2 L146               0B53 R
  2 L147               0BF2 R   |   2 L148               0B8A R
  2 L149               0B9C R   |   2 L150               0BAE R
  2 L151               0BBF R   |   2 L152               0BD0 R
  2 L153               0BE1 R   |   2 L154               0B7E R
  2 L155               0C01 R   |   2 L157               0C26 R
  2 L158               0C37 R   |   2 L159               0C48 R
  2 L160               0C68 R   |   2 L161               0521 R
  2 L162               0586 R   |   2 L163               069A R
  2 L164               070B R   |   2 L165               0770 R
  2 L166               0884 R   |   2 L167               08F5 R
  2 L168               095A R   |   2 L169               0A6E R
  2 L17                01C6 R   |   2 L170               0ADF R
  2 L171               0B44 R   |   2 L172               0C59 R
  2 L19                01B0 R   |   2 L20                01B8 R
  2 L23                02B6 R   |   2 L25                01FD R
  2 L26                0222 R   |   2 L27                0247 R
  2 L28                026C R   |   2 L29                0291 R
  2 L30                01F3 R   |   2 L36                02D9 R
  2 L37                033D R   |   2 L4                 011F R
  2 L41                03B5 R   |   2 L42                03F2 R
  2 L44                03D6 R   |   2 L45                03DE R
  2 L46                03E4 R   |   2 L47                03EB R
  2 L48                0400 R   |   2 L49                0420 R
  2 L50                0427 R   |   2 L51                042E R
  2 L52                0435 R   |   2 L53                0438 R
  2 L54                018C R   |   2 L55                01C0 R
  2 L56                03A1 R   |   2 L58                043D R
  2 L6                 0135 R   |   2 L61                06AC R
  2 L63                04EE R   |   2 L64                04FF R
  2 L65                0510 R   |   2 L66                0530 R
  2 L68                0553 R   |   2 L69                0564 R
  2 L7                 0142 R   |   2 L70                0575 R
  2 L71                0595 R   |   2 L72                0632 R
  2 L73                05CA R   |   2 L74                05DC R
  2 L75                05EE R   |   2 L76                05FF R
  2 L77                0610 R   |   2 L78                0621 R
  2 L79                05BE R   |   2 L8                 0150 R
  2 L80                0641 R   |   2 L82                0664 R
  2 L83                0676 R   |   2 L84                0688 R
  2 L87                0896 R   |   2 L89                06D8 R
  2 L9                 03A7 R   |   2 L90                06E9 R
  2 L91                06FA R   |   2 L92                071A R
  2 L94                073D R   |   2 L95                074E R
  2 L96                075F R   |   2 L97                077F R
  2 L98                081C R   |   2 L99                07B4 R
  2 LC0                0449 R   |   2 LC1                0457 R
  2 LC2                0466 R   |   2 LC3                0473 R
  2 LC4                0481 R   |   2 LC5                048F R
  2 LC6                049E R   |   2 LC7                04AB R
  3 _Menu              0000 GR  |     _Sync              **** GX
    _Vec_Joy_1_X       **** GX  |     _Vec_Joy_1_Y       **** GX
    ___Joy_Digital     **** GX  |     ___Reset0Ref       **** GX
  3 _limit.3290        0002 R   |   2 _menu_draw         04B9 GR
  2 _menu_handle       010B GR  |   2 _menu_init         0102 GR
  2 _menu_open         043D GR  |     _player            **** GX
    _print_string      **** GX  |     _print_unsigne     **** GX
    _set_tower         **** GX  |     _tower             **** GX
  2 _towercost         0000 GR  |   2 _vectors_tower     0024 GR
  2 _vectors_tower     0042 GR  |   2 _vectors_tower     0069 GR
  2 _vectors_tower     0096 GR  |   2 _vectors_tower     00CC GR
  2 _vectors_tower     00E7 GR

ASxxxx Assembler V05.00  (Motorola 6809), page 2.
Hexidecimal [16-Bits]

Area Table

[_CSEG]
   0 _CODE            size    0   flags C080
   2 .text            size  C6D   flags  100
   3 .data            size    3   flags  100
[_DSEG]
   1 _DATA            size    0   flags C0C0

