                              1 
                              2 ;;; gcc for m6809 : Feb 15 2016 21:40:10
                              3 ;;; 4.3.6 (gcc6809)
                              4 ;;; ABI version 1
                              5 ;;; -mint8
                              6 	.module	player.c
                              7 	.globl _vectors_player
                              8 	.area .text
   0000                       9 _vectors_player:
   0000 FF                   10 	.byte	-1
   0001 04                   11 	.byte	4
   0002 00                   12 	.byte	0
   0003 FF                   13 	.byte	-1
   0004 00                   14 	.byte	0
   0005 0C                   15 	.byte	12
   0006 FF                   16 	.byte	-1
   0007 04                   17 	.byte	4
   0008 00                   18 	.byte	0
   0009 FF                   19 	.byte	-1
   000A F8                   20 	.byte	-8
   000B 28                   21 	.byte	40
   000C FF                   22 	.byte	-1
   000D F8                   23 	.byte	-8
   000E D8                   24 	.byte	-40
   000F FF                   25 	.byte	-1
   0010 04                   26 	.byte	4
   0011 00                   27 	.byte	0
   0012 FF                   28 	.byte	-1
   0013 00                   29 	.byte	0
   0014 F4                   30 	.byte	-12
   0015 FF                   31 	.byte	-1
   0016 04                   32 	.byte	4
   0017 00                   33 	.byte	0
   0018 01                   34 	.byte	1
   0019 00                   35 	.byte	0
   001A 00                   36 	.byte	0
                             37 	.globl _player
                             38 	.area .data
   0000                      39 _player:
   0000 00 00                40 	.word	0	;skip space 4
   0002 00 00                41 	.word	0	;skip space 2
                             42 	.area .text
                             43 	.globl _draw_player
   001B                      44 _draw_player:
   001B 32 E8 E4      [ 5]   45 	leas	-28,s
   001E BD 00 00      [ 8]   46 	jsr	___Reset0Ref
   0021 C6 7F         [ 2]   47 	ldb	#127
   0023 D7 00         [ 4]   48 	stb	*_dp_VIA_t1_cnt_lo
   0025 6F E2         [ 8]   49 	clr	,-s
   0027 5F            [ 2]   50 	clrb
   0028 BD 00 00      [ 8]   51 	jsr	__Moveto_d
   002B 32 61         [ 5]   52 	leas	1,s
   002D C6 22         [ 2]   53 	ldb	#34
   002F D7 00         [ 4]   54 	stb	*_dp_VIA_t1_cnt_lo
   0031 F6 00 01      [ 5]   55 	ldb	_player+1
   0034 E7 E8 1B      [ 5]   56 	stb	27,s
   0037 30 E4         [ 4]   57 	leax	,s
   0039 34 10         [ 6]   58 	pshs	x
   003B 8E 00 00      [ 3]   59 	ldx	#_vectors_player
   003E E6 E8 1D      [ 5]   60 	ldb	29,s
   0041 BD 00 00      [ 8]   61 	jsr	__Rot_VL_Mode
   0044 32 62         [ 5]   62 	leas	2,s
   0046 30 E4         [ 4]   63 	leax	,s
   0048 BD 00 00      [ 8]   64 	jsr	___Draw_VLp
   004B 32 E8 1C      [ 5]   65 	leas	28,s
   004E 39            [ 5]   66 	rts
                             67 	.globl _init_player
   004F                      68 _init_player:
   004F 7F 00 00      [ 7]   69 	clr	_player
   0052 7F 00 01      [ 7]   70 	clr	_player+1
   0055 7F 00 02      [ 7]   71 	clr	_player+2
   0058 C6 01         [ 2]   72 	ldb	#1
   005A F7 00 03      [ 5]   73 	stb	_player+3
   005D 39            [ 5]   74 	rts
                             75 	.globl _rotate_player
   005E                      76 _rotate_player:
   005E 32 7D         [ 5]   77 	leas	-3,s
   0060 C6 01         [ 2]   78 	ldb	#1
   0062 E7 62         [ 5]   79 	stb	2,s
   0064 BD 00 00      [ 8]   80 	jsr	___Joy_Digital
   0067 F6 00 00      [ 5]   81 	ldb	_Vec_Joy_1_X
   006A 6F E4         [ 6]   82 	clr	,s
   006C 5D            [ 2]   83 	tstb
   006D 2C 04         [ 3]   84 	bge	L6
   006F C6 01         [ 2]   85 	ldb	#1
   0071 E7 E4         [ 4]   86 	stb	,s
   0073                      87 L6:
   0073 E6 E4         [ 4]   88 	ldb	,s
                             89 	; tstb	; optimization 6
   0075 27 11         [ 3]   90 	beq	L7
   0077 F6 00 01      [ 5]   91 	ldb	_player+1
   007A EB 62         [ 5]   92 	addb	2,s
   007C F7 00 01      [ 5]   93 	stb	_player+1
                             94 	; ldb	_player+1	; optimization 5
   007F C1 3E         [ 2]   95 	cmpb	#62	;cmpqi:
   0081 23 26         [ 3]   96 	bls	L11
   0083 7F 00 01      [ 7]   97 	clr	_player+1
   0086 20 21         [ 3]   98 	bra	L11
   0088                      99 L7:
   0088 F6 00 00      [ 5]  100 	ldb	_Vec_Joy_1_X
   008B 6F 61         [ 7]  101 	clr	1,s
   008D 5D            [ 2]  102 	tstb
   008E 2F 04         [ 3]  103 	ble	L10
   0090 C6 01         [ 2]  104 	ldb	#1
   0092 E7 61         [ 5]  105 	stb	1,s
   0094                     106 L10:
   0094 E6 61         [ 5]  107 	ldb	1,s
                            108 	; tstb	; optimization 6
   0096 27 11         [ 3]  109 	beq	L11
   0098 F6 00 01      [ 5]  110 	ldb	_player+1
   009B E0 62         [ 5]  111 	subb	2,s
   009D F7 00 01      [ 5]  112 	stb	_player+1
                            113 	; ldb	_player+1	; optimization 5
   00A0 C1 40         [ 2]  114 	cmpb	#64	;cmpqi:
   00A2 23 05         [ 3]  115 	bls	L11
   00A4 C6 3F         [ 2]  116 	ldb	#63
   00A6 F7 00 01      [ 5]  117 	stb	_player+1
   00A9                     118 L11:
   00A9 32 63         [ 5]  119 	leas	3,s
   00AB 39            [ 5]  120 	rts
                            121 	.area .data
   0004                     122 _timerFireRate.3281:
   0004 14                  123 	.byte	20
                            124 	.area .text
                            125 	.globl _shot_player
   00AC                     126 _shot_player:
   00AC 32 7A         [ 5]  127 	leas	-6,s
   00AE BD 00 00      [ 8]  128 	jsr	___Joy_Digital
   00B1 6F 64         [ 7]  129 	clr	4,s
   00B3 6F 65         [ 7]  130 	clr	5,s
   00B5 F6 00 03      [ 5]  131 	ldb	_player+3
   00B8 E7 61         [ 5]  132 	stb	1,s
   00BA F6 00 04      [ 5]  133 	ldb	_timerFireRate.3281
   00BD E1 61         [ 5]  134 	cmpb	1,s	;cmpqi:(R)
   00BF 23 13         [ 3]  135 	bls	L13
   00C1 F6 00 04      [ 5]  136 	ldb	_timerFireRate.3281
   00C4 E7 E4         [ 4]  137 	stb	,s
   00C6 F6 00 03      [ 5]  138 	ldb	_player+3
   00C9 E7 62         [ 5]  139 	stb	2,s
   00CB E6 E4         [ 4]  140 	ldb	,s
   00CD E0 62         [ 5]  141 	subb	2,s
   00CF F7 00 04      [ 5]  142 	stb	_timerFireRate.3281
   00D2 20 23         [ 3]  143 	bra	L16
   00D4                     144 L13:
   00D4 F6 00 00      [ 5]  145 	ldb	_Vec_Joy_1_Y
   00D7 6F 63         [ 7]  146 	clr	3,s
   00D9 5D            [ 2]  147 	tstb
   00DA 2F 04         [ 3]  148 	ble	L15
   00DC C6 01         [ 2]  149 	ldb	#1
   00DE E7 63         [ 5]  150 	stb	3,s
   00E0                     151 L15:
   00E0 E6 63         [ 5]  152 	ldb	3,s
                            153 	; tstb	; optimization 6
   00E2 27 13         [ 3]  154 	beq	L16
   00E4 F6 00 01      [ 5]  155 	ldb	_player+1
   00E7 34 04         [ 6]  156 	pshs	b
   00E9 C6 03         [ 2]  157 	ldb	#3
   00EB AE 65         [ 6]  158 	ldx	5,s
   00ED BD 00 00      [ 8]  159 	jsr	_fire_bullet
   00F0 32 61         [ 5]  160 	leas	1,s
   00F2 C6 14         [ 2]  161 	ldb	#20
   00F4 F7 00 04      [ 5]  162 	stb	_timerFireRate.3281
   00F7                     163 L16:
   00F7 32 66         [ 5]  164 	leas	6,s
   00F9 39            [ 5]  165 	rts
                            166 	.globl _handle_player
   00FA                     167 _handle_player:
   00FA BD 00 5E      [ 8]  168 	jsr	_rotate_player
   00FD BD 00 1B      [ 8]  169 	jsr	_draw_player
   0100 BD 00 AC      [ 8]  170 	jsr	_shot_player
   0103 39            [ 5]  171 	rts
                            172 	.area .bss
                            173 	.globl	_bullets
   0000                     174 _bullets:	.blkb	60
ASxxxx Assembler V05.00  (Motorola 6809), page 1.
Hexidecimal [16-Bits]

Symbol Table

    .__.$$$.       =   2710 L   |     .__.ABS.       =   0000 G
    .__.CPU.       =   0000 L   |     .__.H$L.       =   0001 L
  2 L10                0094 R   |   2 L11                00A9 R
  2 L13                00D4 R   |   2 L15                00E0 R
  2 L16                00F7 R   |   2 L6                 0073 R
  2 L7                 0088 R   |     _Vec_Joy_1_X       **** GX
    _Vec_Joy_1_Y       **** GX  |     __Moveto_d         **** GX
    __Rot_VL_Mode      **** GX  |     ___Draw_VLp        **** GX
    ___Joy_Digital     **** GX  |     ___Reset0Ref       **** GX
  4 _bullets           0000 GR  |     _dp_VIA_t1_cnt     **** GX
  2 _draw_player       001B GR  |     _fire_bullet       **** GX
  2 _handle_player     00FA GR  |   2 _init_player       004F GR
  3 _player            0000 GR  |   2 _rotate_player     005E GR
  2 _shot_player       00AC GR  |   3 _timerFireRate     0004 R
  2 _vectors_playe     0000 GR

ASxxxx Assembler V05.00  (Motorola 6809), page 2.
Hexidecimal [16-Bits]

Area Table

[_CSEG]
   0 _CODE            size    0   flags C080
   2 .text            size  104   flags  100
   3 .data            size    5   flags  100
   4 .bss             size   3C   flags    0
[_DSEG]
   1 _DATA            size    0   flags C0C0

