                              1 
                              2 ;;; gcc for m6809 : Feb 15 2016 21:40:10
                              3 ;;; 4.3.6 (gcc6809)
                              4 ;;; ABI version 1
                              5 ;;; -mint8
                              6 	.module	print.c
                              7 	.area .text
                              8 	.globl _print_string
   0000                       9 _print_string:
   0000 32 77         [ 5]   10 	leas	-9,s
   0002 E7 62         [ 5]   11 	stb	2,s
   0004 AF E4         [ 5]   12 	stx	,s
   0006 E6 62         [ 5]   13 	ldb	2,s
   0008 E7 64         [ 5]   14 	stb	4,s
   000A E6 6B         [ 5]   15 	ldb	11,s
   000C E7 63         [ 5]   16 	stb	3,s
   000E C6 CC         [ 2]   17 	ldb	#-52
   0010 D7 00         [ 4]   18 	stb	*_dp_VIA_cntl
   0012 C6 7F         [ 2]   19 	ldb	#127
   0014 D7 00         [ 4]   20 	stb	*_dp_VIA_t1_cnt_lo
   0016 E6 64         [ 5]   21 	ldb	4,s
   0018 E7 66         [ 5]   22 	stb	6,s
   001A E6 63         [ 5]   23 	ldb	3,s
   001C E7 65         [ 5]   24 	stb	5,s
   001E E6 66         [ 5]   25 	ldb	6,s
   0020 E7 E2         [ 6]   26 	stb	,-s
   0022 E6 66         [ 5]   27 	ldb	6,s
   0024 BD 00 00      [ 8]   28 	jsr	__Moveto_d
   0027 32 61         [ 5]   29 	leas	1,s
   0029 AE E4         [ 5]   30 	ldx	,s
   002B AF 67         [ 6]   31 	stx	7,s
                             32 	; ldx	7,s	; optimization 5
   002D BD 00 00      [ 8]   33 	jsr	__Print_Str
   0030 32 69         [ 5]   34 	leas	9,s
   0032 39            [ 5]   35 	rts
                             36 	.globl _print_unsigned_int
   0033                      37 _print_unsigned_int:
   0033 32 77         [ 5]   38 	leas	-9,s
   0035 E7 E4         [ 4]   39 	stb	,s
   0037 C6 80         [ 2]   40 	ldb	#-128
   0039 E7 64         [ 5]   41 	stb	4,s
   003B E6 6C         [ 5]   42 	ldb	12,s
   003D C1 63         [ 2]   43 	cmpb	#99	;cmpqi:
   003F 22 06         [ 3]   44 	bhi	L4
   0041 C6 30         [ 2]   45 	ldb	#48
   0043 E7 61         [ 5]   46 	stb	1,s
   0045 20 1C         [ 3]   47 	bra	L5
   0047                      48 L4:
   0047 E6 6C         [ 5]   49 	ldb	12,s
   0049 C1 C7         [ 2]   50 	cmpb	#-57	;cmpqi:
   004B 22 0C         [ 3]   51 	bhi	L6
   004D C6 31         [ 2]   52 	ldb	#49
   004F E7 61         [ 5]   53 	stb	1,s
   0051 E6 6C         [ 5]   54 	ldb	12,s
   0053 CB 9C         [ 2]   55 	addb	#-100
   0055 E7 6C         [ 5]   56 	stb	12,s
   0057 20 0A         [ 3]   57 	bra	L5
   0059                      58 L6:
   0059 C6 32         [ 2]   59 	ldb	#50
   005B E7 61         [ 5]   60 	stb	1,s
   005D E6 6C         [ 5]   61 	ldb	12,s
   005F CB 38         [ 2]   62 	addb	#56
   0061 E7 6C         [ 5]   63 	stb	12,s
   0063                      64 L5:
   0063 C6 30         [ 2]   65 	ldb	#48
   0065 E7 62         [ 5]   66 	stb	2,s
   0067 20 0B         [ 3]   67 	bra	L7
   0069                      68 L8:
   0069 E6 62         [ 5]   69 	ldb	2,s
   006B 5C            [ 2]   70 	incb
   006C E7 62         [ 5]   71 	stb	2,s
   006E E6 6C         [ 5]   72 	ldb	12,s
   0070 CB F6         [ 2]   73 	addb	#-10
   0072 E7 6C         [ 5]   74 	stb	12,s
   0074                      75 L7:
   0074 E6 6C         [ 5]   76 	ldb	12,s
   0076 C1 09         [ 2]   77 	cmpb	#9	;cmpqi:
   0078 22 EF         [ 3]   78 	bhi	L8
   007A E6 6C         [ 5]   79 	ldb	12,s
   007C CB 30         [ 2]   80 	addb	#48
   007E E7 63         [ 5]   81 	stb	3,s
   0080 E6 E4         [ 4]   82 	ldb	,s
   0082 E7 66         [ 5]   83 	stb	6,s
   0084 E6 6B         [ 5]   84 	ldb	11,s
   0086 E7 65         [ 5]   85 	stb	5,s
   0088 C6 CC         [ 2]   86 	ldb	#-52
   008A D7 00         [ 4]   87 	stb	*_dp_VIA_cntl
   008C C6 7F         [ 2]   88 	ldb	#127
   008E D7 00         [ 4]   89 	stb	*_dp_VIA_t1_cnt_lo
   0090 E6 66         [ 5]   90 	ldb	6,s
   0092 E7 68         [ 5]   91 	stb	8,s
   0094 E6 65         [ 5]   92 	ldb	5,s
   0096 E7 67         [ 5]   93 	stb	7,s
   0098 E6 68         [ 5]   94 	ldb	8,s
   009A E7 E2         [ 6]   95 	stb	,-s
   009C E6 68         [ 5]   96 	ldb	8,s
   009E BD 00 00      [ 8]   97 	jsr	__Moveto_d
   00A1 32 61         [ 5]   98 	leas	1,s
   00A3 30 61         [ 5]   99 	leax	1,s
   00A5 BD 00 00      [ 8]  100 	jsr	__Print_Str
   00A8 32 69         [ 5]  101 	leas	9,s
   00AA 39            [ 5]  102 	rts
                            103 	.globl _print_signed_int
   00AB                     104 _print_signed_int:
   00AB 32 E8 ED      [ 5]  105 	leas	-19,s
   00AE E7 67         [ 5]  106 	stb	7,s
   00B0 6D E8 16      [ 7]  107 	tst	22,s
   00B3 2C 06         [ 3]  108 	bge	L11
   00B5 C6 2D         [ 2]  109 	ldb	#45
   00B7 E7 63         [ 5]  110 	stb	3,s
   00B9 20 04         [ 3]  111 	bra	L12
   00BB                     112 L11:
   00BB C6 2B         [ 2]  113 	ldb	#43
   00BD E7 63         [ 5]  114 	stb	3,s
   00BF                     115 L12:
   00BF E6 63         [ 5]  116 	ldb	3,s
   00C1 E7 68         [ 5]  117 	stb	8,s
   00C3 C6 80         [ 2]  118 	ldb	#-128
   00C5 E7 6C         [ 5]  119 	stb	12,s
   00C7 C6 03         [ 2]  120 	ldb	#3
   00C9 E7 6D         [ 5]  121 	stb	13,s
   00CB 6D E8 16      [ 7]  122 	tst	22,s
   00CE 2C 0A         [ 3]  123 	bge	L13
   00D0 E6 E8 16      [ 5]  124 	ldb	22,s
   00D3 E7 62         [ 5]  125 	stb	2,s
                            126 	; ldb	2,s	; optimization 5
   00D5 50            [ 2]  127 	negb
   00D6 E7 64         [ 5]  128 	stb	4,s
   00D8 20 05         [ 3]  129 	bra	L14
   00DA                     130 L13:
   00DA E6 E8 16      [ 5]  131 	ldb	22,s
   00DD E7 64         [ 5]  132 	stb	4,s
   00DF                     133 L14:
   00DF E6 64         [ 5]  134 	ldb	4,s
   00E1 E7 6E         [ 5]  135 	stb	14,s
   00E3                     136 L15:
   00E3 E6 6D         [ 5]  137 	ldb	13,s
   00E5 E7 65         [ 5]  138 	stb	5,s
   00E7 E6 6E         [ 5]  139 	ldb	14,s
   00E9 4F            [ 2]  140 	clra		;zero_extendqihi: R:b -> R:d
   00EA ED E4         [ 5]  141 	std	,s
   00EC 8E 00 0A      [ 3]  142 	ldx	#10
   00EF 34 10         [ 6]  143 	pshs	x
   00F1 AE 62         [ 6]  144 	ldx	2,s
   00F3 BD 00 00      [ 8]  145 	jsr	_umodhi3
   00F6 32 62         [ 5]  146 	leas	2,s
   00F8 1F 10         [ 6]  147 	tfr	x,d	;movlsbqihi: R:x -> R:b
   00FA E7 62         [ 5]  148 	stb	2,s
                            149 	; ldb	2,s	; optimization 5
   00FC CB 30         [ 2]  150 	addb	#48
   00FE E7 66         [ 5]  151 	stb	6,s
   0100 E6 65         [ 5]  152 	ldb	5,s
   0102 4F            [ 2]  153 	clra		;zero_extendqihi: R:b -> R:d
   0103 ED E4         [ 5]  154 	std	,s
   0105 30 68         [ 5]  155 	leax	8,s
   0107 1E 01         [ 8]  156 	exg	d,x
   0109 E3 E4         [ 6]  157 	addd	,s
   010B 1E 01         [ 8]  158 	exg	d,x
   010D E6 66         [ 5]  159 	ldb	6,s
   010F E7 84         [ 4]  160 	stb	,x
   0111 6A 6D         [ 7]  161 	dec	13,s
   0113 E6 6E         [ 5]  162 	ldb	14,s
   0115 4F            [ 2]  163 	clra		;zero_extendqihi: R:b -> R:d
   0116 ED E4         [ 5]  164 	std	,s
   0118 8E 00 0A      [ 3]  165 	ldx	#10
   011B 34 10         [ 6]  166 	pshs	x
   011D AE 62         [ 6]  167 	ldx	2,s
   011F BD 00 00      [ 8]  168 	jsr	_udivhi3
   0122 32 62         [ 5]  169 	leas	2,s
   0124 1F 10         [ 6]  170 	tfr	x,d
   0126 E7 6E         [ 5]  171 	stb	14,s	;movlsbqihi: R:d -> 14,s
   0128 6D 6D         [ 7]  172 	tst	13,s
   012A 26 B7         [ 3]  173 	bne	L15
   012C E6 67         [ 5]  174 	ldb	7,s
   012E E7 E8 10      [ 5]  175 	stb	16,s
   0131 E6 E8 15      [ 5]  176 	ldb	21,s
   0134 E7 6F         [ 5]  177 	stb	15,s
   0136 C6 CC         [ 2]  178 	ldb	#-52
   0138 D7 00         [ 4]  179 	stb	*_dp_VIA_cntl
   013A C6 7F         [ 2]  180 	ldb	#127
   013C D7 00         [ 4]  181 	stb	*_dp_VIA_t1_cnt_lo
   013E E6 E8 10      [ 5]  182 	ldb	16,s
   0141 E7 E8 12      [ 5]  183 	stb	18,s
   0144 E6 6F         [ 5]  184 	ldb	15,s
   0146 E7 E8 11      [ 5]  185 	stb	17,s
   0149 E6 E8 12      [ 5]  186 	ldb	18,s
   014C E7 E2         [ 6]  187 	stb	,-s
   014E E6 E8 12      [ 5]  188 	ldb	18,s
   0151 BD 00 00      [ 8]  189 	jsr	__Moveto_d
   0154 32 61         [ 5]  190 	leas	1,s
   0156 30 68         [ 5]  191 	leax	8,s
   0158 BD 00 00      [ 8]  192 	jsr	__Print_Str
   015B 32 E8 13      [ 5]  193 	leas	19,s
   015E 39            [ 5]  194 	rts
                            195 	.globl _print_long_unsigned_int
   015F                     196 _print_long_unsigned_int:
   015F 32 73         [ 5]  197 	leas	-13,s
   0161 E7 62         [ 5]  198 	stb	2,s
   0163 AF E4         [ 5]  199 	stx	,s
   0165 C6 80         [ 2]  200 	ldb	#-128
   0167 E7 68         [ 5]  201 	stb	8,s
   0169 AE E4         [ 5]  202 	ldx	,s
   016B 8C 27 0F      [ 4]  203 	cmpx	#9999	;cmphi:
   016E 22 07         [ 3]  204 	bhi	L18
   0170 C6 30         [ 2]  205 	ldb	#48
   0172 E7 63         [ 5]  206 	stb	3,s
   0174 7E 01 E7      [ 4]  207 	jmp	L19
   0177                     208 L18:
   0177 AE E4         [ 5]  209 	ldx	,s
   0179 8C 4E 1F      [ 4]  210 	cmpx	#19999	;cmphi:
   017C 22 0E         [ 3]  211 	bhi	L20
   017E C6 31         [ 2]  212 	ldb	#49
   0180 E7 63         [ 5]  213 	stb	3,s
   0182 EC E4         [ 5]  214 	ldd	,s
   0184 C3 D8 F0      [ 4]  215 	addd	#-10000
   0187 ED E4         [ 5]  216 	std	,s
   0189 7E 01 E7      [ 4]  217 	jmp	L19
   018C                     218 L20:
   018C AE E4         [ 5]  219 	ldx	,s
   018E 8C 75 2F      [ 4]  220 	cmpx	#29999	;cmphi:
   0191 22 0D         [ 3]  221 	bhi	L21
   0193 C6 32         [ 2]  222 	ldb	#50
   0195 E7 63         [ 5]  223 	stb	3,s
   0197 EC E4         [ 5]  224 	ldd	,s
   0199 C3 B1 E0      [ 4]  225 	addd	#-20000
   019C ED E4         [ 5]  226 	std	,s
   019E 20 47         [ 3]  227 	bra	L19
   01A0                     228 L21:
   01A0 AE E4         [ 5]  229 	ldx	,s
   01A2 8C 9C 3F      [ 4]  230 	cmpx	#-25537	;cmphi:
   01A5 22 0D         [ 3]  231 	bhi	L22
   01A7 C6 33         [ 2]  232 	ldb	#51
   01A9 E7 63         [ 5]  233 	stb	3,s
   01AB EC E4         [ 5]  234 	ldd	,s
   01AD C3 8A D0      [ 4]  235 	addd	#-30000
   01B0 ED E4         [ 5]  236 	std	,s
   01B2 20 33         [ 3]  237 	bra	L19
   01B4                     238 L22:
   01B4 AE E4         [ 5]  239 	ldx	,s
   01B6 8C C3 4F      [ 4]  240 	cmpx	#-15537	;cmphi:
   01B9 22 0D         [ 3]  241 	bhi	L23
   01BB C6 34         [ 2]  242 	ldb	#52
   01BD E7 63         [ 5]  243 	stb	3,s
   01BF EC E4         [ 5]  244 	ldd	,s
   01C1 C3 63 C0      [ 4]  245 	addd	#25536
   01C4 ED E4         [ 5]  246 	std	,s
   01C6 20 1F         [ 3]  247 	bra	L19
   01C8                     248 L23:
   01C8 AE E4         [ 5]  249 	ldx	,s
   01CA 8C EA 5F      [ 4]  250 	cmpx	#-5537	;cmphi:
   01CD 22 0D         [ 3]  251 	bhi	L24
   01CF C6 35         [ 2]  252 	ldb	#53
   01D1 E7 63         [ 5]  253 	stb	3,s
   01D3 EC E4         [ 5]  254 	ldd	,s
   01D5 C3 3C B0      [ 4]  255 	addd	#15536
   01D8 ED E4         [ 5]  256 	std	,s
   01DA 20 0B         [ 3]  257 	bra	L19
   01DC                     258 L24:
   01DC C6 36         [ 2]  259 	ldb	#54
   01DE E7 63         [ 5]  260 	stb	3,s
   01E0 EC E4         [ 5]  261 	ldd	,s
   01E2 C3 15 A0      [ 4]  262 	addd	#5536
   01E5 ED E4         [ 5]  263 	std	,s
   01E7                     264 L19:
   01E7 C6 30         [ 2]  265 	ldb	#48
   01E9 E7 64         [ 5]  266 	stb	4,s
   01EB 20 0C         [ 3]  267 	bra	L25
   01ED                     268 L26:
   01ED E6 64         [ 5]  269 	ldb	4,s
   01EF 5C            [ 2]  270 	incb
   01F0 E7 64         [ 5]  271 	stb	4,s
   01F2 EC E4         [ 5]  272 	ldd	,s
   01F4 C3 FC 18      [ 4]  273 	addd	#-1000
   01F7 ED E4         [ 5]  274 	std	,s
   01F9                     275 L25:
   01F9 AE E4         [ 5]  276 	ldx	,s
   01FB 8C 03 E7      [ 4]  277 	cmpx	#999	;cmphi:
   01FE 22 ED         [ 3]  278 	bhi	L26
   0200 C6 30         [ 2]  279 	ldb	#48
   0202 E7 65         [ 5]  280 	stb	5,s
   0204 20 0C         [ 3]  281 	bra	L27
   0206                     282 L28:
   0206 E6 65         [ 5]  283 	ldb	5,s
   0208 5C            [ 2]  284 	incb
   0209 E7 65         [ 5]  285 	stb	5,s
   020B EC E4         [ 5]  286 	ldd	,s
   020D C3 FF 9C      [ 4]  287 	addd	#-100
   0210 ED E4         [ 5]  288 	std	,s
   0212                     289 L27:
   0212 AE E4         [ 5]  290 	ldx	,s
   0214 8C 00 63      [ 4]  291 	cmpx	#99	;cmphi:
   0217 22 ED         [ 3]  292 	bhi	L28
   0219 C6 30         [ 2]  293 	ldb	#48
   021B E7 66         [ 5]  294 	stb	6,s
   021D 20 0C         [ 3]  295 	bra	L29
   021F                     296 L30:
   021F E6 66         [ 5]  297 	ldb	6,s
   0221 5C            [ 2]  298 	incb
   0222 E7 66         [ 5]  299 	stb	6,s
   0224 EC E4         [ 5]  300 	ldd	,s
   0226 C3 FF F6      [ 4]  301 	addd	#-10
   0229 ED E4         [ 5]  302 	std	,s
   022B                     303 L29:
   022B AE E4         [ 5]  304 	ldx	,s
   022D 8C 00 09      [ 4]  305 	cmpx	#9	;cmphi:
   0230 22 ED         [ 3]  306 	bhi	L30
   0232 AE E4         [ 5]  307 	ldx	,s
   0234 1F 10         [ 6]  308 	tfr	x,d	;movlsbqihi: R:x -> R:b
   0236 CB 30         [ 2]  309 	addb	#48
   0238 E7 67         [ 5]  310 	stb	7,s
   023A E6 62         [ 5]  311 	ldb	2,s
   023C E7 6A         [ 5]  312 	stb	10,s
   023E E6 6F         [ 5]  313 	ldb	15,s
   0240 E7 69         [ 5]  314 	stb	9,s
   0242 C6 CC         [ 2]  315 	ldb	#-52
   0244 D7 00         [ 4]  316 	stb	*_dp_VIA_cntl
   0246 C6 7F         [ 2]  317 	ldb	#127
   0248 D7 00         [ 4]  318 	stb	*_dp_VIA_t1_cnt_lo
   024A E6 6A         [ 5]  319 	ldb	10,s
   024C E7 6C         [ 5]  320 	stb	12,s
   024E E6 69         [ 5]  321 	ldb	9,s
   0250 E7 6B         [ 5]  322 	stb	11,s
   0252 E6 6C         [ 5]  323 	ldb	12,s
   0254 E7 E2         [ 6]  324 	stb	,-s
   0256 E6 6C         [ 5]  325 	ldb	12,s
   0258 BD 00 00      [ 8]  326 	jsr	__Moveto_d
   025B 32 61         [ 5]  327 	leas	1,s
   025D 30 63         [ 5]  328 	leax	3,s
   025F BD 00 00      [ 8]  329 	jsr	__Print_Str
   0262 32 6D         [ 5]  330 	leas	13,s
   0264 39            [ 5]  331 	rts
                            332 	.globl _print_long_signed_int
   0265                     333 _print_long_signed_int:
   0265 34 20         [ 6]  334 	pshs	y
   0267 32 E8 E7      [ 5]  335 	leas	-25,s
   026A E7 6A         [ 5]  336 	stb	10,s
   026C AF 68         [ 6]  337 	stx	8,s
                            338 	; ldx	8,s	; optimization 5
   026E 8C 00 00      [ 4]  339 	cmpx	#0
   0271 2C 06         [ 3]  340 	bge	L33
   0273 C6 2D         [ 2]  341 	ldb	#45
   0275 E7 63         [ 5]  342 	stb	3,s
   0277 20 04         [ 3]  343 	bra	L34
   0279                     344 L33:
   0279 C6 2B         [ 2]  345 	ldb	#43
   027B E7 63         [ 5]  346 	stb	3,s
   027D                     347 L34:
   027D E6 63         [ 5]  348 	ldb	3,s
   027F E7 6B         [ 5]  349 	stb	11,s
   0281 C6 80         [ 2]  350 	ldb	#-128
   0283 E7 E8 11      [ 5]  351 	stb	17,s
   0286 C6 05         [ 2]  352 	ldb	#5
   0288 E7 E8 12      [ 5]  353 	stb	18,s
   028B AE 68         [ 6]  354 	ldx	8,s
   028D 8C 00 00      [ 4]  355 	cmpx	#0
   0290 2C 0C         [ 3]  356 	bge	L35
   0292 AE 68         [ 6]  357 	ldx	8,s
   0294 1F 10         [ 6]  358 	tfr	x,d
   0296 40            [ 2]  359 	nega
   0297 50            [ 2]  360 	negb
   0298 82 00         [ 2]  361 	sbca	#0
   029A ED 64         [ 6]  362 	std	4,s
   029C 20 04         [ 3]  363 	bra	L36
   029E                     364 L35:
   029E AE 68         [ 6]  365 	ldx	8,s
   02A0 AF 64         [ 6]  366 	stx	4,s
   02A2                     367 L36:
   02A2 EC 64         [ 6]  368 	ldd	4,s
   02A4 ED E8 13      [ 6]  369 	std	19,s
   02A7                     370 L37:
   02A7 E6 E8 12      [ 5]  371 	ldb	18,s
   02AA E7 66         [ 5]  372 	stb	6,s
   02AC 10 AE E8 13   [ 7]  373 	ldy	19,s
   02B0 8E 00 0A      [ 3]  374 	ldx	#10
   02B3 34 10         [ 6]  375 	pshs	x
   02B5 30 A4         [ 4]  376 	leax	,y
   02B7 BD 00 00      [ 8]  377 	jsr	_umodhi3
   02BA 32 62         [ 5]  378 	leas	2,s
   02BC 1F 10         [ 6]  379 	tfr	x,d	;movlsbqihi: R:x -> R:b
   02BE E7 62         [ 5]  380 	stb	2,s
                            381 	; ldb	2,s	; optimization 5
   02C0 CB 30         [ 2]  382 	addb	#48
   02C2 E7 67         [ 5]  383 	stb	7,s
   02C4 E6 66         [ 5]  384 	ldb	6,s
   02C6 4F            [ 2]  385 	clra		;zero_extendqihi: R:b -> R:d
   02C7 ED E4         [ 5]  386 	std	,s
   02C9 30 6B         [ 5]  387 	leax	11,s
   02CB 1E 01         [ 8]  388 	exg	d,x
   02CD E3 E4         [ 6]  389 	addd	,s
   02CF 1E 01         [ 8]  390 	exg	d,x
   02D1 E6 67         [ 5]  391 	ldb	7,s
   02D3 E7 84         [ 4]  392 	stb	,x
   02D5 6A E8 12      [ 7]  393 	dec	18,s
   02D8 10 AE E8 13   [ 7]  394 	ldy	19,s
   02DC 8E 00 0A      [ 3]  395 	ldx	#10
   02DF 34 10         [ 6]  396 	pshs	x
   02E1 30 A4         [ 4]  397 	leax	,y
   02E3 BD 00 00      [ 8]  398 	jsr	_udivhi3
   02E6 32 62         [ 5]  399 	leas	2,s
   02E8 AF E8 13      [ 6]  400 	stx	19,s
   02EB 6D E8 12      [ 7]  401 	tst	18,s
   02EE 26 B7         [ 3]  402 	bne	L37
   02F0 E6 6A         [ 5]  403 	ldb	10,s
   02F2 E7 E8 16      [ 5]  404 	stb	22,s
   02F5 E6 E8 1D      [ 5]  405 	ldb	29,s
   02F8 E7 E8 15      [ 5]  406 	stb	21,s
   02FB C6 CC         [ 2]  407 	ldb	#-52
   02FD D7 00         [ 4]  408 	stb	*_dp_VIA_cntl
   02FF C6 7F         [ 2]  409 	ldb	#127
   0301 D7 00         [ 4]  410 	stb	*_dp_VIA_t1_cnt_lo
   0303 E6 E8 16      [ 5]  411 	ldb	22,s
   0306 E7 E8 18      [ 5]  412 	stb	24,s
   0309 E6 E8 15      [ 5]  413 	ldb	21,s
   030C E7 E8 17      [ 5]  414 	stb	23,s
   030F E6 E8 18      [ 5]  415 	ldb	24,s
   0312 E7 E2         [ 6]  416 	stb	,-s
   0314 E6 E8 18      [ 5]  417 	ldb	24,s
   0317 BD 00 00      [ 8]  418 	jsr	__Moveto_d
   031A 32 61         [ 5]  419 	leas	1,s
   031C 30 6B         [ 5]  420 	leax	11,s
   031E BD 00 00      [ 8]  421 	jsr	__Print_Str
   0321 32 E8 19      [ 5]  422 	leas	25,s
   0324 35 A0         [ 7]  423 	puls	y,pc
                            424 	.globl _print_binary
   0326                     425 _print_binary:
   0326 32 E8 EC      [ 5]  426 	leas	-20,s
   0329 E7 65         [ 5]  427 	stb	5,s
   032B C6 80         [ 2]  428 	ldb	#-128
   032D E7 6E         [ 5]  429 	stb	14,s
   032F C6 07         [ 2]  430 	ldb	#7
   0331 E7 6F         [ 5]  431 	stb	15,s
   0333                     432 L40:
   0333 E6 6F         [ 5]  433 	ldb	15,s
   0335 E7 63         [ 5]  434 	stb	3,s
   0337 E6 E8 17      [ 5]  435 	ldb	23,s
   033A E7 E4         [ 4]  436 	stb	,s
   033C C6 01         [ 2]  437 	ldb	#1
   033E E4 E4         [ 4]  438 	andb	,s
   0340 E7 62         [ 5]  439 	stb	2,s
                            440 	; ldb	2,s	; optimization 5
   0342 CB 30         [ 2]  441 	addb	#48
   0344 E7 64         [ 5]  442 	stb	4,s
   0346 E6 63         [ 5]  443 	ldb	3,s
   0348 4F            [ 2]  444 	clra		;zero_extendqihi: R:b -> R:d
   0349 ED E4         [ 5]  445 	std	,s
   034B 30 66         [ 5]  446 	leax	6,s
   034D 1E 01         [ 8]  447 	exg	d,x
   034F E3 E4         [ 6]  448 	addd	,s
   0351 1E 01         [ 8]  449 	exg	d,x
   0353 E6 64         [ 5]  450 	ldb	4,s
   0355 E7 84         [ 4]  451 	stb	,x
   0357 6A 6F         [ 7]  452 	dec	15,s
   0359 64 E8 17      [ 7]  453 	lsr	23,s
   035C E6 6F         [ 5]  454 	ldb	15,s
   035E C1 FF         [ 2]  455 	cmpb	#-1	;cmpqi:
   0360 26 D1         [ 3]  456 	bne	L40
   0362 E6 65         [ 5]  457 	ldb	5,s
   0364 E7 E8 11      [ 5]  458 	stb	17,s
   0367 E6 E8 16      [ 5]  459 	ldb	22,s
   036A E7 E8 10      [ 5]  460 	stb	16,s
   036D C6 CC         [ 2]  461 	ldb	#-52
   036F D7 00         [ 4]  462 	stb	*_dp_VIA_cntl
   0371 C6 7F         [ 2]  463 	ldb	#127
   0373 D7 00         [ 4]  464 	stb	*_dp_VIA_t1_cnt_lo
   0375 E6 E8 11      [ 5]  465 	ldb	17,s
   0378 E7 E8 13      [ 5]  466 	stb	19,s
   037B E6 E8 10      [ 5]  467 	ldb	16,s
   037E E7 E8 12      [ 5]  468 	stb	18,s
   0381 E6 E8 13      [ 5]  469 	ldb	19,s
   0384 E7 E2         [ 6]  470 	stb	,-s
   0386 E6 E8 13      [ 5]  471 	ldb	19,s
   0389 BD 00 00      [ 8]  472 	jsr	__Moveto_d
   038C 32 61         [ 5]  473 	leas	1,s
   038E 30 66         [ 5]  474 	leax	6,s
   0390 BD 00 00      [ 8]  475 	jsr	__Print_Str
   0393 32 E8 14      [ 5]  476 	leas	20,s
   0396 39            [ 5]  477 	rts
ASxxxx Assembler V05.00  (Motorola 6809), page 1.
Hexidecimal [16-Bits]

Symbol Table

    .__.$$$.       =   2710 L   |     .__.ABS.       =   0000 G
    .__.CPU.       =   0000 L   |     .__.H$L.       =   0001 L
  2 L11                00BB R   |   2 L12                00BF R
  2 L13                00DA R   |   2 L14                00DF R
  2 L15                00E3 R   |   2 L18                0177 R
  2 L19                01E7 R   |   2 L20                018C R
  2 L21                01A0 R   |   2 L22                01B4 R
  2 L23                01C8 R   |   2 L24                01DC R
  2 L25                01F9 R   |   2 L26                01ED R
  2 L27                0212 R   |   2 L28                0206 R
  2 L29                022B R   |   2 L30                021F R
  2 L33                0279 R   |   2 L34                027D R
  2 L35                029E R   |   2 L36                02A2 R
  2 L37                02A7 R   |   2 L4                 0047 R
  2 L40                0333 R   |   2 L5                 0063 R
  2 L6                 0059 R   |   2 L7                 0074 R
  2 L8                 0069 R   |     __Moveto_d         **** GX
    __Print_Str        **** GX  |     _dp_VIA_cntl       **** GX
    _dp_VIA_t1_cnt     **** GX  |   2 _print_binary      0326 GR
  2 _print_long_si     0265 GR  |   2 _print_long_un     015F GR
  2 _print_signed_     00AB GR  |   2 _print_string      0000 GR
  2 _print_unsigne     0033 GR  |     _udivhi3           **** GX
    _umodhi3           **** GX

ASxxxx Assembler V05.00  (Motorola 6809), page 2.
Hexidecimal [16-Bits]

Area Table

[_CSEG]
   0 _CODE            size    0   flags C080
   2 .text            size  397   flags  100
[_DSEG]
   1 _DATA            size    0   flags C0C0

