                              1 
                              2 ;;; gcc for m6809 : Feb 15 2016 21:40:10
                              3 ;;; 4.3.6 (gcc6809)
                              4 ;;; ABI version 1
                              5 ;;; -mint8
                              6 	.module	sound.c
                              7 	.globl _music_off
                              8 	.area .text
   0000                       9 _music_off:
   0000 00 00                10 	.word	_Vec_ADSR_FADE4
   0002 00 00                11 	.word	_Vec_TWANG_VIBEHL
   0004 80                   12 	.byte	-128
   0005 80                   13 	.byte	-128
   0006 00                   14 	.byte	0
   0007 80                   15 	.byte	-128
                             16 	.globl _explosion_off
   0008                      17 _explosion_off:
   0008 3F                   18 	.byte	63
   0009 00                   19 	.byte	0
   000A 01                   20 	.byte	1
   000B 80                   21 	.byte	-128
                             22 	.globl _current_music
                             23 	.area .data
   0000                      24 _current_music:
   0000 00 00                25 	.word	_music_off
                             26 	.globl _current_explosion
   0002                      27 _current_explosion:
   0002 00 08                28 	.word	_explosion_off
                             29 	.area .text
                             30 	.globl _sound_init
   000C                      31 _sound_init:
   000C 8E 00 00      [ 3]   32 	ldx	#_music_off
   000F BF 00 00      [ 6]   33 	stx	_current_music
   0012 8E 00 08      [ 3]   34 	ldx	#_explosion_off
   0015 BF 00 02      [ 6]   35 	stx	_current_explosion
   0018 39            [ 5]   36 	rts
                             37 	.globl _stop_explosion
   0019                      38 _stop_explosion:
   0019 7F 00 00      [ 7]   39 	clr	_Vec_Expl_Timer
   001C 7F 00 00      [ 7]   40 	clr	_Vec_Expl_Flag
   001F 8E 00 08      [ 3]   41 	ldx	#_explosion_off
   0022 BF 00 02      [ 6]   42 	stx	_current_explosion
   0025 39            [ 5]   43 	rts
                             44 	.globl _stop_music
   0026                      45 _stop_music:
   0026 7F 00 00      [ 7]   46 	clr	_Vec_Music_Flag
   0029 8E 00 00      [ 3]   47 	ldx	#_music_off
   002C BF 00 00      [ 6]   48 	stx	_current_music
   002F 39            [ 5]   49 	rts
                             50 	.globl _play_music
   0030                      51 _play_music:
   0030 32 7E         [ 5]   52 	leas	-2,s
   0032 AF E4         [ 5]   53 	stx	,s
   0034 BD 00 19      [ 8]   54 	jsr	_stop_explosion
   0037 AE E4         [ 5]   55 	ldx	,s
   0039 BF 00 00      [ 6]   56 	stx	_current_music
   003C C6 01         [ 2]   57 	ldb	#1
   003E F7 00 00      [ 5]   58 	stb	_Vec_Music_Flag
   0041 32 62         [ 5]   59 	leas	2,s
   0043 39            [ 5]   60 	rts
                             61 	.globl _play_explosion
   0044                      62 _play_explosion:
   0044 32 7E         [ 5]   63 	leas	-2,s
   0046 AF E4         [ 5]   64 	stx	,s
   0048 BD 00 00      [ 8]   65 	jsr	___Stop_Sound
   004B BD 00 26      [ 8]   66 	jsr	_stop_music
   004E AE E4         [ 5]   67 	ldx	,s
   0050 BF 00 02      [ 6]   68 	stx	_current_explosion
   0053 C6 80         [ 2]   69 	ldb	#-128
   0055 F7 00 00      [ 5]   70 	stb	_Vec_Expl_Flag
   0058 32 62         [ 5]   71 	leas	2,s
   005A 39            [ 5]   72 	rts
                             73 	.globl _play_tune
   005B                      74 _play_tune:
   005B 32 73         [ 5]   75 	leas	-13,s
   005D E7 62         [ 5]   76 	stb	2,s
   005F AF E4         [ 5]   77 	stx	,s
   0061 E6 62         [ 5]   78 	ldb	2,s
   0063 58            [ 2]   79 	aslb
   0064 E7 63         [ 5]   80 	stb	3,s
   0066 EC E4         [ 5]   81 	ldd	,s
   0068 E7 64         [ 5]   82 	stb	4,s	;movlsbqihi: R:d -> 4,s
   006A E6 63         [ 5]   83 	ldb	3,s
   006C 6C 63         [ 7]   84 	inc	3,s
   006E E7 68         [ 5]   85 	stb	8,s
   0070 E6 64         [ 5]   86 	ldb	4,s
   0072 E7 67         [ 5]   87 	stb	7,s
   0074 E6 68         [ 5]   88 	ldb	8,s
   0076 E7 E2         [ 6]   89 	stb	,-s
   0078 E6 68         [ 5]   90 	ldb	8,s
   007A BD 00 00      [ 8]   91 	jsr	__Sound_Byte
   007D 32 61         [ 5]   92 	leas	1,s
   007F EC E4         [ 5]   93 	ldd	,s
   0081 1F 89         [ 6]   94 	tfr	a,b
   0083 4F            [ 2]   95 	clra		;zero_extendqihi: R:b -> R:d
   0084 E7 65         [ 5]   96 	stb	5,s	;movlsbqihi: R:d -> 5,s
   0086 E6 63         [ 5]   97 	ldb	3,s
   0088 E7 6A         [ 5]   98 	stb	10,s
   008A E6 65         [ 5]   99 	ldb	5,s
   008C E7 69         [ 5]  100 	stb	9,s
   008E E6 6A         [ 5]  101 	ldb	10,s
   0090 E7 E2         [ 6]  102 	stb	,-s
   0092 E6 6A         [ 5]  103 	ldb	10,s
   0094 BD 00 00      [ 8]  104 	jsr	__Sound_Byte
   0097 32 61         [ 5]  105 	leas	1,s
   0099 E6 62         [ 5]  106 	ldb	2,s
   009B CB 08         [ 2]  107 	addb	#8
   009D E7 66         [ 5]  108 	stb	6,s
                            109 	; ldb	6,s	; optimization 5
   009F E7 6C         [ 5]  110 	stb	12,s
   00A1 E6 6F         [ 5]  111 	ldb	15,s
   00A3 E7 6B         [ 5]  112 	stb	11,s
   00A5 E6 6C         [ 5]  113 	ldb	12,s
   00A7 E7 E2         [ 6]  114 	stb	,-s
   00A9 E6 6C         [ 5]  115 	ldb	12,s
   00AB BD 00 00      [ 8]  116 	jsr	__Sound_Byte
   00AE 32 61         [ 5]  117 	leas	1,s
   00B0 C6 07         [ 2]  118 	ldb	#7
   00B2 E7 E2         [ 6]  119 	stb	,-s
   00B4 C6 38         [ 2]  120 	ldb	#56
   00B6 BD 00 00      [ 8]  121 	jsr	__Sound_Byte
   00B9 32 61         [ 5]  122 	leas	1,s
   00BB 32 6D         [ 5]  123 	leas	13,s
   00BD 39            [ 5]  124 	rts
ASxxxx Assembler V05.00  (Motorola 6809), page 1.
Hexidecimal [16-Bits]

Symbol Table

    .__.$$$.       =   2710 L   |     .__.ABS.       =   0000 G
    .__.CPU.       =   0000 L   |     .__.H$L.       =   0001 L
    _Vec_ADSR_FADE     **** GX  |     _Vec_Expl_Flag     **** GX
    _Vec_Expl_Time     **** GX  |     _Vec_Music_Fla     **** GX
    _Vec_TWANG_VIB     **** GX  |     __Sound_Byte       **** GX
    ___Stop_Sound      **** GX  |   3 _current_explo     0002 GR
  3 _current_music     0000 GR  |   2 _explosion_off     0008 GR
  2 _music_off         0000 GR  |   2 _play_explosio     0044 GR
  2 _play_music        0030 GR  |   2 _play_tune         005B GR
  2 _sound_init        000C GR  |   2 _stop_explosio     0019 GR
  2 _stop_music        0026 GR

ASxxxx Assembler V05.00  (Motorola 6809), page 2.
Hexidecimal [16-Bits]

Area Table

[_CSEG]
   0 _CODE            size    0   flags C080
   2 .text            size   BE   flags  100
   3 .data            size    4   flags  100
[_DSEG]
   1 _DATA            size    0   flags C0C0

