                              1 
                              2 ;;; gcc for m6809 : Feb 15 2016 21:40:10
                              3 ;;; 4.3.6 (gcc6809)
                              4 ;;; ABI version 1
                              5 ;;; -mint8
                              6 	.module	wave.c
                              7 	.globl _MAX_LEVELS
                              8 	.area .text
   0000                       9 _MAX_LEVELS:
   0000 05                   10 	.byte	5
                             11 	.globl _waveData
   0001                      12 _waveData:
   0001 01                   13 	.byte	1
   0002 01                   14 	.byte	1
   0003 01                   15 	.byte	1
   0004 00                   16 	.byte	0
   0005 00                   17 	.byte	0
   0006 64                   18 	.byte	100
   0007 00                   19 	.byte	0
   0008 FF                   20 	.byte	-1
   0009 0A                   21 	.byte	10
   000A 00 00                22 	.word	0	;skip space 24
   000C 00 00                23 	.word	0	;skip space 22
   000E 00 00                24 	.word	0	;skip space 20
   0010 00 00                25 	.word	0	;skip space 18
   0012 00 00                26 	.word	0	;skip space 16
   0014 00 00                27 	.word	0	;skip space 14
   0016 00 00                28 	.word	0	;skip space 12
   0018 00 00                29 	.word	0	;skip space 10
   001A 00 00                30 	.word	0	;skip space 8
   001C 00 00                31 	.word	0	;skip space 6
   001E 00 00                32 	.word	0	;skip space 4
   0020 00 00                33 	.word	0	;skip space 2
   0022 00 00                34 	.word	0	;skip space 62
   0024 00 00                35 	.word	0	;skip space 60
   0026 00 00                36 	.word	0	;skip space 58
   0028 00 00                37 	.word	0	;skip space 56
   002A 00 00                38 	.word	0	;skip space 54
   002C 00 00                39 	.word	0	;skip space 52
   002E 00 00                40 	.word	0	;skip space 50
   0030 00 00                41 	.word	0	;skip space 48
   0032 00 00                42 	.word	0	;skip space 46
   0034 00 00                43 	.word	0	;skip space 44
   0036 00 00                44 	.word	0	;skip space 42
   0038 00 00                45 	.word	0	;skip space 40
   003A 00 00                46 	.word	0	;skip space 38
   003C 00 00                47 	.word	0	;skip space 36
   003E 00 00                48 	.word	0	;skip space 34
   0040 00 00                49 	.word	0	;skip space 32
   0042 00 00                50 	.word	0	;skip space 30
   0044 00 00                51 	.word	0	;skip space 28
   0046 00 00                52 	.word	0	;skip space 26
   0048 00 00                53 	.word	0	;skip space 24
   004A 00 00                54 	.word	0	;skip space 22
   004C 00 00                55 	.word	0	;skip space 20
   004E 00 00                56 	.word	0	;skip space 18
   0050 00 00                57 	.word	0	;skip space 16
   0052 00 00                58 	.word	0	;skip space 14
   0054 00 00                59 	.word	0	;skip space 12
   0056 00 00                60 	.word	0	;skip space 10
   0058 00 00                61 	.word	0	;skip space 8
   005A 00 00                62 	.word	0	;skip space 6
   005C 00 00                63 	.word	0	;skip space 4
   005E 00 00                64 	.word	0	;skip space 2
   0060 02                   65 	.byte	2
   0061 02                   66 	.byte	2
   0062 01                   67 	.byte	1
   0063 00                   68 	.byte	0
   0064 00                   69 	.byte	0
   0065 64                   70 	.byte	100
   0066 00                   71 	.byte	0
   0067 FF                   72 	.byte	-1
   0068 0A                   73 	.byte	10
   0069 00 00                74 	.word	0	;skip space 24
   006B 00 00                75 	.word	0	;skip space 22
   006D 00 00                76 	.word	0	;skip space 20
   006F 00 00                77 	.word	0	;skip space 18
   0071 00 00                78 	.word	0	;skip space 16
   0073 00 00                79 	.word	0	;skip space 14
   0075 00 00                80 	.word	0	;skip space 12
   0077 00 00                81 	.word	0	;skip space 10
   0079 00 00                82 	.word	0	;skip space 8
   007B 00 00                83 	.word	0	;skip space 6
   007D 00 00                84 	.word	0	;skip space 4
   007F 00 00                85 	.word	0	;skip space 2
   0081 02                   86 	.byte	2
   0082 00                   87 	.byte	0
   0083 64                   88 	.byte	100
   0084 64                   89 	.byte	100
   0085 FF                   90 	.byte	-1
   0086 FF                   91 	.byte	-1
   0087 0A                   92 	.byte	10
   0088 00                   93 	.byte	0
   0089 9C                   94 	.byte	-100
   008A 9C                   95 	.byte	-100
   008B 02                   96 	.byte	2
   008C 02                   97 	.byte	2
   008D 0A                   98 	.byte	10
   008E 00 00                99 	.word	0	;skip space 18
   0090 00 00               100 	.word	0	;skip space 16
   0092 00 00               101 	.word	0	;skip space 14
   0094 00 00               102 	.word	0	;skip space 12
   0096 00 00               103 	.word	0	;skip space 10
   0098 00 00               104 	.word	0	;skip space 8
   009A 00 00               105 	.word	0	;skip space 6
   009C 00 00               106 	.word	0	;skip space 4
   009E 00 00               107 	.word	0	;skip space 2
   00A0 00 00               108 	.word	0	;skip space 31
   00A2 00 00               109 	.word	0	;skip space 29
   00A4 00 00               110 	.word	0	;skip space 27
   00A6 00 00               111 	.word	0	;skip space 25
   00A8 00 00               112 	.word	0	;skip space 23
   00AA 00 00               113 	.word	0	;skip space 21
   00AC 00 00               114 	.word	0	;skip space 19
   00AE 00 00               115 	.word	0	;skip space 17
   00B0 00 00               116 	.word	0	;skip space 15
   00B2 00 00               117 	.word	0	;skip space 13
   00B4 00 00               118 	.word	0	;skip space 11
   00B6 00 00               119 	.word	0	;skip space 9
   00B8 00 00               120 	.word	0	;skip space 7
   00BA 00 00               121 	.word	0	;skip space 5
   00BC 00 00               122 	.word	0	;skip space 3
   00BE 00                  123 	.byte	0	;skip space
   00BF 03                  124 	.byte	3
   00C0 03                  125 	.byte	3
   00C1 03                  126 	.byte	3
   00C2 00                  127 	.byte	0
   00C3 64                  128 	.byte	100
   00C4 64                  129 	.byte	100
   00C5 FF                  130 	.byte	-1
   00C6 FF                  131 	.byte	-1
   00C7 0A                  132 	.byte	10
   00C8 00                  133 	.byte	0
   00C9 00                  134 	.byte	0
   00CA 64                  135 	.byte	100
   00CB 00                  136 	.byte	0
   00CC FF                  137 	.byte	-1
   00CD 0A                  138 	.byte	10
   00CE 00                  139 	.byte	0
   00CF 64                  140 	.byte	100
   00D0 00                  141 	.byte	0
   00D1 FF                  142 	.byte	-1
   00D2 00                  143 	.byte	0
   00D3 0A                  144 	.byte	10
   00D4 00 00               145 	.word	0	;skip space 12
   00D6 00 00               146 	.word	0	;skip space 10
   00D8 00 00               147 	.word	0	;skip space 8
   00DA 00 00               148 	.word	0	;skip space 6
   00DC 00 00               149 	.word	0	;skip space 4
   00DE 00 00               150 	.word	0	;skip space 2
   00E0 01                  151 	.byte	1
   00E1 00                  152 	.byte	0
   00E2 64                  153 	.byte	100
   00E3 64                  154 	.byte	100
   00E4 FF                  155 	.byte	-1
   00E5 FF                  156 	.byte	-1
   00E6 0A                  157 	.byte	10
   00E7 00 00               158 	.word	0	;skip space 24
   00E9 00 00               159 	.word	0	;skip space 22
   00EB 00 00               160 	.word	0	;skip space 20
   00ED 00 00               161 	.word	0	;skip space 18
   00EF 00 00               162 	.word	0	;skip space 16
   00F1 00 00               163 	.word	0	;skip space 14
   00F3 00 00               164 	.word	0	;skip space 12
   00F5 00 00               165 	.word	0	;skip space 10
   00F7 00 00               166 	.word	0	;skip space 8
   00F9 00 00               167 	.word	0	;skip space 6
   00FB 00 00               168 	.word	0	;skip space 4
   00FD 00 00               169 	.word	0	;skip space 2
   00FF 03                  170 	.byte	3
   0100 00                  171 	.byte	0
   0101 9C                  172 	.byte	-100
   0102 32                  173 	.byte	50
   0103 02                  174 	.byte	2
   0104 FF                  175 	.byte	-1
   0105 32                  176 	.byte	50
   0106 00                  177 	.byte	0
   0107 64                  178 	.byte	100
   0108 00                  179 	.byte	0
   0109 FF                  180 	.byte	-1
   010A 00                  181 	.byte	0
   010B 32                  182 	.byte	50
   010C 00                  183 	.byte	0
   010D 9C                  184 	.byte	-100
   010E 00                  185 	.byte	0
   010F 01                  186 	.byte	1
   0110 00                  187 	.byte	0
   0111 32                  188 	.byte	50
   0112 00 00               189 	.word	0	;skip space 12
   0114 00 00               190 	.word	0	;skip space 10
   0116 00 00               191 	.word	0	;skip space 8
   0118 00 00               192 	.word	0	;skip space 6
   011A 00 00               193 	.word	0	;skip space 4
   011C 00 00               194 	.word	0	;skip space 2
   011E 04                  195 	.byte	4
   011F 03                  196 	.byte	3
   0120 03                  197 	.byte	3
   0121 00                  198 	.byte	0
   0122 64                  199 	.byte	100
   0123 64                  200 	.byte	100
   0124 FF                  201 	.byte	-1
   0125 FF                  202 	.byte	-1
   0126 0A                  203 	.byte	10
   0127 00                  204 	.byte	0
   0128 00                  205 	.byte	0
   0129 64                  206 	.byte	100
   012A 00                  207 	.byte	0
   012B FF                  208 	.byte	-1
   012C 0A                  209 	.byte	10
   012D 00                  210 	.byte	0
   012E 64                  211 	.byte	100
   012F 00                  212 	.byte	0
   0130 FF                  213 	.byte	-1
   0131 00                  214 	.byte	0
   0132 0A                  215 	.byte	10
   0133 00 00               216 	.word	0	;skip space 12
   0135 00 00               217 	.word	0	;skip space 10
   0137 00 00               218 	.word	0	;skip space 8
   0139 00 00               219 	.word	0	;skip space 6
   013B 00 00               220 	.word	0	;skip space 4
   013D 00 00               221 	.word	0	;skip space 2
   013F 04                  222 	.byte	4
   0140 00                  223 	.byte	0
   0141 64                  224 	.byte	100
   0142 64                  225 	.byte	100
   0143 FF                  226 	.byte	-1
   0144 FF                  227 	.byte	-1
   0145 0A                  228 	.byte	10
   0146 00                  229 	.byte	0
   0147 32                  230 	.byte	50
   0148 64                  231 	.byte	100
   0149 FF                  232 	.byte	-1
   014A FE                  233 	.byte	-2
   014B 0A                  234 	.byte	10
   014C 00                  235 	.byte	0
   014D 00                  236 	.byte	0
   014E 64                  237 	.byte	100
   014F 00                  238 	.byte	0
   0150 FF                  239 	.byte	-1
   0151 0A                  240 	.byte	10
   0152 00                  241 	.byte	0
   0153 64                  242 	.byte	100
   0154 00                  243 	.byte	0
   0155 FF                  244 	.byte	-1
   0156 00                  245 	.byte	0
   0157 0A                  246 	.byte	10
   0158 00 00               247 	.word	0	;skip space 6
   015A 00 00               248 	.word	0	;skip space 4
   015C 00 00               249 	.word	0	;skip space 2
   015E 05                  250 	.byte	5
   015F 00                  251 	.byte	0
   0160 9C                  252 	.byte	-100
   0161 32                  253 	.byte	50
   0162 02                  254 	.byte	2
   0163 FF                  255 	.byte	-1
   0164 32                  256 	.byte	50
   0165 00                  257 	.byte	0
   0166 64                  258 	.byte	100
   0167 00                  259 	.byte	0
   0168 FF                  260 	.byte	-1
   0169 00                  261 	.byte	0
   016A 32                  262 	.byte	50
   016B 00                  263 	.byte	0
   016C 9C                  264 	.byte	-100
   016D 00                  265 	.byte	0
   016E 01                  266 	.byte	1
   016F 00                  267 	.byte	0
   0170 32                  268 	.byte	50
   0171 00                  269 	.byte	0
   0172 64                  270 	.byte	100
   0173 00                  271 	.byte	0
   0174 FE                  272 	.byte	-2
   0175 00                  273 	.byte	0
   0176 32                  274 	.byte	50
   0177 00                  275 	.byte	0
   0178 CE                  276 	.byte	-50
   0179 9C                  277 	.byte	-100
   017A 01                  278 	.byte	1
   017B 02                  279 	.byte	2
   017C 32                  280 	.byte	50
   017D 05                  281 	.byte	5
   017E 03                  282 	.byte	3
   017F 04                  283 	.byte	4
   0180 00                  284 	.byte	0
   0181 9C                  285 	.byte	-100
   0182 9C                  286 	.byte	-100
   0183 01                  287 	.byte	1
   0184 01                  288 	.byte	1
   0185 0A                  289 	.byte	10
   0186 00                  290 	.byte	0
   0187 9C                  291 	.byte	-100
   0188 64                  292 	.byte	100
   0189 01                  293 	.byte	1
   018A FF                  294 	.byte	-1
   018B 0A                  295 	.byte	10
   018C 00                  296 	.byte	0
   018D 64                  297 	.byte	100
   018E 9C                  298 	.byte	-100
   018F FF                  299 	.byte	-1
   0190 01                  300 	.byte	1
   0191 0A                  301 	.byte	10
   0192 00                  302 	.byte	0
   0193 64                  303 	.byte	100
   0194 64                  304 	.byte	100
   0195 FF                  305 	.byte	-1
   0196 FF                  306 	.byte	-1
   0197 0A                  307 	.byte	10
   0198 00 00               308 	.word	0	;skip space 6
   019A 00 00               309 	.word	0	;skip space 4
   019C 00 00               310 	.word	0	;skip space 2
   019E 04                  311 	.byte	4
   019F 00                  312 	.byte	0
   01A0 00                  313 	.byte	0
   01A1 64                  314 	.byte	100
   01A2 00                  315 	.byte	0
   01A3 FF                  316 	.byte	-1
   01A4 0A                  317 	.byte	10
   01A5 00                  318 	.byte	0
   01A6 00                  319 	.byte	0
   01A7 9C                  320 	.byte	-100
   01A8 00                  321 	.byte	0
   01A9 01                  322 	.byte	1
   01AA 0A                  323 	.byte	10
   01AB 00                  324 	.byte	0
   01AC 64                  325 	.byte	100
   01AD 00                  326 	.byte	0
   01AE FF                  327 	.byte	-1
   01AF 00                  328 	.byte	0
   01B0 0A                  329 	.byte	10
   01B1 00                  330 	.byte	0
   01B2 9C                  331 	.byte	-100
   01B3 00                  332 	.byte	0
   01B4 01                  333 	.byte	1
   01B5 00                  334 	.byte	0
   01B6 0A                  335 	.byte	10
   01B7 00 00               336 	.word	0	;skip space 6
   01B9 00 00               337 	.word	0	;skip space 4
   01BB 00 00               338 	.word	0	;skip space 2
   01BD 04                  339 	.byte	4
   01BE 00                  340 	.byte	0
   01BF CE                  341 	.byte	-50
   01C0 9C                  342 	.byte	-100
   01C1 01                  343 	.byte	1
   01C2 02                  344 	.byte	2
   01C3 32                  345 	.byte	50
   01C4 00                  346 	.byte	0
   01C5 CE                  347 	.byte	-50
   01C6 64                  348 	.byte	100
   01C7 01                  349 	.byte	1
   01C8 FE                  350 	.byte	-2
   01C9 32                  351 	.byte	50
   01CA 00                  352 	.byte	0
   01CB 32                  353 	.byte	50
   01CC 9C                  354 	.byte	-100
   01CD FF                  355 	.byte	-1
   01CE 02                  356 	.byte	2
   01CF 32                  357 	.byte	50
   01D0 00                  358 	.byte	0
   01D1 32                  359 	.byte	50
   01D2 64                  360 	.byte	100
   01D3 FF                  361 	.byte	-1
   01D4 FE                  362 	.byte	-2
   01D5 32                  363 	.byte	50
   01D6 00 00               364 	.word	0	;skip space 6
   01D8 00 00               365 	.word	0	;skip space 4
   01DA 00 00               366 	.word	0	;skip space 2
                            367 	.globl _current_wave
                            368 	.area .data
   0000                     369 _current_wave:
   0000 00                  370 	.byte	0
   0001 00                  371 	.byte	0
   0002 00                  372 	.byte	0
   0003 01                  373 	.byte	1
   0004 00                  374 	.byte	0
   0005 00                  375 	.byte	0
                            376 	.area .text
   01DC                     377 LC0:
   01DC 57                  378 	.byte	0x57
   01DD 41                  379 	.byte	0x41
   01DE 56                  380 	.byte	0x56
   01DF 45                  381 	.byte	0x45
   01E0 80                  382 	.byte	0x80
   01E1 00                  383 	.byte	0x00
   01E2                     384 LC1:
   01E2 50                  385 	.byte	0x50
   01E3 48                  386 	.byte	0x48
   01E4 41                  387 	.byte	0x41
   01E5 53                  388 	.byte	0x53
   01E6 45                  389 	.byte	0x45
   01E7 80                  390 	.byte	0x80
   01E8 00                  391 	.byte	0x00
                            392 	.globl _wave_init
   01E9                     393 _wave_init:
   01E9 34 40         [ 6]  394 	pshs	u
   01EB 32 7D         [ 5]  395 	leas	-3,s
   01ED F6 00 00      [ 5]  396 	ldb	_current_wave
   01F0 4F            [ 2]  397 	clra		;zero_extendqihi: R:b -> R:d
   01F1 1F 01         [ 6]  398 	tfr	d,x
   01F3 AF E4         [ 5]  399 	stx	,s
   01F5 EC E4         [ 5]  400 	ldd	,s
   01F7 58            [ 2]  401 	aslb
   01F8 49            [ 2]  402 	rola
   01F9 ED E4         [ 5]  403 	std	,s
                            404 	; ldd	,s	; optimization 5
   01FB 33 8B         [ 8]  405 	leau	d,x
   01FD EF E4         [ 5]  406 	stu	,s
   01FF EC E4         [ 5]  407 	ldd	,s
   0201 58            [ 2]  408 	aslb
   0202 49            [ 2]  409 	rola
   0203 58            [ 2]  410 	aslb
   0204 49            [ 2]  411 	rola
   0205 58            [ 2]  412 	aslb
   0206 49            [ 2]  413 	rola
   0207 58            [ 2]  414 	aslb
   0208 49            [ 2]  415 	rola
   0209 58            [ 2]  416 	aslb
   020A 49            [ 2]  417 	rola
   020B ED E4         [ 5]  418 	std	,s
                            419 	; ldd	,s	; optimization 5
   020D 34 10         [ 6]  420 	pshs	x	;subhi: R:d -= R:x
   020F A3 E1         [ 9]  421 	subd	,s++
   0211 ED E4         [ 5]  422 	std	,s
   0213 EE E4         [ 5]  423 	ldu	,s
   0215 30 C9 00 02   [ 8]  424 	leax	_waveData+1,u
   0219 E6 84         [ 4]  425 	ldb	,x
   021B F7 00 02      [ 5]  426 	stb	_current_wave+2
   021E BD 00 00      [ 8]  427 	jsr	_init_enemies
   0221 BD 00 00      [ 8]  428 	jsr	_init_bullets
   0224 C6 64         [ 2]  429 	ldb	#100
   0226 E7 62         [ 5]  430 	stb	2,s
   0228                     431 L3:
   0228 BD 00 00      [ 8]  432 	jsr	_Sync
   022B BD 00 00      [ 8]  433 	jsr	___Read_Btns
   022E BD 00 00      [ 8]  434 	jsr	___Intensity_5F
   0231 C6 9C         [ 2]  435 	ldb	#-100
   0233 E7 E2         [ 6]  436 	stb	,-s
   0235 8E 01 DC      [ 3]  437 	ldx	#LC0
   0238 C6 3C         [ 2]  438 	ldb	#60
   023A BD 00 00      [ 8]  439 	jsr	_print_string
   023D 32 61         [ 5]  440 	leas	1,s
   023F F6 00 00      [ 5]  441 	ldb	_current_wave
   0242 5C            [ 2]  442 	incb
   0243 34 04         [ 6]  443 	pshs	b
   0245 C6 28         [ 2]  444 	ldb	#40
   0247 E7 E2         [ 6]  445 	stb	,-s
   0249 C6 3C         [ 2]  446 	ldb	#60
   024B BD 00 00      [ 8]  447 	jsr	_print_unsigned_int
   024E 32 62         [ 5]  448 	leas	2,s
   0250 C6 9C         [ 2]  449 	ldb	#-100
   0252 E7 E2         [ 6]  450 	stb	,-s
   0254 8E 01 E2      [ 3]  451 	ldx	#LC1
   0257 C6 14         [ 2]  452 	ldb	#20
   0259 BD 00 00      [ 8]  453 	jsr	_print_string
   025C 32 61         [ 5]  454 	leas	1,s
   025E F6 00 01      [ 5]  455 	ldb	_current_wave+1
   0261 5C            [ 2]  456 	incb
   0262 34 04         [ 6]  457 	pshs	b
   0264 C6 28         [ 2]  458 	ldb	#40
   0266 E7 E2         [ 6]  459 	stb	,-s
   0268 C6 14         [ 2]  460 	ldb	#20
   026A BD 00 00      [ 8]  461 	jsr	_print_unsigned_int
   026D 32 62         [ 5]  462 	leas	2,s
   026F 6A 62         [ 7]  463 	dec	2,s
                            464 	; tst	2,s	; optimization 1
   0271 27 08         [ 3]  465 	beq	L2
   0273 F6 00 00      [ 5]  466 	ldb	_Vec_Buttons
   0276 C4 08         [ 2]  467 	andb	#8
   0278 5D            [ 2]  468 	tstb
   0279 27 AD         [ 3]  469 	beq	L3
   027B                     470 L2:
   027B 7F 00 03      [ 7]  471 	clr	_current_wave+3
   027E 7F 00 05      [ 7]  472 	clr	_current_wave+5
   0281 32 63         [ 5]  473 	leas	3,s
   0283 35 C0         [ 7]  474 	puls	u,pc
                            475 	.globl _wave_play
   0285                     476 _wave_play:
   0285 32 7B         [ 5]  477 	leas	-5,s
   0287 7E 03 02      [ 4]  478 	jmp	L6
   028A                     479 L9:
   028A BD 00 00      [ 8]  480 	jsr	___DP_to_C8
   028D BE 00 00      [ 6]  481 	ldx	_current_explosion
   0290 AF 61         [ 6]  482 	stx	1,s
                            483 	; ldx	1,s	; optimization 5
   0292 BD 00 00      [ 8]  484 	jsr	__Explosion_Snd
   0295 BE 00 00      [ 6]  485 	ldx	_current_music
   0298 AF 63         [ 6]  486 	stx	3,s
                            487 	; ldx	3,s	; optimization 5
   029A BD 00 00      [ 8]  488 	jsr	__Init_Music_chk
   029D BD 00 00      [ 8]  489 	jsr	___Wait_Recal
   02A0 BD 00 00      [ 8]  490 	jsr	__Do_Sound
   02A3 BD 00 00      [ 8]  491 	jsr	___Intensity_5F
   02A6 F6 00 04      [ 5]  492 	ldb	_current_game+4
   02A9 34 04         [ 6]  493 	pshs	b
   02AB C6 9C         [ 2]  494 	ldb	#-100
   02AD E7 E2         [ 6]  495 	stb	,-s
   02AF C6 78         [ 2]  496 	ldb	#120
   02B1 BD 00 00      [ 8]  497 	jsr	_print_unsigned_int
   02B4 32 62         [ 5]  498 	leas	2,s
   02B6 F6 00 02      [ 5]  499 	ldb	_player+2
   02B9 34 04         [ 6]  500 	pshs	b
   02BB C6 3C         [ 2]  501 	ldb	#60
   02BD E7 E2         [ 6]  502 	stb	,-s
   02BF C6 78         [ 2]  503 	ldb	#120
   02C1 BD 00 00      [ 8]  504 	jsr	_print_unsigned_int
   02C4 32 62         [ 5]  505 	leas	2,s
   02C6 F6 00 04      [ 5]  506 	ldb	_tower+4
   02C9 34 04         [ 6]  507 	pshs	b
   02CB C6 9C         [ 2]  508 	ldb	#-100
   02CD E7 E2         [ 6]  509 	stb	,-s
   02CF C6 88         [ 2]  510 	ldb	#-120
   02D1 BD 00 00      [ 8]  511 	jsr	_print_unsigned_int
   02D4 32 62         [ 5]  512 	leas	2,s
   02D6 BD 00 00      [ 8]  513 	jsr	_handle_enemies
   02D9 BD 00 00      [ 8]  514 	jsr	_handle_player
   02DC BD 00 00      [ 8]  515 	jsr	_handle_tower
   02DF BD 00 00      [ 8]  516 	jsr	_draw_bullets
   02E2 F6 00 05      [ 5]  517 	ldb	_current_wave+5
   02E5 5C            [ 2]  518 	incb
   02E6 F7 00 05      [ 5]  519 	stb	_current_wave+5
                            520 	; ldb	_current_wave+5	; optimization 5
   02E9 E7 E4         [ 4]  521 	stb	,s
   02EB F6 00 03      [ 5]  522 	ldb	_current_game+3
   02EE E1 E4         [ 4]  523 	cmpb	,s	;cmpqi:(R)
   02F0 26 03         [ 3]  524 	bne	L7
   02F2 7F 00 05      [ 7]  525 	clr	_current_wave+5
   02F5                     526 L7:
   02F5 F6 00 00      [ 5]  527 	ldb	_tower
                            528 	; tstb	; optimization 6
   02F8 26 05         [ 3]  529 	bne	L8
   02FA C6 01         [ 2]  530 	ldb	#1
   02FC F7 00 03      [ 5]  531 	stb	_current_wave+3
   02FF                     532 L8:
   02FF BD 00 00      [ 8]  533 	jsr	_check_AllEnemysDeath
   0302                     534 L6:
   0302 F6 00 03      [ 5]  535 	ldb	_current_wave+3
                            536 	; tstb	; optimization 6
   0305 10 27 FF 81   [ 6]  537 	lbeq	L9
   0309 32 65         [ 5]  538 	leas	5,s
   030B 39            [ 5]  539 	rts
                            540 	.area .bss
                            541 	.globl	_bullets
   0000                     542 _bullets:	.blkb	60
ASxxxx Assembler V05.00  (Motorola 6809), page 1.
Hexidecimal [16-Bits]

Symbol Table

    .__.$$$.       =   2710 L   |     .__.ABS.       =   0000 G
    .__.CPU.       =   0000 L   |     .__.H$L.       =   0001 L
  2 L2                 027B R   |   2 L3                 0228 R
  2 L6                 0302 R   |   2 L7                 02F5 R
  2 L8                 02FF R   |   2 L9                 028A R
  2 LC0                01DC R   |   2 LC1                01E2 R
  2 _MAX_LEVELS        0000 GR  |     _Sync              **** GX
    _Vec_Buttons       **** GX  |     __Do_Sound         **** GX
    __Explosion_Sn     **** GX  |     __Init_Music_c     **** GX
    ___DP_to_C8        **** GX  |     ___Intensity_5     **** GX
    ___Read_Btns       **** GX  |     ___Wait_Recal      **** GX
  4 _bullets           0000 GR  |     _check_AllEnem     **** GX
    _current_explo     **** GX  |     _current_game      **** GX
    _current_music     **** GX  |   3 _current_wave      0000 GR
    _draw_bullets      **** GX  |     _handle_enemie     **** GX
    _handle_player     **** GX  |     _handle_tower      **** GX
    _init_bullets      **** GX  |     _init_enemies      **** GX
    _player            **** GX  |     _print_string      **** GX
    _print_unsigne     **** GX  |     _tower             **** GX
  2 _waveData          0001 GR  |   2 _wave_init         01E9 GR
  2 _wave_play         0285 GR

ASxxxx Assembler V05.00  (Motorola 6809), page 2.
Hexidecimal [16-Bits]

Area Table

[_CSEG]
   0 _CODE            size    0   flags C080
   2 .text            size  30C   flags  100
   3 .data            size    6   flags  100
   4 .bss             size   3C   flags    0
[_DSEG]
   1 _DATA            size    0   flags C0C0

